<?xml version="1.0" encoding="UTF-8"?><testsuites failures="41" name="dependency-check" tests="101"><testsuite failures="0" id="0" name="/var/m2/repository/org/codehaus/mojo/animal-sniffer-annotations/1.14/animal-sniffer-annotations-1.14.jar" package="animal-sniffer-annotations-1.14.jar" skipped="0" tests="1" timestamp="2021-03-13T13:45:20.041"><testcase classname="dependency-check" name="animal-sniffer-annotations-1.14.jar"/></testsuite><testsuite failures="0" id="1" name="/var/m2/repository/antlr/antlr/2.7.2/antlr-2.7.2.jar" package="antlr-2.7.2.jar" skipped="0" tests="1" timestamp="2021-03-13T13:45:20.041"><testcase classname="dependency-check" name="antlr-2.7.2.jar"/></testsuite><testsuite failures="0" id="2" name="/var/m2/repository/aopalliance/aopalliance/1.0/aopalliance-1.0.jar" package="aopalliance-1.0.jar" skipped="0" tests="1" timestamp="2021-03-13T13:45:20.041"><testcase classname="dependency-check" name="aopalliance-1.0.jar"/></testsuite><testsuite failures="0" id="3" name="/var/m2/repository/javax/enterprise/cdi-api/1.0/cdi-api-1.0.jar" package="cdi-api-1.0.jar" skipped="0" tests="1" timestamp="2021-03-13T13:45:20.041"><testcase classname="dependency-check" name="cdi-api-1.0.jar"/></testsuite><testsuite failures="0" id="4" name="/var/m2/repository/org/checkerframework/checker-compat-qual/2.0.0/checker-compat-qual-2.0.0.jar" package="checker-compat-qual-2.0.0.jar" skipped="0" tests="1" timestamp="2021-03-13T13:45:20.041"><testcase classname="dependency-check" name="checker-compat-qual-2.0.0.jar"/></testsuite><testsuite failures="0" id="5" name="/var/m2/repository/org/checkerframework/checker-qual/3.5.0/checker-qual-3.5.0.jar" package="checker-qual-3.5.0.jar" skipped="0" tests="1" timestamp="2021-03-13T13:45:20.041"><testcase classname="dependency-check" name="checker-qual-3.5.0.jar"/></testsuite><testsuite failures="2" id="6" name="/var/m2/repository/commons-beanutils/commons-beanutils/1.7.0/commons-beanutils-1.7.0.jar" package="commons-beanutils-1.7.0.jar" skipped="0" tests="2" timestamp="2021-03-13T13:45:20.041"><testcase classname="CVE-2014-0114" name="pkg:maven/commons-beanutils/commons-beanutils@1.7.0"><failure message="cvssV2: HIGH, score: 7.5 (/AV:N/AC:L/Au:N/C:P/I:P/A:P)"/><system-out>Apache Commons BeanUtils, as distributed in lib/commons-beanutils-1.8.0.jar in Apache Struts 1.x through 1.3.10 and in other products requiring commons-beanutils through 1.9.2, does not suppress the class property, which allows remote attackers to &quot;manipulate&quot; the ClassLoader and execute arbitrary code via the class parameter, as demonstrated by the passing of this parameter to the getClass method of the ActionForm object in Struts 1.</system-out><system-err>location: /var/m2/repository/commons-beanutils/commons-beanutils/1.7.0/commons-beanutils-1.7.0.jar</system-err></testcase><testcase classname="CVE-2019-10086" name="pkg:maven/commons-beanutils/commons-beanutils@1.7.0"><failure message="cvssV3: HIGH, score: 7.3 (CVSS:3.1/AV:N/AC:L/PR:N/UI:N/S:U/C:L/I:L/A:L)"/><system-out>In Apache Commons Beanutils 1.9.2, a special BeanIntrospector class was added which allows suppressing the ability for an attacker to access the classloader via the class property available on all Java objects. We, however were not using this by default characteristic of the PropertyUtilsBean.</system-out><system-err>location: /var/m2/repository/commons-beanutils/commons-beanutils/1.7.0/commons-beanutils-1.7.0.jar</system-err></testcase></testsuite><testsuite failures="0" id="7" name="/var/m2/repository/commons-chain/commons-chain/1.1/commons-chain-1.1.jar" package="commons-chain-1.1.jar" skipped="0" tests="1" timestamp="2021-03-13T13:45:20.041"><testcase classname="dependency-check" name="commons-chain-1.1.jar"/></testsuite><testsuite failures="0" id="8" name="/var/m2/repository/commons-codec/commons-codec/1.3/commons-codec-1.3.jar" package="commons-codec-1.3.jar" skipped="0" tests="1" timestamp="2021-03-13T13:45:20.041"><testcase classname="dependency-check" name="commons-codec-1.3.jar"/></testsuite><testsuite failures="2" id="9" name="/var/m2/repository/commons-collections/commons-collections/3.2.1/commons-collections-3.2.1.jar" package="commons-collections-3.2.1.jar" skipped="0" tests="2" timestamp="2021-03-13T13:45:20.041"><testcase classname="CVE-2015-6420" name="pkg:maven/commons-collections/commons-collections@3.2.1"><failure message="cvssV2: HIGH, score: 7.5 (/AV:N/AC:L/Au:N/C:P/I:P/A:P)"/><system-out>Serialized-object interfaces in certain Cisco Collaboration and Social Media; Endpoint Clients and Client Software; Network Application, Service, and Acceleration; Network and Content Security Devices; Network Management and Provisioning; Routing and Switching - Enterprise and Service Provider; Unified Computing; Voice and Unified Communications Devices; Video, Streaming, TelePresence, and Transcoding Devices; Wireless; and Cisco Hosted Services products allow remote attackers to execute arbitrary commands via a crafted serialized Java object, related to the Apache Commons Collections (ACC) library.</system-out><system-err>location: /var/m2/repository/commons-collections/commons-collections/3.2.1/commons-collections-3.2.1.jar</system-err></testcase><testcase classname="CVE-2017-15708" name="pkg:maven/commons-collections/commons-collections@3.2.1"><failure message="cvssV3: CRITICAL, score: 9.8 (CVSS:3.0/AV:N/AC:L/PR:N/UI:N/S:U/C:H/I:H/A:H)"/><system-out>In Apache Synapse, by default no authentication is required for Java Remote Method Invocation (RMI). So Apache Synapse 3.0.1 or all previous releases (3.0.0, 2.1.0, 2.0.0, 1.2, 1.1.2, 1.1.1) allows remote code execution attacks that can be performed by injecting specially crafted serialized objects. And the presence of Apache Commons Collections 3.2.1 (commons-collections-3.2.1.jar) or previous versions in Synapse distribution makes this exploitable. To mitigate the issue, we need to limit RMI access to trusted users only. Further upgrading to 3.0.1 version will eliminate the risk of having said Commons Collection version. In Synapse 3.0.1, Commons Collection has been updated to 3.2.2 version.</system-out><system-err>location: /var/m2/repository/commons-collections/commons-collections/3.2.1/commons-collections-3.2.1.jar</system-err></testcase></testsuite><testsuite failures="0" id="10" name="/var/m2/repository/commons-digester/commons-digester/1.8/commons-digester-1.8.jar" package="commons-digester-1.8.jar" skipped="0" tests="1" timestamp="2021-03-13T13:45:20.041"><testcase classname="dependency-check" name="commons-digester-1.8.jar"/></testsuite><testsuite failures="0" id="11" name="/var/m2/repository/commons-io/commons-io/2.2/commons-io-2.2.jar" package="commons-io-2.2.jar" skipped="0" tests="1" timestamp="2021-03-13T13:45:20.041"><testcase classname="dependency-check" name="commons-io-2.2.jar"/></testsuite><testsuite failures="0" id="12" name="/var/m2/repository/commons-lang/commons-lang/2.4/commons-lang-2.4.jar" package="commons-lang-2.4.jar" skipped="0" tests="1" timestamp="2021-03-13T13:45:20.041"><testcase classname="dependency-check" name="commons-lang-2.4.jar"/></testsuite><testsuite failures="0" id="13" name="/var/m2/repository/org/apache/commons/commons-lang3/3.8.1/commons-lang3-3.8.1.jar" package="commons-lang3-3.8.1.jar" skipped="0" tests="1" timestamp="2021-03-13T13:45:20.041"><testcase classname="dependency-check" name="commons-lang3-3.8.1.jar"/></testsuite><testsuite failures="0" id="14" name="/var/m2/repository/commons-logging/commons-logging/1.1.1/commons-logging-1.1.1.jar" package="commons-logging-1.1.1.jar" skipped="0" tests="1" timestamp="2021-03-13T13:45:20.041"><testcase classname="dependency-check" name="commons-logging-1.1.1.jar"/></testsuite><testsuite failures="0" id="15" name="/var/m2/repository/commons-validator/commons-validator/1.3.1/commons-validator-1.3.1.jar" package="commons-validator-1.3.1.jar" skipped="0" tests="1" timestamp="2021-03-13T13:45:20.041"><testcase classname="dependency-check" name="commons-validator-1.3.1.jar"/></testsuite><testsuite failures="0" id="16" name="/var/m2/repository/commons-validator/commons-validator/1.3.1/commons-validator-1.3.1.jar/org/apache/commons/validator/javascript/validateByte-compress.js" package="commons-validator-1.3.1.jar: validateByte-compress.js" skipped="0" tests="1" timestamp="2021-03-13T13:45:20.041"><testcase classname="dependency-check" name="commons-validator-1.3.1.jar: validateByte-compress.js"/></testsuite><testsuite failures="0" id="17" name="/var/m2/repository/commons-validator/commons-validator/1.3.1/commons-validator-1.3.1.jar/org/apache/commons/validator/javascript/validateByte.js" package="commons-validator-1.3.1.jar: validateByte.js" skipped="0" tests="1" timestamp="2021-03-13T13:45:20.041"><testcase classname="dependency-check" name="commons-validator-1.3.1.jar: validateByte.js"/></testsuite><testsuite failures="0" id="18" name="/var/m2/repository/commons-validator/commons-validator/1.3.1/commons-validator-1.3.1.jar/org/apache/commons/validator/javascript/validateCreditCard-compress.js" package="commons-validator-1.3.1.jar: validateCreditCard-compress.js" skipped="0" tests="1" timestamp="2021-03-13T13:45:20.041"><testcase classname="dependency-check" name="commons-validator-1.3.1.jar: validateCreditCard-compress.js"/></testsuite><testsuite failures="0" id="19" name="/var/m2/repository/commons-validator/commons-validator/1.3.1/commons-validator-1.3.1.jar/org/apache/commons/validator/javascript/validateCreditCard.js" package="commons-validator-1.3.1.jar: validateCreditCard.js" skipped="0" tests="1" timestamp="2021-03-13T13:45:20.041"><testcase classname="dependency-check" name="commons-validator-1.3.1.jar: validateCreditCard.js"/></testsuite><testsuite failures="0" id="20" name="/var/m2/repository/commons-validator/commons-validator/1.3.1/commons-validator-1.3.1.jar/org/apache/commons/validator/javascript/validateDate-compress.js" package="commons-validator-1.3.1.jar: validateDate-compress.js" skipped="0" tests="1" timestamp="2021-03-13T13:45:20.041"><testcase classname="dependency-check" name="commons-validator-1.3.1.jar: validateDate-compress.js"/></testsuite><testsuite failures="0" id="21" name="/var/m2/repository/commons-validator/commons-validator/1.3.1/commons-validator-1.3.1.jar/org/apache/commons/validator/javascript/validateDate.js" package="commons-validator-1.3.1.jar: validateDate.js" skipped="0" tests="1" timestamp="2021-03-13T13:45:20.041"><testcase classname="dependency-check" name="commons-validator-1.3.1.jar: validateDate.js"/></testsuite><testsuite failures="0" id="22" name="/var/m2/repository/commons-validator/commons-validator/1.3.1/commons-validator-1.3.1.jar/org/apache/commons/validator/javascript/validateEmail-compress.js" package="commons-validator-1.3.1.jar: validateEmail-compress.js" skipped="0" tests="1" timestamp="2021-03-13T13:45:20.041"><testcase classname="dependency-check" name="commons-validator-1.3.1.jar: validateEmail-compress.js"/></testsuite><testsuite failures="0" id="23" name="/var/m2/repository/commons-validator/commons-validator/1.3.1/commons-validator-1.3.1.jar/org/apache/commons/validator/javascript/validateEmail.js" package="commons-validator-1.3.1.jar: validateEmail.js" skipped="0" tests="1" timestamp="2021-03-13T13:45:20.041"><testcase classname="dependency-check" name="commons-validator-1.3.1.jar: validateEmail.js"/></testsuite><testsuite failures="0" id="24" name="/var/m2/repository/commons-validator/commons-validator/1.3.1/commons-validator-1.3.1.jar/org/apache/commons/validator/javascript/validateFloat-compress.js" package="commons-validator-1.3.1.jar: validateFloat-compress.js" skipped="0" tests="1" timestamp="2021-03-13T13:45:20.041"><testcase classname="dependency-check" name="commons-validator-1.3.1.jar: validateFloat-compress.js"/></testsuite><testsuite failures="0" id="25" name="/var/m2/repository/commons-validator/commons-validator/1.3.1/commons-validator-1.3.1.jar/org/apache/commons/validator/javascript/validateFloat.js" package="commons-validator-1.3.1.jar: validateFloat.js" skipped="0" tests="1" timestamp="2021-03-13T13:45:20.041"><testcase classname="dependency-check" name="commons-validator-1.3.1.jar: validateFloat.js"/></testsuite><testsuite failures="0" id="26" name="/var/m2/repository/commons-validator/commons-validator/1.3.1/commons-validator-1.3.1.jar/org/apache/commons/validator/javascript/validateFloatRange-compress.js" package="commons-validator-1.3.1.jar: validateFloatRange-compress.js" skipped="0" tests="1" timestamp="2021-03-13T13:45:20.041"><testcase classname="dependency-check" name="commons-validator-1.3.1.jar: validateFloatRange-compress.js"/></testsuite><testsuite failures="0" id="27" name="/var/m2/repository/commons-validator/commons-validator/1.3.1/commons-validator-1.3.1.jar/org/apache/commons/validator/javascript/validateFloatRange.js" package="commons-validator-1.3.1.jar: validateFloatRange.js" skipped="0" tests="1" timestamp="2021-03-13T13:45:20.041"><testcase classname="dependency-check" name="commons-validator-1.3.1.jar: validateFloatRange.js"/></testsuite><testsuite failures="0" id="28" name="/var/m2/repository/commons-validator/commons-validator/1.3.1/commons-validator-1.3.1.jar/org/apache/commons/validator/javascript/validateIntRange-compress.js" package="commons-validator-1.3.1.jar: validateIntRange-compress.js" skipped="0" tests="1" timestamp="2021-03-13T13:45:20.041"><testcase classname="dependency-check" name="commons-validator-1.3.1.jar: validateIntRange-compress.js"/></testsuite><testsuite failures="0" id="29" name="/var/m2/repository/commons-validator/commons-validator/1.3.1/commons-validator-1.3.1.jar/org/apache/commons/validator/javascript/validateIntRange.js" package="commons-validator-1.3.1.jar: validateIntRange.js" skipped="0" tests="1" timestamp="2021-03-13T13:45:20.041"><testcase classname="dependency-check" name="commons-validator-1.3.1.jar: validateIntRange.js"/></testsuite><testsuite failures="0" id="30" name="/var/m2/repository/commons-validator/commons-validator/1.3.1/commons-validator-1.3.1.jar/org/apache/commons/validator/javascript/validateInteger-compress.js" package="commons-validator-1.3.1.jar: validateInteger-compress.js" skipped="0" tests="1" timestamp="2021-03-13T13:45:20.041"><testcase classname="dependency-check" name="commons-validator-1.3.1.jar: validateInteger-compress.js"/></testsuite><testsuite failures="0" id="31" name="/var/m2/repository/commons-validator/commons-validator/1.3.1/commons-validator-1.3.1.jar/org/apache/commons/validator/javascript/validateInteger.js" package="commons-validator-1.3.1.jar: validateInteger.js" skipped="0" tests="1" timestamp="2021-03-13T13:45:20.041"><testcase classname="dependency-check" name="commons-validator-1.3.1.jar: validateInteger.js"/></testsuite><testsuite failures="0" id="32" name="/var/m2/repository/commons-validator/commons-validator/1.3.1/commons-validator-1.3.1.jar/org/apache/commons/validator/javascript/validateMask-compress.js" package="commons-validator-1.3.1.jar: validateMask-compress.js" skipped="0" tests="1" timestamp="2021-03-13T13:45:20.041"><testcase classname="dependency-check" name="commons-validator-1.3.1.jar: validateMask-compress.js"/></testsuite><testsuite failures="0" id="33" name="/var/m2/repository/commons-validator/commons-validator/1.3.1/commons-validator-1.3.1.jar/org/apache/commons/validator/javascript/validateMask.js" package="commons-validator-1.3.1.jar: validateMask.js" skipped="0" tests="1" timestamp="2021-03-13T13:45:20.041"><testcase classname="dependency-check" name="commons-validator-1.3.1.jar: validateMask.js"/></testsuite><testsuite failures="0" id="34" name="/var/m2/repository/commons-validator/commons-validator/1.3.1/commons-validator-1.3.1.jar/org/apache/commons/validator/javascript/validateMaxLength-compress.js" package="commons-validator-1.3.1.jar: validateMaxLength-compress.js" skipped="0" tests="1" timestamp="2021-03-13T13:45:20.041"><testcase classname="dependency-check" name="commons-validator-1.3.1.jar: validateMaxLength-compress.js"/></testsuite><testsuite failures="0" id="35" name="/var/m2/repository/commons-validator/commons-validator/1.3.1/commons-validator-1.3.1.jar/org/apache/commons/validator/javascript/validateMaxLength.js" package="commons-validator-1.3.1.jar: validateMaxLength.js" skipped="0" tests="1" timestamp="2021-03-13T13:45:20.041"><testcase classname="dependency-check" name="commons-validator-1.3.1.jar: validateMaxLength.js"/></testsuite><testsuite failures="0" id="36" name="/var/m2/repository/commons-validator/commons-validator/1.3.1/commons-validator-1.3.1.jar/org/apache/commons/validator/javascript/validateMinLength-compress.js" package="commons-validator-1.3.1.jar: validateMinLength-compress.js" skipped="0" tests="1" timestamp="2021-03-13T13:45:20.041"><testcase classname="dependency-check" name="commons-validator-1.3.1.jar: validateMinLength-compress.js"/></testsuite><testsuite failures="0" id="37" name="/var/m2/repository/commons-validator/commons-validator/1.3.1/commons-validator-1.3.1.jar/org/apache/commons/validator/javascript/validateMinLength.js" package="commons-validator-1.3.1.jar: validateMinLength.js" skipped="0" tests="1" timestamp="2021-03-13T13:45:20.041"><testcase classname="dependency-check" name="commons-validator-1.3.1.jar: validateMinLength.js"/></testsuite><testsuite failures="0" id="38" name="/var/m2/repository/commons-validator/commons-validator/1.3.1/commons-validator-1.3.1.jar/org/apache/commons/validator/javascript/validateRequired-compress.js" package="commons-validator-1.3.1.jar: validateRequired-compress.js" skipped="0" tests="1" timestamp="2021-03-13T13:45:20.041"><testcase classname="dependency-check" name="commons-validator-1.3.1.jar: validateRequired-compress.js"/></testsuite><testsuite failures="0" id="39" name="/var/m2/repository/commons-validator/commons-validator/1.3.1/commons-validator-1.3.1.jar/org/apache/commons/validator/javascript/validateRequired.js" package="commons-validator-1.3.1.jar: validateRequired.js" skipped="0" tests="1" timestamp="2021-03-13T13:45:20.041"><testcase classname="dependency-check" name="commons-validator-1.3.1.jar: validateRequired.js"/></testsuite><testsuite failures="0" id="40" name="/var/m2/repository/commons-validator/commons-validator/1.3.1/commons-validator-1.3.1.jar/org/apache/commons/validator/javascript/validateShort-compress.js" package="commons-validator-1.3.1.jar: validateShort-compress.js" skipped="0" tests="1" timestamp="2021-03-13T13:45:20.041"><testcase classname="dependency-check" name="commons-validator-1.3.1.jar: validateShort-compress.js"/></testsuite><testsuite failures="0" id="41" name="/var/m2/repository/commons-validator/commons-validator/1.3.1/commons-validator-1.3.1.jar/org/apache/commons/validator/javascript/validateShort.js" package="commons-validator-1.3.1.jar: validateShort.js" skipped="0" tests="1" timestamp="2021-03-13T13:45:20.041"><testcase classname="dependency-check" name="commons-validator-1.3.1.jar: validateShort.js"/></testsuite><testsuite failures="0" id="42" name="/var/m2/repository/commons-validator/commons-validator/1.3.1/commons-validator-1.3.1.jar/org/apache/commons/validator/javascript/validateUtilities-compress.js" package="commons-validator-1.3.1.jar: validateUtilities-compress.js" skipped="0" tests="1" timestamp="2021-03-13T13:45:20.041"><testcase classname="dependency-check" name="commons-validator-1.3.1.jar: validateUtilities-compress.js"/></testsuite><testsuite failures="0" id="43" name="/var/m2/repository/commons-validator/commons-validator/1.3.1/commons-validator-1.3.1.jar/org/apache/commons/validator/javascript/validateUtilities.js" package="commons-validator-1.3.1.jar: validateUtilities.js" skipped="0" tests="1" timestamp="2021-03-13T13:45:20.041"><testcase classname="dependency-check" name="commons-validator-1.3.1.jar: validateUtilities.js"/></testsuite><testsuite failures="0" id="44" name="/var/m2/repository/org/apache/derby/derby/10.14.2.0/derby-10.14.2.0.jar" package="derby-10.14.2.0.jar" skipped="0" tests="1" timestamp="2021-03-13T13:45:20.041"><testcase classname="dependency-check" name="derby-10.14.2.0.jar"/></testsuite><testsuite failures="0" id="45" name="/var/m2/repository/dom4j/dom4j/1.1/dom4j-1.1.jar" package="dom4j-1.1.jar" skipped="0" tests="1" timestamp="2021-03-13T13:45:20.041"><testcase classname="dependency-check" name="dom4j-1.1.jar"/></testsuite><testsuite failures="0" id="46" name="/var/m2/repository/org/apache/maven/doxia/doxia-core/1.7/doxia-core-1.7.jar" package="doxia-core-1.7.jar" skipped="0" tests="1" timestamp="2021-03-13T13:45:20.041"><testcase classname="dependency-check" name="doxia-core-1.7.jar"/></testsuite><testsuite failures="0" id="47" name="/var/m2/repository/org/apache/maven/doxia/doxia-decoration-model/1.7.4/doxia-decoration-model-1.7.4.jar" package="doxia-decoration-model-1.7.4.jar" skipped="0" tests="1" timestamp="2021-03-13T13:45:20.041"><testcase classname="dependency-check" name="doxia-decoration-model-1.7.4.jar"/></testsuite><testsuite failures="0" id="48" name="/var/m2/repository/org/apache/maven/doxia/doxia-logging-api/1.7/doxia-logging-api-1.7.jar" package="doxia-logging-api-1.7.jar" skipped="0" tests="1" timestamp="2021-03-13T13:45:20.041"><testcase classname="dependency-check" name="doxia-logging-api-1.7.jar"/></testsuite><testsuite failures="0" id="49" name="/var/m2/repository/org/apache/maven/doxia/doxia-module-xhtml/1.7/doxia-module-xhtml-1.7.jar" package="doxia-module-xhtml-1.7.jar" skipped="0" tests="1" timestamp="2021-03-13T13:45:20.041"><testcase classname="dependency-check" name="doxia-module-xhtml-1.7.jar"/></testsuite><testsuite failures="0" id="50" name="/var/m2/repository/org/apache/maven/doxia/doxia-sink-api/1.7/doxia-sink-api-1.7.jar" package="doxia-sink-api-1.7.jar" skipped="0" tests="1" timestamp="2021-03-13T13:45:20.041"><testcase classname="dependency-check" name="doxia-sink-api-1.7.jar"/></testsuite><testsuite failures="0" id="51" name="/var/m2/repository/org/apache/maven/doxia/doxia-site-renderer/1.7.4/doxia-site-renderer-1.7.4.jar" package="doxia-site-renderer-1.7.4.jar" skipped="0" tests="1" timestamp="2021-03-13T13:45:20.041"><testcase classname="dependency-check" name="doxia-site-renderer-1.7.4.jar"/></testsuite><testsuite failures="0" id="52" name="/var/m2/repository/org/apache/maven/doxia/doxia-skin-model/1.7.4/doxia-skin-model-1.7.4.jar" package="doxia-skin-model-1.7.4.jar" skipped="0" tests="1" timestamp="2021-03-13T13:45:20.041"><testcase classname="dependency-check" name="doxia-skin-model-1.7.4.jar"/></testsuite><testsuite failures="0" id="53" name="/var/m2/repository/com/google/errorprone/error_prone_annotations/2.1.3/error_prone_annotations-2.1.3.jar" package="error_prone_annotations-2.1.3.jar" skipped="0" tests="1" timestamp="2021-03-13T13:45:20.041"><testcase classname="dependency-check" name="error_prone_annotations-2.1.3.jar"/></testsuite><testsuite failures="1" id="54" name="/var/m2/repository/com/google/guava/guava/25.1-android/guava-25.1-android.jar" package="guava-25.1-android.jar" skipped="0" tests="1" timestamp="2021-03-13T13:45:20.041"><testcase classname="CVE-2020-8908" name="pkg:maven/com.google.guava/guava@25.1-android"><failure message="cvssV3: LOW, score: 3.3 (CVSS:3.1/AV:L/AC:L/PR:L/UI:N/S:U/C:L/I:N/A:N)"/><system-out>A temp directory creation vulnerability exists in all versions of Guava, allowing an attacker with access to the machine to potentially access data in a temporary directory created by the Guava API com.google.common.io.Files.createTempDir(). By default, on unix-like systems, the created directory is world-readable (readable by an attacker with access to the system). The method in question has been marked @Deprecated in versions 30.0 and later and should not be used. For Android developers, we recommend choosing a temporary directory API provided by Android, such as context.getCacheDir(). For other Java developers, we recommend migrating to the Java 7 API java.nio.file.Files.createTempDirectory() which explicitly configures permissions of 700, or configuring the Java runtime&apos;s java.io.tmpdir system property to point to a location whose permissions are appropriately configured.</system-out><system-err>location: /var/m2/repository/com/google/guava/guava/25.1-android/guava-25.1-android.jar</system-err></testcase></testsuite><testsuite failures="0" id="55" name="/var/m2/repository/com/google/inject/guice/4.2.1/guice-4.2.1-no_aop.jar" package="guice-4.2.1-no_aop.jar" skipped="0" tests="1" timestamp="2021-03-13T13:45:20.041"><testcase classname="dependency-check" name="guice-4.2.1-no_aop.jar"/></testsuite><testsuite failures="0" id="56" name="/var/m2/repository/org/hsqldb/hsqldb/2.5.1/hsqldb-2.5.1.jar" package="hsqldb-2.5.1.jar" skipped="0" tests="1" timestamp="2021-03-13T13:45:20.041"><testcase classname="dependency-check" name="hsqldb-2.5.1.jar"/></testsuite><testsuite failures="2" id="57" name="/var/m2/repository/org/apache/httpcomponents/httpclient/4.0.2/httpclient-4.0.2.jar" package="httpclient-4.0.2.jar" skipped="0" tests="2" timestamp="2021-03-13T13:45:20.041"><testcase classname="CVE-2014-3577" name="pkg:maven/org.apache.httpcomponents/httpclient@4.0.2"><failure message="cvssV2: MEDIUM, score: 5.8 (/AV:N/AC:M/Au:N/C:P/I:P/A:N)"/><system-out>org.apache.http.conn.ssl.AbstractVerifier in Apache HttpComponents HttpClient before 4.3.5 and HttpAsyncClient before 4.0.2 does not properly verify that the server hostname matches a domain name in the subject&apos;s Common Name (CN) or subjectAltName field of the X.509 certificate, which allows man-in-the-middle attackers to spoof SSL servers via a &quot;CN=&quot; string in a field in the distinguished name (DN) of a certificate, as demonstrated by the &quot;foo,CN=www.apache.org&quot; string in the O field. &lt;a href=&quot;http://cwe.mitre.org/data/definitions/297.html&quot; rel=&quot;nofollow&quot;&gt;CWE-297: Improper Validation of Certificate with Host Mismatch&lt;/a&gt;</system-out><system-err>location: /var/m2/repository/org/apache/httpcomponents/httpclient/4.0.2/httpclient-4.0.2.jar</system-err></testcase><testcase classname="CVE-2020-13956" name="pkg:maven/org.apache.httpcomponents/httpclient@4.0.2"><failure message="cvssV3: MEDIUM, score: 5.3 (CVSS:3.1/AV:N/AC:L/PR:N/UI:N/S:U/C:N/I:L/A:N)"/><system-out>Apache HttpClient versions prior to version 4.5.13 and 5.0.3 can misinterpret malformed authority component in request URIs passed to the library as java.net.URI object and pick the wrong target host for request execution.</system-out><system-err>location: /var/m2/repository/org/apache/httpcomponents/httpclient/4.0.2/httpclient-4.0.2.jar</system-err></testcase></testsuite><testsuite failures="0" id="58" name="/var/m2/repository/org/apache/httpcomponents/httpcore/4.0.1/httpcore-4.0.1.jar" package="httpcore-4.0.1.jar" skipped="0" tests="1" timestamp="2021-03-13T13:45:20.041"><testcase classname="dependency-check" name="httpcore-4.0.1.jar"/></testsuite><testsuite failures="0" id="59" name="/var/m2/repository/com/google/j2objc/j2objc-annotations/1.1/j2objc-annotations-1.1.jar" package="j2objc-annotations-1.1.jar" skipped="0" tests="1" timestamp="2021-03-13T13:45:20.041"><testcase classname="dependency-check" name="j2objc-annotations-1.1.jar"/></testsuite><testsuite failures="0" id="60" name="/var/m2/repository/javax/inject/javax.inject/1/javax.inject-1.jar" package="javax.inject-1.jar" skipped="0" tests="1" timestamp="2021-03-13T13:45:20.041"><testcase classname="dependency-check" name="javax.inject-1.jar"/></testsuite><testsuite failures="6" id="61" name="/home/mprins/workspace/schemaspy-maven-plugin/target/checkout/src/main/resources/jquery.js" package="jquery.js" skipped="0" tests="6" timestamp="2021-03-13T13:45:20.041"><testcase classname="CVE-2011-4969" name="pkg:javascript/jquery@1.4.2"><failure message="cvssV2: MEDIUM, score: 4.3 (/AV:N/AC:M/Au:N/C:N/I:P/A:N)"/><system-out>Cross-site scripting (XSS) vulnerability in jQuery before 1.6.3, when using location.hash to select elements, allows remote attackers to inject arbitrary web script or HTML via a crafted tag.</system-out><system-err>location: /home/mprins/workspace/schemaspy-maven-plugin/target/checkout/src/main/resources/jquery.js</system-err></testcase><testcase classname="CVE-2012-6708" name="pkg:javascript/jquery@1.4.2"><failure message="cvssV3: MEDIUM, score: 6.1 (CVSS:3.0/AV:N/AC:L/PR:N/UI:R/S:C/C:L/I:L/A:N)"/><system-out>jQuery before 1.9.0 is vulnerable to Cross-site Scripting (XSS) attacks. The jQuery(strInput) function does not differentiate selectors from HTML in a reliable fashion. In vulnerable versions, jQuery determined whether the input was HTML by looking for the &apos;&lt;&apos; character anywhere in the string, giving attackers more flexibility when attempting to construct a malicious payload. In fixed versions, jQuery only deems the input to be HTML if it explicitly starts with the &apos;&lt;&apos; character, limiting exploitability only to attackers who can control the beginning of a string, which is far less common.</system-out><system-err>location: /home/mprins/workspace/schemaspy-maven-plugin/target/checkout/src/main/resources/jquery.js</system-err></testcase><testcase classname="CVE-2015-9251" name="pkg:javascript/jquery@1.4.2"><failure message="cvssV3: MEDIUM, score: 6.1 (CVSS:3.0/AV:N/AC:L/PR:N/UI:R/S:C/C:L/I:L/A:N)"/><system-out>jQuery before 3.0.0 is vulnerable to Cross-site Scripting (XSS) attacks when a cross-domain Ajax request is performed without the dataType option, causing text/javascript responses to be executed.</system-out><system-err>location: /home/mprins/workspace/schemaspy-maven-plugin/target/checkout/src/main/resources/jquery.js</system-err></testcase><testcase classname="CVE-2019-11358" name="pkg:javascript/jquery@1.4.2"><failure message="cvssV3: MEDIUM, score: 6.1 (CVSS:3.0/AV:N/AC:L/PR:N/UI:R/S:C/C:L/I:L/A:N)"/><system-out>jQuery before 3.4.0, as used in Drupal, Backdrop CMS, and other products, mishandles jQuery.extend(true, {}, ...) because of Object.prototype pollution. If an unsanitized source object contained an enumerable __proto__ property, it could extend the native Object.prototype.</system-out><system-err>location: /home/mprins/workspace/schemaspy-maven-plugin/target/checkout/src/main/resources/jquery.js</system-err></testcase><testcase classname="CVE-2020-11022" name="pkg:javascript/jquery@1.4.2"><failure message="cvssV3: MEDIUM, score: 6.1 (CVSS:3.1/AV:N/AC:L/PR:N/UI:R/S:C/C:L/I:L/A:N)"/><system-out>In jQuery versions greater than or equal to 1.2 and before 3.5.0, passing HTML from untrusted sources - even after sanitizing it - to one of jQuery&apos;s DOM manipulation methods (i.e. .html(), .append(), and others) may execute untrusted code. This problem is patched in jQuery 3.5.0.</system-out><system-err>location: /home/mprins/workspace/schemaspy-maven-plugin/target/checkout/src/main/resources/jquery.js</system-err></testcase><testcase classname="CVE-2020-11023" name="pkg:javascript/jquery@1.4.2"><failure message="cvssV3: MEDIUM, score: 6.1 (CVSS:3.1/AV:N/AC:L/PR:N/UI:R/S:C/C:L/I:L/A:N)"/><system-out>In jQuery versions greater than or equal to 1.0.3 and before 3.5.0, passing HTML containing &lt;option&gt; elements from untrusted sources - even after sanitizing it - to one of jQuery&apos;s DOM manipulation methods (i.e. .html(), .append(), and others) may execute untrusted code. This problem is patched in jQuery 3.5.0.</system-out><system-err>location: /home/mprins/workspace/schemaspy-maven-plugin/target/checkout/src/main/resources/jquery.js</system-err></testcase></testsuite><testsuite failures="0" id="62" name="/var/m2/repository/javax/annotation/jsr250-api/1.0/jsr250-api-1.0.jar" package="jsr250-api-1.0.jar" skipped="0" tests="1" timestamp="2021-03-13T13:45:20.041"><testcase classname="dependency-check" name="jsr250-api-1.0.jar"/></testsuite><testsuite failures="0" id="63" name="/var/m2/repository/com/google/code/findbugs/jsr305/3.0.2/jsr305-3.0.2.jar" package="jsr305-3.0.2.jar" skipped="0" tests="1" timestamp="2021-03-13T13:45:20.041"><testcase classname="dependency-check" name="jsr305-3.0.2.jar"/></testsuite><testsuite failures="0" id="64" name="/var/m2/repository/org/apache/maven/maven-artifact/3.6.3/maven-artifact-3.6.3.jar" package="maven-artifact-3.6.3.jar" skipped="0" tests="1" timestamp="2021-03-13T13:45:20.041"><testcase classname="dependency-check" name="maven-artifact-3.6.3.jar"/></testsuite><testsuite failures="0" id="65" name="/var/m2/repository/org/apache/maven/maven-builder-support/3.6.3/maven-builder-support-3.6.3.jar" package="maven-builder-support-3.6.3.jar" skipped="0" tests="1" timestamp="2021-03-13T13:45:20.041"><testcase classname="dependency-check" name="maven-builder-support-3.6.3.jar"/></testsuite><testsuite failures="0" id="66" name="/var/m2/repository/org/apache/maven/maven-core/3.6.3/maven-core-3.6.3.jar" package="maven-core-3.6.3.jar" skipped="0" tests="1" timestamp="2021-03-13T13:45:20.041"><testcase classname="dependency-check" name="maven-core-3.6.3.jar"/></testsuite><testsuite failures="0" id="67" name="/var/m2/repository/org/apache/maven/maven-model/3.6.3/maven-model-3.6.3.jar" package="maven-model-3.6.3.jar" skipped="0" tests="1" timestamp="2021-03-13T13:45:20.041"><testcase classname="dependency-check" name="maven-model-3.6.3.jar"/></testsuite><testsuite failures="0" id="68" name="/var/m2/repository/org/apache/maven/maven-model-builder/3.6.3/maven-model-builder-3.6.3.jar" package="maven-model-builder-3.6.3.jar" skipped="0" tests="1" timestamp="2021-03-13T13:45:20.041"><testcase classname="dependency-check" name="maven-model-builder-3.6.3.jar"/></testsuite><testsuite failures="0" id="69" name="/var/m2/repository/org/apache/maven/plugin-tools/maven-plugin-annotations/3.6.0/maven-plugin-annotations-3.6.0.jar" package="maven-plugin-annotations-3.6.0.jar" skipped="0" tests="1" timestamp="2021-03-13T13:45:20.041"><testcase classname="dependency-check" name="maven-plugin-annotations-3.6.0.jar"/></testsuite><testsuite failures="0" id="70" name="/var/m2/repository/org/apache/maven/maven-plugin-api/3.6.3/maven-plugin-api-3.6.3.jar" package="maven-plugin-api-3.6.3.jar" skipped="0" tests="1" timestamp="2021-03-13T13:45:20.041"><testcase classname="dependency-check" name="maven-plugin-api-3.6.3.jar"/></testsuite><testsuite failures="0" id="71" name="/var/m2/repository/org/apache/maven/reporting/maven-reporting-api/3.0/maven-reporting-api-3.0.jar" package="maven-reporting-api-3.0.jar" skipped="0" tests="1" timestamp="2021-03-13T13:45:20.041"><testcase classname="dependency-check" name="maven-reporting-api-3.0.jar"/></testsuite><testsuite failures="0" id="72" name="/var/m2/repository/org/apache/maven/reporting/maven-reporting-impl/3.0.0/maven-reporting-impl-3.0.0.jar" package="maven-reporting-impl-3.0.0.jar" skipped="0" tests="1" timestamp="2021-03-13T13:45:20.041"><testcase classname="dependency-check" name="maven-reporting-impl-3.0.0.jar"/></testsuite><testsuite failures="0" id="73" name="/var/m2/repository/org/apache/maven/maven-repository-metadata/3.6.3/maven-repository-metadata-3.6.3.jar" package="maven-repository-metadata-3.6.3.jar" skipped="0" tests="1" timestamp="2021-03-13T13:45:20.041"><testcase classname="dependency-check" name="maven-repository-metadata-3.6.3.jar"/></testsuite><testsuite failures="0" id="74" name="/var/m2/repository/org/apache/maven/resolver/maven-resolver-api/1.4.1/maven-resolver-api-1.4.1.jar" package="maven-resolver-api-1.4.1.jar" skipped="0" tests="1" timestamp="2021-03-13T13:45:20.041"><testcase classname="dependency-check" name="maven-resolver-api-1.4.1.jar"/></testsuite><testsuite failures="0" id="75" name="/var/m2/repository/org/apache/maven/resolver/maven-resolver-impl/1.4.1/maven-resolver-impl-1.4.1.jar" package="maven-resolver-impl-1.4.1.jar" skipped="0" tests="1" timestamp="2021-03-13T13:45:20.041"><testcase classname="dependency-check" name="maven-resolver-impl-1.4.1.jar"/></testsuite><testsuite failures="0" id="76" name="/var/m2/repository/org/apache/maven/maven-resolver-provider/3.6.3/maven-resolver-provider-3.6.3.jar" package="maven-resolver-provider-3.6.3.jar" skipped="0" tests="1" timestamp="2021-03-13T13:45:20.041"><testcase classname="dependency-check" name="maven-resolver-provider-3.6.3.jar"/></testsuite><testsuite failures="0" id="77" name="/var/m2/repository/org/apache/maven/resolver/maven-resolver-spi/1.4.1/maven-resolver-spi-1.4.1.jar" package="maven-resolver-spi-1.4.1.jar" skipped="0" tests="1" timestamp="2021-03-13T13:45:20.041"><testcase classname="dependency-check" name="maven-resolver-spi-1.4.1.jar"/></testsuite><testsuite failures="0" id="78" name="/var/m2/repository/org/apache/maven/resolver/maven-resolver-util/1.4.1/maven-resolver-util-1.4.1.jar" package="maven-resolver-util-1.4.1.jar" skipped="0" tests="1" timestamp="2021-03-13T13:45:20.041"><testcase classname="dependency-check" name="maven-resolver-util-1.4.1.jar"/></testsuite><testsuite failures="0" id="79" name="/var/m2/repository/org/apache/maven/maven-settings/3.6.3/maven-settings-3.6.3.jar" package="maven-settings-3.6.3.jar" skipped="0" tests="1" timestamp="2021-03-13T13:45:20.041"><testcase classname="dependency-check" name="maven-settings-3.6.3.jar"/></testsuite><testsuite failures="0" id="80" name="/var/m2/repository/org/apache/maven/maven-settings-builder/3.6.3/maven-settings-builder-3.6.3.jar" package="maven-settings-builder-3.6.3.jar" skipped="0" tests="1" timestamp="2021-03-13T13:45:20.041"><testcase classname="dependency-check" name="maven-settings-builder-3.6.3.jar"/></testsuite><testsuite failures="0" id="81" name="/var/m2/repository/org/apache/maven/shared/maven-shared-utils/3.2.1/maven-shared-utils-3.2.1.jar" package="maven-shared-utils-3.2.1.jar" skipped="0" tests="1" timestamp="2021-03-13T13:45:20.041"><testcase classname="dependency-check" name="maven-shared-utils-3.2.1.jar"/></testsuite><testsuite failures="0" id="82" name="/var/m2/repository/com/microsoft/sqlserver/mssql-jdbc/9.2.1.jre8/mssql-jdbc-9.2.1.jre8.jar" package="mssql-jdbc-9.2.1.jre8.jar" skipped="0" tests="1" timestamp="2021-03-13T13:45:20.041"><testcase classname="dependency-check" name="mssql-jdbc-9.2.1.jre8.jar"/></testsuite><testsuite failures="0" id="83" name="/var/m2/repository/mysql/mysql-connector-java/8.0.23/mysql-connector-java-8.0.23.jar" package="mysql-connector-java-8.0.23.jar" skipped="0" tests="1" timestamp="2021-03-13T13:45:20.041"><testcase classname="dependency-check" name="mysql-connector-java-8.0.23.jar"/></testsuite><testsuite failures="0" id="84" name="/var/m2/repository/com/oracle/database/jdbc/ojdbc8/21.1.0.0/ojdbc8-21.1.0.0.jar" package="ojdbc8-21.1.0.0.jar" skipped="0" tests="1" timestamp="2021-03-13T13:45:20.041"><testcase classname="dependency-check" name="ojdbc8-21.1.0.0.jar"/></testsuite><testsuite failures="0" id="85" name="/var/m2/repository/org/eclipse/sisu/org.eclipse.sisu.inject/0.3.4/org.eclipse.sisu.inject-0.3.4.jar" package="org.eclipse.sisu.inject-0.3.4.jar" skipped="0" tests="1" timestamp="2021-03-13T13:45:20.041"><testcase classname="dependency-check" name="org.eclipse.sisu.inject-0.3.4.jar"/></testsuite><testsuite failures="0" id="86" name="/var/m2/repository/org/eclipse/sisu/org.eclipse.sisu.plexus/0.3.4/org.eclipse.sisu.plexus-0.3.4.jar" package="org.eclipse.sisu.plexus-0.3.4.jar" skipped="0" tests="1" timestamp="2021-03-13T13:45:20.041"><testcase classname="dependency-check" name="org.eclipse.sisu.plexus-0.3.4.jar"/></testsuite><testsuite failures="0" id="87" name="/var/m2/repository/oro/oro/2.0.8/oro-2.0.8.jar" package="oro-2.0.8.jar" skipped="0" tests="1" timestamp="2021-03-13T13:45:20.041"><testcase classname="dependency-check" name="oro-2.0.8.jar"/></testsuite><testsuite failures="0" id="88" name="/var/m2/repository/org/sonatype/plexus/plexus-cipher/1.4/plexus-cipher-1.4.jar" package="plexus-cipher-1.4.jar" skipped="0" tests="1" timestamp="2021-03-13T13:45:20.041"><testcase classname="dependency-check" name="plexus-cipher-1.4.jar"/></testsuite><testsuite failures="0" id="89" name="/var/m2/repository/org/codehaus/plexus/plexus-classworlds/2.6.0/plexus-classworlds-2.6.0.jar" package="plexus-classworlds-2.6.0.jar" skipped="0" tests="1" timestamp="2021-03-13T13:45:20.041"><testcase classname="dependency-check" name="plexus-classworlds-2.6.0.jar"/></testsuite><testsuite failures="0" id="90" name="/var/m2/repository/org/codehaus/plexus/plexus-component-annotations/2.1.0/plexus-component-annotations-2.1.0.jar" package="plexus-component-annotations-2.1.0.jar" skipped="0" tests="1" timestamp="2021-03-13T13:45:20.041"><testcase classname="dependency-check" name="plexus-component-annotations-2.1.0.jar"/></testsuite><testsuite failures="0" id="91" name="/var/m2/repository/org/codehaus/plexus/plexus-container-default/1.0-alpha-30/plexus-container-default-1.0-alpha-30.jar" package="plexus-container-default-1.0-alpha-30.jar" skipped="0" tests="1" timestamp="2021-03-13T13:45:20.041"><testcase classname="dependency-check" name="plexus-container-default-1.0-alpha-30.jar"/></testsuite><testsuite failures="0" id="92" name="/var/m2/repository/org/codehaus/plexus/plexus-container-default/1.0-alpha-30/plexus-container-default-1.0-alpha-30.jar/META-INF/maven/org.codehaus.plexus/plexus-component-api/pom.xml" package="plexus-container-default-1.0-alpha-30.jar (shaded: org.codehaus.plexus:plexus-component-api:1.0-alpha-30)" skipped="0" tests="1" timestamp="2021-03-13T13:45:20.041"><testcase classname="dependency-check" name="plexus-container-default-1.0-alpha-30.jar (shaded: org.codehaus.plexus:plexus-component-api:1.0-alpha-30)"/></testsuite><testsuite failures="0" id="93" name="/var/m2/repository/org/codehaus/plexus/plexus-i18n/1.0-beta-7/plexus-i18n-1.0-beta-7.jar" package="plexus-i18n-1.0-beta-7.jar" skipped="0" tests="1" timestamp="2021-03-13T13:45:20.041"><testcase classname="dependency-check" name="plexus-i18n-1.0-beta-7.jar"/></testsuite><testsuite failures="0" id="94" name="/var/m2/repository/org/codehaus/plexus/plexus-interpolation/1.25/plexus-interpolation-1.25.jar" package="plexus-interpolation-1.25.jar" skipped="0" tests="1" timestamp="2021-03-13T13:45:20.041"><testcase classname="dependency-check" name="plexus-interpolation-1.25.jar"/></testsuite><testsuite failures="0" id="95" name="/var/m2/repository/org/sonatype/plexus/plexus-sec-dispatcher/1.4/plexus-sec-dispatcher-1.4.jar" package="plexus-sec-dispatcher-1.4.jar" skipped="0" tests="1" timestamp="2021-03-13T13:45:20.041"><testcase classname="dependency-check" name="plexus-sec-dispatcher-1.4.jar"/></testsuite><testsuite failures="0" id="96" name="/var/m2/repository/org/codehaus/plexus/plexus-utils/3.2.1/plexus-utils-3.2.1.jar" package="plexus-utils-3.2.1.jar" skipped="0" tests="1" timestamp="2021-03-13T13:45:20.041"><testcase classname="dependency-check" name="plexus-utils-3.2.1.jar"/></testsuite><testsuite failures="0" id="97" name="/var/m2/repository/org/codehaus/plexus/plexus-velocity/1.2/plexus-velocity-1.2.jar" package="plexus-velocity-1.2.jar" skipped="0" tests="1" timestamp="2021-03-13T13:45:20.041"><testcase classname="dependency-check" name="plexus-velocity-1.2.jar"/></testsuite><testsuite failures="0" id="98" name="/var/m2/repository/org/postgresql/postgresql/42.2.19/postgresql-42.2.19.jar" package="postgresql-42.2.19.jar" skipped="0" tests="1" timestamp="2021-03-13T13:45:20.041"><testcase classname="dependency-check" name="postgresql-42.2.19.jar"/></testsuite><testsuite failures="0" id="99" name="/var/m2/repository/com/google/protobuf/protobuf-java/3.11.4/protobuf-java-3.11.4.jar" package="protobuf-java-3.11.4.jar" skipped="0" tests="1" timestamp="2021-03-13T13:45:20.041"><testcase classname="dependency-check" name="protobuf-java-3.11.4.jar"/></testsuite><testsuite failures="0" id="100" name="/home/mprins/workspace/schemaspy-maven-plugin/target/checkout/src/main/resources/schemaSpy.js" package="schemaSpy.js" skipped="0" tests="1" timestamp="2021-03-13T13:45:20.041"><testcase classname="dependency-check" name="schemaSpy.js"/></testsuite><testsuite failures="0" id="101" name="/var/m2/repository/org/slf4j/slf4j-api/1.7.30/slf4j-api-1.7.30.jar" package="slf4j-api-1.7.30.jar" skipped="0" tests="1" timestamp="2021-03-13T13:45:20.041"><testcase classname="dependency-check" name="slf4j-api-1.7.30.jar"/></testsuite><testsuite failures="0" id="102" name="/var/m2/repository/sslext/sslext/1.2-0/sslext-1.2-0.jar" package="sslext-1.2-0.jar" skipped="0" tests="1" timestamp="2021-03-13T13:45:20.041"><testcase classname="dependency-check" name="sslext-1.2-0.jar"/></testsuite><testsuite failures="20" id="103" name="/var/m2/repository/org/apache/struts/struts-core/1.3.8/struts-core-1.3.8.jar" package="struts-core-1.3.8.jar" skipped="0" tests="20" timestamp="2021-03-13T13:45:20.041"><testcase classname="CVE-2011-5057" name="pkg:maven/org.apache.struts/struts-core@1.3.8"><failure message="cvssV2: MEDIUM, score: 5.0 (/AV:N/AC:L/Au:N/C:N/I:P/A:N)"/><system-out>Apache Struts 2.3.1.1 and earlier provides interfaces that do not properly restrict access to collections such as the session and request collections, which might allow remote attackers to modify run-time data values via a crafted parameter to an application that implements an affected interface, as demonstrated by the SessionAware, RequestAware, ApplicationAware, ServletRequestAware, ServletResponseAware, and ParameterAware interfaces.  NOTE: the vendor disputes the significance of this report because of an &quot;easy work-around in existing apps by configuring the interceptor.&quot;</system-out><system-err>location: /var/m2/repository/org/apache/struts/struts-core/1.3.8/struts-core-1.3.8.jar</system-err></testcase><testcase classname="CVE-2012-0391" name="pkg:maven/org.apache.struts/struts-core@1.3.8"><failure message="cvssV2: HIGH, score: 9.3 (/AV:N/AC:M/Au:N/C:C/I:C/A:C)"/><system-out>The ExceptionDelegator component in Apache Struts before 2.2.3.1 interprets parameter values as OGNL expressions during certain exception handling for mismatched data types of properties, which allows remote attackers to execute arbitrary Java code via a crafted parameter.</system-out><system-err>location: /var/m2/repository/org/apache/struts/struts-core/1.3.8/struts-core-1.3.8.jar</system-err></testcase><testcase classname="CVE-2012-0392" name="pkg:maven/org.apache.struts/struts-core@1.3.8"><failure message="cvssV2: HIGH, score: 9.3 (/AV:N/AC:M/Au:N/C:C/I:C/A:C)"/><system-out>The CookieInterceptor component in Apache Struts before 2.3.1.1 does not use the parameter-name whitelist, which allows remote attackers to execute arbitrary commands via a crafted HTTP Cookie header that triggers Java code execution through a static method.</system-out><system-err>location: /var/m2/repository/org/apache/struts/struts-core/1.3.8/struts-core-1.3.8.jar</system-err></testcase><testcase classname="CVE-2012-0393" name="pkg:maven/org.apache.struts/struts-core@1.3.8"><failure message="cvssV2: MEDIUM, score: 6.4 (/AV:N/AC:L/Au:N/C:N/I:P/A:P)"/><system-out>The ParameterInterceptor component in Apache Struts before 2.3.1.1 does not prevent access to public constructors, which allows remote attackers to create or overwrite arbitrary files via a crafted parameter that triggers the creation of a Java object.</system-out><system-err>location: /var/m2/repository/org/apache/struts/struts-core/1.3.8/struts-core-1.3.8.jar</system-err></testcase><testcase classname="CVE-2012-0394" name="pkg:maven/org.apache.struts/struts-core@1.3.8"><failure message="cvssV2: MEDIUM, score: 6.8 (/AV:N/AC:M/Au:N/C:P/I:P/A:P)"/><system-out>** DISPUTED ** The DebuggingInterceptor component in Apache Struts before 2.3.1.1, when developer mode is used, allows remote attackers to execute arbitrary commands via unspecified vectors.  NOTE: the vendor characterizes this behavior as not &quot;a security vulnerability itself.&quot;</system-out><system-err>location: /var/m2/repository/org/apache/struts/struts-core/1.3.8/struts-core-1.3.8.jar</system-err></testcase><testcase classname="CVE-2012-0838" name="pkg:maven/org.apache.struts/struts-core@1.3.8"><failure message="cvssV2: HIGH, score: 10.0 (/AV:N/AC:L/Au:N/C:C/I:C/A:C)"/><system-out>Apache Struts 2 before 2.2.3.1 evaluates a string as an OGNL expression during the handling of a conversion error, which allows remote attackers to modify run-time data values, and consequently execute arbitrary code, via invalid input to a field.</system-out><system-err>location: /var/m2/repository/org/apache/struts/struts-core/1.3.8/struts-core-1.3.8.jar</system-err></testcase><testcase classname="CVE-2013-1965" name="pkg:maven/org.apache.struts/struts-core@1.3.8"><failure message="cvssV2: HIGH, score: 9.3 (/AV:N/AC:M/Au:N/C:C/I:C/A:C)"/><system-out>Apache Struts Showcase App 2.0.0 through 2.3.13, as used in Struts 2 before 2.3.14.1, allows remote attackers to execute arbitrary OGNL code via a crafted parameter name that is not properly handled when invoking a redirect.</system-out><system-err>location: /var/m2/repository/org/apache/struts/struts-core/1.3.8/struts-core-1.3.8.jar</system-err></testcase><testcase classname="CVE-2013-1966" name="pkg:maven/org.apache.struts/struts-core@1.3.8"><failure message="cvssV2: HIGH, score: 9.3 (/AV:N/AC:M/Au:N/C:C/I:C/A:C)"/><system-out>Apache Struts 2 before 2.3.14.1 allows remote attackers to execute arbitrary OGNL code via a crafted request that is not properly handled when using the includeParams attribute in the (1) URL or (2) A tag.</system-out><system-err>location: /var/m2/repository/org/apache/struts/struts-core/1.3.8/struts-core-1.3.8.jar</system-err></testcase><testcase classname="CVE-2013-2115" name="pkg:maven/org.apache.struts/struts-core@1.3.8"><failure message="cvssV2: HIGH, score: 9.3 (/AV:N/AC:M/Au:N/C:C/I:C/A:C)"/><system-out>Apache Struts 2 before 2.3.14.2 allows remote attackers to execute arbitrary OGNL code via a crafted request that is not properly handled when using the includeParams attribute in the (1) URL or (2) A tag. NOTE: this issue is due to an incomplete fix for CVE-2013-1966.</system-out><system-err>location: /var/m2/repository/org/apache/struts/struts-core/1.3.8/struts-core-1.3.8.jar</system-err></testcase><testcase classname="CVE-2013-2134" name="pkg:maven/org.apache.struts/struts-core@1.3.8"><failure message="cvssV2: HIGH, score: 9.3 (/AV:N/AC:M/Au:N/C:C/I:C/A:C)"/><system-out>Apache Struts 2 before 2.3.14.3 allows remote attackers to execute arbitrary OGNL code via a request with a crafted action name that is not properly handled during wildcard matching, a different vulnerability than CVE-2013-2135.</system-out><system-err>location: /var/m2/repository/org/apache/struts/struts-core/1.3.8/struts-core-1.3.8.jar</system-err></testcase><testcase classname="CVE-2013-2135" name="pkg:maven/org.apache.struts/struts-core@1.3.8"><failure message="cvssV2: HIGH, score: 9.3 (/AV:N/AC:M/Au:N/C:C/I:C/A:C)"/><system-out>Apache Struts 2 before 2.3.14.3 allows remote attackers to execute arbitrary OGNL code via a request with a crafted value that contains both &quot;${}&quot; and &quot;%{}&quot; sequences, which causes the OGNL code to be evaluated twice.</system-out><system-err>location: /var/m2/repository/org/apache/struts/struts-core/1.3.8/struts-core-1.3.8.jar</system-err></testcase><testcase classname="CVE-2014-0094" name="pkg:maven/org.apache.struts/struts-core@1.3.8"><failure message="cvssV2: MEDIUM, score: 5.0 (/AV:N/AC:L/Au:N/C:N/I:P/A:N)"/><system-out>The ParametersInterceptor in Apache Struts before 2.3.16.1 allows remote attackers to &quot;manipulate&quot; the ClassLoader via the class parameter, which is passed to the getClass method.</system-out><system-err>location: /var/m2/repository/org/apache/struts/struts-core/1.3.8/struts-core-1.3.8.jar</system-err></testcase><testcase classname="CVE-2014-0113" name="pkg:maven/org.apache.struts/struts-core@1.3.8"><failure message="cvssV2: HIGH, score: 7.5 (/AV:N/AC:L/Au:N/C:P/I:P/A:P)"/><system-out>CookieInterceptor in Apache Struts before 2.3.16.2, when a wildcard cookiesName value is used, does not properly restrict access to the getClass method, which allows remote attackers to &quot;manipulate&quot; the ClassLoader and execute arbitrary code via a crafted request.  NOTE: this vulnerability exists because of an incomplete fix for CVE-2014-0094.</system-out><system-err>location: /var/m2/repository/org/apache/struts/struts-core/1.3.8/struts-core-1.3.8.jar</system-err></testcase><testcase classname="CVE-2014-0114" name="pkg:maven/org.apache.struts/struts-core@1.3.8"><failure message="cvssV2: HIGH, score: 7.5 (/AV:N/AC:L/Au:N/C:P/I:P/A:P)"/><system-out>Apache Commons BeanUtils, as distributed in lib/commons-beanutils-1.8.0.jar in Apache Struts 1.x through 1.3.10 and in other products requiring commons-beanutils through 1.9.2, does not suppress the class property, which allows remote attackers to &quot;manipulate&quot; the ClassLoader and execute arbitrary code via the class parameter, as demonstrated by the passing of this parameter to the getClass method of the ActionForm object in Struts 1.</system-out><system-err>location: /var/m2/repository/org/apache/struts/struts-core/1.3.8/struts-core-1.3.8.jar</system-err></testcase><testcase classname="CVE-2015-0899" name="pkg:maven/org.apache.struts/struts-core@1.3.8"><failure message="cvssV3: HIGH, score: 7.5 (CVSS:3.0/AV:N/AC:L/PR:N/UI:N/S:U/C:N/I:H/A:N)"/><system-out>The MultiPageValidator implementation in Apache Struts 1 1.1 through 1.3.10 allows remote attackers to bypass intended access restrictions via a modified page parameter.</system-out><system-err>location: /var/m2/repository/org/apache/struts/struts-core/1.3.8/struts-core-1.3.8.jar</system-err></testcase><testcase classname="CVE-2015-2992" name="pkg:maven/org.apache.struts/struts-core@1.3.8"><failure message="cvssV3: MEDIUM, score: 6.1 (CVSS:/AV:N/AC:L/PR:N/UI:R/S:C/C:L/I:L/A:N)"/><system-out>Apache Struts before 2.3.20 has a cross-site scripting (XSS) vulnerability.</system-out><system-err>location: /var/m2/repository/org/apache/struts/struts-core/1.3.8/struts-core-1.3.8.jar</system-err></testcase><testcase classname="CVE-2016-0785" name="pkg:maven/org.apache.struts/struts-core@1.3.8"><failure message="cvssV3: HIGH, score: 8.8 (CVSS:/AV:N/AC:L/PR:L/UI:N/S:U/C:H/I:H/A:H)"/><system-out>Apache Struts 2.x before 2.3.28 allows remote attackers to execute arbitrary code via a &quot;%{}&quot; sequence in a tag attribute, aka forced double OGNL evaluation.</system-out><system-err>location: /var/m2/repository/org/apache/struts/struts-core/1.3.8/struts-core-1.3.8.jar</system-err></testcase><testcase classname="CVE-2016-1181" name="pkg:maven/org.apache.struts/struts-core@1.3.8"><failure message="cvssV3: HIGH, score: 8.1 (CVSS:3.0/AV:N/AC:H/PR:N/UI:N/S:U/C:H/I:H/A:H)"/><system-out>ActionServlet.java in Apache Struts 1 1.x through 1.3.10 mishandles multithreaded access to an ActionForm instance, which allows remote attackers to execute arbitrary code or cause a denial of service (unexpected memory access) via a multipart request, a related issue to CVE-2015-0899.</system-out><system-err>location: /var/m2/repository/org/apache/struts/struts-core/1.3.8/struts-core-1.3.8.jar</system-err></testcase><testcase classname="CVE-2016-1182" name="pkg:maven/org.apache.struts/struts-core@1.3.8"><failure message="cvssV3: HIGH, score: 8.2 (CVSS:3.0/AV:N/AC:L/PR:N/UI:N/S:U/C:N/I:L/A:H)"/><system-out>ActionServlet.java in Apache Struts 1 1.x through 1.3.10 does not properly restrict the Validator configuration, which allows remote attackers to conduct cross-site scripting (XSS) attacks or cause a denial of service via crafted input, a related issue to CVE-2015-0899.</system-out><system-err>location: /var/m2/repository/org/apache/struts/struts-core/1.3.8/struts-core-1.3.8.jar</system-err></testcase><testcase classname="CVE-2016-4003" name="pkg:maven/org.apache.struts/struts-core@1.3.8"><failure message="cvssV3: MEDIUM, score: 6.1 (CVSS:/AV:N/AC:L/PR:N/UI:R/S:C/C:L/I:L/A:N)"/><system-out>Cross-site scripting (XSS) vulnerability in the URLDecoder function in JRE before 1.8, as used in Apache Struts 2.x before 2.3.28, when using a single byte page encoding, allows remote attackers to inject arbitrary web script or HTML via multi-byte characters in a url-encoded parameter.</system-out><system-err>location: /var/m2/repository/org/apache/struts/struts-core/1.3.8/struts-core-1.3.8.jar</system-err></testcase></testsuite><testsuite failures="4" id="104" name="/var/m2/repository/org/apache/struts/struts-taglib/1.3.8/struts-taglib-1.3.8.jar" package="struts-taglib-1.3.8.jar" skipped="0" tests="4" timestamp="2021-03-13T13:45:20.041"><testcase classname="CVE-2014-0114" name="pkg:maven/org.apache.struts/struts-taglib@1.3.8"><failure message="cvssV2: HIGH, score: 7.5 (/AV:N/AC:L/Au:N/C:P/I:P/A:P)"/><system-out>Apache Commons BeanUtils, as distributed in lib/commons-beanutils-1.8.0.jar in Apache Struts 1.x through 1.3.10 and in other products requiring commons-beanutils through 1.9.2, does not suppress the class property, which allows remote attackers to &quot;manipulate&quot; the ClassLoader and execute arbitrary code via the class parameter, as demonstrated by the passing of this parameter to the getClass method of the ActionForm object in Struts 1.</system-out><system-err>location: /var/m2/repository/org/apache/struts/struts-taglib/1.3.8/struts-taglib-1.3.8.jar</system-err></testcase><testcase classname="CVE-2015-0899" name="pkg:maven/org.apache.struts/struts-taglib@1.3.8"><failure message="cvssV3: HIGH, score: 7.5 (CVSS:3.0/AV:N/AC:L/PR:N/UI:N/S:U/C:N/I:H/A:N)"/><system-out>The MultiPageValidator implementation in Apache Struts 1 1.1 through 1.3.10 allows remote attackers to bypass intended access restrictions via a modified page parameter.</system-out><system-err>location: /var/m2/repository/org/apache/struts/struts-taglib/1.3.8/struts-taglib-1.3.8.jar</system-err></testcase><testcase classname="CVE-2016-1181" name="pkg:maven/org.apache.struts/struts-taglib@1.3.8"><failure message="cvssV3: HIGH, score: 8.1 (CVSS:3.0/AV:N/AC:H/PR:N/UI:N/S:U/C:H/I:H/A:H)"/><system-out>ActionServlet.java in Apache Struts 1 1.x through 1.3.10 mishandles multithreaded access to an ActionForm instance, which allows remote attackers to execute arbitrary code or cause a denial of service (unexpected memory access) via a multipart request, a related issue to CVE-2015-0899.</system-out><system-err>location: /var/m2/repository/org/apache/struts/struts-taglib/1.3.8/struts-taglib-1.3.8.jar</system-err></testcase><testcase classname="CVE-2016-1182" name="pkg:maven/org.apache.struts/struts-taglib@1.3.8"><failure message="cvssV3: HIGH, score: 8.2 (CVSS:3.0/AV:N/AC:L/PR:N/UI:N/S:U/C:N/I:L/A:H)"/><system-out>ActionServlet.java in Apache Struts 1 1.x through 1.3.10 does not properly restrict the Validator configuration, which allows remote attackers to conduct cross-site scripting (XSS) attacks or cause a denial of service via crafted input, a related issue to CVE-2015-0899.</system-out><system-err>location: /var/m2/repository/org/apache/struts/struts-taglib/1.3.8/struts-taglib-1.3.8.jar</system-err></testcase></testsuite><testsuite failures="4" id="105" name="/var/m2/repository/org/apache/struts/struts-tiles/1.3.8/struts-tiles-1.3.8.jar" package="struts-tiles-1.3.8.jar" skipped="0" tests="4" timestamp="2021-03-13T13:45:20.041"><testcase classname="CVE-2014-0114" name="pkg:maven/org.apache.struts/struts-tiles@1.3.8"><failure message="cvssV2: HIGH, score: 7.5 (/AV:N/AC:L/Au:N/C:P/I:P/A:P)"/><system-out>Apache Commons BeanUtils, as distributed in lib/commons-beanutils-1.8.0.jar in Apache Struts 1.x through 1.3.10 and in other products requiring commons-beanutils through 1.9.2, does not suppress the class property, which allows remote attackers to &quot;manipulate&quot; the ClassLoader and execute arbitrary code via the class parameter, as demonstrated by the passing of this parameter to the getClass method of the ActionForm object in Struts 1.</system-out><system-err>location: /var/m2/repository/org/apache/struts/struts-tiles/1.3.8/struts-tiles-1.3.8.jar</system-err></testcase><testcase classname="CVE-2015-0899" name="pkg:maven/org.apache.struts/struts-tiles@1.3.8"><failure message="cvssV3: HIGH, score: 7.5 (CVSS:3.0/AV:N/AC:L/PR:N/UI:N/S:U/C:N/I:H/A:N)"/><system-out>The MultiPageValidator implementation in Apache Struts 1 1.1 through 1.3.10 allows remote attackers to bypass intended access restrictions via a modified page parameter.</system-out><system-err>location: /var/m2/repository/org/apache/struts/struts-tiles/1.3.8/struts-tiles-1.3.8.jar</system-err></testcase><testcase classname="CVE-2016-1181" name="pkg:maven/org.apache.struts/struts-tiles@1.3.8"><failure message="cvssV3: HIGH, score: 8.1 (CVSS:3.0/AV:N/AC:H/PR:N/UI:N/S:U/C:H/I:H/A:H)"/><system-out>ActionServlet.java in Apache Struts 1 1.x through 1.3.10 mishandles multithreaded access to an ActionForm instance, which allows remote attackers to execute arbitrary code or cause a denial of service (unexpected memory access) via a multipart request, a related issue to CVE-2015-0899.</system-out><system-err>location: /var/m2/repository/org/apache/struts/struts-tiles/1.3.8/struts-tiles-1.3.8.jar</system-err></testcase><testcase classname="CVE-2016-1182" name="pkg:maven/org.apache.struts/struts-tiles@1.3.8"><failure message="cvssV3: HIGH, score: 8.2 (CVSS:3.0/AV:N/AC:L/PR:N/UI:N/S:U/C:N/I:L/A:H)"/><system-out>ActionServlet.java in Apache Struts 1 1.x through 1.3.10 does not properly restrict the Validator configuration, which allows remote attackers to conduct cross-site scripting (XSS) attacks or cause a denial of service via crafted input, a related issue to CVE-2015-0899.</system-out><system-err>location: /var/m2/repository/org/apache/struts/struts-tiles/1.3.8/struts-tiles-1.3.8.jar</system-err></testcase></testsuite><testsuite failures="0" id="106" name="/var/m2/repository/org/apache/velocity/velocity/1.7/velocity-1.7.jar" package="velocity-1.7.jar" skipped="0" tests="1" timestamp="2021-03-13T13:45:20.041"><testcase classname="dependency-check" name="velocity-1.7.jar"/></testsuite><testsuite failures="0" id="107" name="/var/m2/repository/org/apache/velocity/velocity-tools/2.0/velocity-tools-2.0.jar" package="velocity-tools-2.0.jar" skipped="0" tests="1" timestamp="2021-03-13T13:45:20.041"><testcase classname="dependency-check" name="velocity-tools-2.0.jar"/></testsuite><testsuite failures="0" id="108" name="/var/m2/repository/xmlunit/xmlunit/1.5/xmlunit-1.5.jar" package="xmlunit-1.5.jar" skipped="0" tests="1" timestamp="2021-03-13T13:45:20.041"><testcase classname="dependency-check" name="xmlunit-1.5.jar"/></testsuite></testsuites>