<?xml version="1.0" encoding="UTF-8"?><testsuites failures="47" name="dependency-check" tests="210"><testsuite failures="0" errors="0" time="0" id="0" name="/home/runner/.m2/repository/aopalliance/aopalliance/1.0/aopalliance-1.0.jar" package="aopalliance-1.0.jar" skipped="0" tests="1" timestamp="2025-10-18T12:32:58.026368028"><testcase classname="dependency-check" name="aopalliance-1.0.jar"/></testsuite><testsuite failures="0" errors="0" time="0" id="1" name="/home/runner/.m2/repository/org/asciidoctor/asciidoctorj/2.5.10/asciidoctorj-2.5.10.jar" package="asciidoctorj-2.5.10.jar" skipped="0" tests="1" timestamp="2025-10-18T12:32:58.026368028"><testcase classname="dependency-check" name="asciidoctorj-2.5.10.jar"/></testsuite><testsuite failures="0" errors="0" time="0" id="2" name="/home/runner/.m2/repository/org/asciidoctor/asciidoctorj/2.5.10/asciidoctorj-2.5.10.jar/gems/concurrent-ruby-1.1.7/lib/concurrent-ruby/concurrent/concurrent_ruby.jar" package="asciidoctorj-2.5.10.jar: concurrent_ruby.jar" skipped="0" tests="1" timestamp="2025-10-18T12:32:58.026368028"><testcase classname="dependency-check" name="asciidoctorj-2.5.10.jar: concurrent_ruby.jar"/></testsuite><testsuite failures="0" errors="0" time="0" id="3" name="/home/runner/.m2/repository/org/asciidoctor/asciidoctorj/2.5.10/asciidoctorj-2.5.10.jar/gems/thread_safe-0.3.6-java/lib/thread_safe/jruby_cache_backend.jar" package="asciidoctorj-2.5.10.jar: jruby_cache_backend.jar" skipped="0" tests="1" timestamp="2025-10-18T12:32:58.026368028"><testcase classname="dependency-check" name="asciidoctorj-2.5.10.jar: jruby_cache_backend.jar"/></testsuite><testsuite failures="0" errors="0" time="0" id="4" name="/home/runner/.m2/repository/org/asciidoctor/asciidoctorj-api/2.5.10/asciidoctorj-api-2.5.10.jar" package="asciidoctorj-api-2.5.10.jar" skipped="0" tests="1" timestamp="2025-10-18T12:32:58.026368028"><testcase classname="dependency-check" name="asciidoctorj-api-2.5.10.jar"/></testsuite><testsuite failures="0" errors="0" time="0" id="5" name="/home/runner/.m2/repository/org/ow2/asm/asm/9.8/asm-9.8.jar" package="asm-9.8.jar" skipped="0" tests="1" timestamp="2025-10-18T12:32:58.026368028"><testcase classname="dependency-check" name="asm-9.8.jar"/></testsuite><testsuite failures="0" errors="0" time="0" id="6" name="/home/runner/.m2/repository/org/ow2/asm/asm-analysis/7.3.1/asm-analysis-7.3.1.jar" package="asm-analysis-7.3.1.jar" skipped="0" tests="1" timestamp="2025-10-18T12:32:58.026368028"><testcase classname="dependency-check" name="asm-analysis-7.3.1.jar"/></testsuite><testsuite failures="0" errors="0" time="0" id="7" name="/home/runner/.m2/repository/org/ow2/asm/asm-commons/7.3.1/asm-commons-7.3.1.jar" package="asm-commons-7.3.1.jar" skipped="0" tests="1" timestamp="2025-10-18T12:32:58.026368028"><testcase classname="dependency-check" name="asm-commons-7.3.1.jar"/></testsuite><testsuite failures="0" errors="0" time="0" id="8" name="/home/runner/.m2/repository/org/ow2/asm/asm-tree/7.3.1/asm-tree-7.3.1.jar" package="asm-tree-7.3.1.jar" skipped="0" tests="1" timestamp="2025-10-18T12:32:58.026368028"><testcase classname="dependency-check" name="asm-tree-7.3.1.jar"/></testsuite><testsuite failures="0" errors="0" time="0" id="9" name="/home/runner/.m2/repository/org/ow2/asm/asm-util/7.3.1/asm-util-7.3.1.jar" package="asm-util-7.3.1.jar" skipped="0" tests="1" timestamp="2025-10-18T12:32:58.026368028"><testcase classname="dependency-check" name="asm-util-7.3.1.jar"/></testsuite><testsuite failures="0" errors="0" time="0" id="10" name="/home/runner/.m2/repository/org/nibor/autolink/autolink/0.6.0/autolink-0.6.0.jar" package="autolink-0.6.0.jar" skipped="0" tests="1" timestamp="2025-10-18T12:32:58.026368028"><testcase classname="dependency-check" name="autolink-0.6.0.jar"/></testsuite><testsuite failures="0" errors="0" time="0" id="11" name="/home/runner/.m2/repository/com/headius/backport9/1.12/backport9-1.12.jar" package="backport9-1.12.jar" skipped="0" tests="1" timestamp="2025-10-18T12:32:58.026368028"><testcase classname="dependency-check" name="backport9-1.12.jar"/></testsuite><testsuite failures="0" errors="0" time="0" id="12" name="/home/runner/.m2/repository/org/checkerframework/checker-qual/3.49.5/checker-qual-3.49.5.jar" package="checker-qual-3.49.5.jar" skipped="0" tests="1" timestamp="2025-10-18T12:32:58.026368028"><testcase classname="dependency-check" name="checker-qual-3.49.5.jar"/></testsuite><testsuite failures="0" errors="0" time="0" id="13" name="/home/runner/.m2/repository/classworlds/classworlds/1.1-alpha-2/classworlds-1.1-alpha-2.jar" package="classworlds-1.1-alpha-2.jar" skipped="0" tests="1" timestamp="2025-10-18T12:32:58.026368028"><testcase classname="dependency-check" name="classworlds-1.1-alpha-2.jar"/></testsuite><testsuite failures="0" errors="0" time="0" id="14" name="/home/runner/.m2/repository/commons-beanutils/commons-beanutils/1.11.0/commons-beanutils-1.11.0.jar" package="commons-beanutils-1.11.0.jar" skipped="0" tests="1" timestamp="2025-10-18T12:32:58.026368028"><testcase classname="dependency-check" name="commons-beanutils-1.11.0.jar"/></testsuite><testsuite failures="0" errors="0" time="0" id="15" name="/home/runner/.m2/repository/commons-collections/commons-collections/3.2.2/commons-collections-3.2.2.jar" package="commons-collections-3.2.2.jar" skipped="0" tests="1" timestamp="2025-10-18T12:32:58.026368028"><testcase classname="dependency-check" name="commons-collections-3.2.2.jar"/></testsuite><testsuite failures="0" errors="0" time="0" id="16" name="/home/runner/.m2/repository/org/apache/commons/commons-digester3/3.2/commons-digester3-3.2.jar" package="commons-digester3-3.2.jar" skipped="0" tests="1" timestamp="2025-10-18T12:32:58.026368028"><testcase classname="dependency-check" name="commons-digester3-3.2.jar"/></testsuite><testsuite failures="1" errors="0" time="0" id="17" name="/home/runner/.m2/repository/org/apache/commons/commons-lang3/3.17.0/commons-lang3-3.17.0.jar" package="commons-lang3-3.17.0.jar" skipped="0" tests="1" timestamp="2025-10-18T12:32:58.026368028"><testcase classname="CVE-2025-48924" name="pkg:maven/org.apache.commons/commons-lang3@3.17.0"><failure message="cvssV3: MEDIUM, score: 5.3 (CVSS:3.1/AV:N/AC:L/PR:N/UI:N/S:U/C:N/I:N/A:L/E:3.9/RC:R/MAV:A)"/><system-out>Uncontrolled Recursion vulnerability in Apache Commons Lang.

This issue affects Apache Commons Lang: Starting with commons-lang:commons-lang 2.0 to 2.6, and, from org.apache.commons:commons-lang3 3.0 before 3.18.0.

The methods ClassUtils.getClass(...) can throw StackOverflowError on very long inputs. Because an Error is usually not handled by applications and libraries, a 
StackOverflowError could cause an application to stop.

Users are recommended to upgrade to version 3.18.0, which fixes the issue.</system-out><system-err>location: /home/runner/.m2/repository/org/apache/commons/commons-lang3/3.17.0/commons-lang3-3.17.0.jar, project-references: [ SchemaSpy Maven Plugin:compile ]</system-err></testcase></testsuite><testsuite failures="0" errors="0" time="0" id="18" name="/home/runner/.m2/repository/commons-logging/commons-logging/1.3.5/commons-logging-1.3.5.jar" package="commons-logging-1.3.5.jar" skipped="0" tests="1" timestamp="2025-10-18T12:32:58.026368028"><testcase classname="dependency-check" name="commons-logging-1.3.5.jar"/></testsuite><testsuite failures="0" errors="0" time="0" id="19" name="/home/runner/.m2/repository/org/apache/commons/commons-text/1.12.0/commons-text-1.12.0.jar" package="commons-text-1.12.0.jar" skipped="0" tests="1" timestamp="2025-10-18T12:32:58.026368028"><testcase classname="dependency-check" name="commons-text-1.12.0.jar"/></testsuite><testsuite failures="0" errors="0" time="0" id="20" name="/home/runner/.m2/repository/com/github/spullara/mustache/java/compiler/0.9.10/compiler-0.9.10.jar" package="compiler-0.9.10.jar" skipped="0" tests="1" timestamp="2025-10-18T12:32:58.026368028"><testcase classname="dependency-check" name="compiler-0.9.10.jar"/></testsuite><testsuite failures="1" errors="0" time="0" id="21" name="/home/runner/.m2/repository/org/apache/derby/derby/10.15.2.0/derby-10.15.2.0.jar" package="derby-10.15.2.0.jar" skipped="0" tests="1" timestamp="2025-10-18T12:32:58.026368028"><testcase classname="CVE-2022-46337" name="pkg:maven/org.apache.derby/derby@10.15.2.0"><failure message="cvssV3: CRITICAL, score: 9.8 (CVSS:3.1/AV:N/AC:L/PR:N/UI:N/S:U/C:H/I:H/A:H/E:3.9/RC:R/MAV:A)"/><system-out>A cleverly devised username might bypass LDAP authentication checks. In 
LDAP-authenticated Derby installations, this could let an attacker fill 
up the disk by creating junk Derby databases. In LDAP-authenticated 
Derby installations, this could also allow the attacker to execute 
malware which was visible to and executable by the account which booted 
the Derby server. In LDAP-protected databases which weren&apos;t also 
protected by SQL GRANT/REVOKE authorization, this vulnerability could 
also let an attacker view and corrupt sensitive data and run sensitive 
database functions and procedures.

Mitigation:

Users should upgrade to Java 21 and Derby 10.17.1.0.

Alternatively, users who wish to remain on older Java versions should 
build their own Derby distribution from one of the release families to 
which the fix was backported: 10.16, 10.15, and 10.14. Those are the 
releases which correspond, respectively, with Java LTS versions 17, 11, 
and 8.

</system-out><system-err>location: /home/runner/.m2/repository/org/apache/derby/derby/10.15.2.0/derby-10.15.2.0.jar, project-references: [ SchemaSpy Maven Plugin:compile ]</system-err></testcase></testsuite><testsuite failures="1" errors="0" time="0" id="22" name="/home/runner/.m2/repository/org/apache/derby/derbyshared/10.15.2.0/derbyshared-10.15.2.0.jar" package="derbyshared-10.15.2.0.jar" skipped="0" tests="1" timestamp="2025-10-18T12:32:58.026368028"><testcase classname="CVE-2022-46337" name="pkg:maven/org.apache.derby/derbyshared@10.15.2.0"><failure message="cvssV3: CRITICAL, score: 9.8 (CVSS:3.1/AV:N/AC:L/PR:N/UI:N/S:U/C:H/I:H/A:H/E:3.9/RC:R/MAV:A)"/><system-out>A cleverly devised username might bypass LDAP authentication checks. In 
LDAP-authenticated Derby installations, this could let an attacker fill 
up the disk by creating junk Derby databases. In LDAP-authenticated 
Derby installations, this could also allow the attacker to execute 
malware which was visible to and executable by the account which booted 
the Derby server. In LDAP-protected databases which weren&apos;t also 
protected by SQL GRANT/REVOKE authorization, this vulnerability could 
also let an attacker view and corrupt sensitive data and run sensitive 
database functions and procedures.

Mitigation:

Users should upgrade to Java 21 and Derby 10.17.1.0.

Alternatively, users who wish to remain on older Java versions should 
build their own Derby distribution from one of the release families to 
which the fix was backported: 10.16, 10.15, and 10.14. Those are the 
releases which correspond, respectively, with Java LTS versions 17, 11, 
and 8.

</system-out><system-err>location: /home/runner/.m2/repository/org/apache/derby/derbyshared/10.15.2.0/derbyshared-10.15.2.0.jar, project-references: [ SchemaSpy Maven Plugin:compile ]</system-err></testcase></testsuite><testsuite failures="1" errors="0" time="0" id="23" name="/home/runner/.m2/repository/org/apache/derby/derbytools/10.15.2.0/derbytools-10.15.2.0.jar" package="derbytools-10.15.2.0.jar" skipped="0" tests="1" timestamp="2025-10-18T12:32:58.026368028"><testcase classname="CVE-2022-46337" name="pkg:maven/org.apache.derby/derbytools@10.15.2.0"><failure message="cvssV3: CRITICAL, score: 9.8 (CVSS:3.1/AV:N/AC:L/PR:N/UI:N/S:U/C:H/I:H/A:H/E:3.9/RC:R/MAV:A)"/><system-out>A cleverly devised username might bypass LDAP authentication checks. In 
LDAP-authenticated Derby installations, this could let an attacker fill 
up the disk by creating junk Derby databases. In LDAP-authenticated 
Derby installations, this could also allow the attacker to execute 
malware which was visible to and executable by the account which booted 
the Derby server. In LDAP-protected databases which weren&apos;t also 
protected by SQL GRANT/REVOKE authorization, this vulnerability could 
also let an attacker view and corrupt sensitive data and run sensitive 
database functions and procedures.

Mitigation:

Users should upgrade to Java 21 and Derby 10.17.1.0.

Alternatively, users who wish to remain on older Java versions should 
build their own Derby distribution from one of the release families to 
which the fix was backported: 10.16, 10.15, and 10.14. Those are the 
releases which correspond, respectively, with Java LTS versions 17, 11, 
and 8.

</system-out><system-err>location: /home/runner/.m2/repository/org/apache/derby/derbytools/10.15.2.0/derbytools-10.15.2.0.jar, project-references: [ SchemaSpy Maven Plugin:compile ]</system-err></testcase></testsuite><testsuite failures="0" errors="0" time="0" id="24" name="/home/runner/.m2/repository/org/jruby/dirgra/0.3/dirgra-0.3.jar" package="dirgra-0.3.jar" skipped="0" tests="1" timestamp="2025-10-18T12:32:58.026368028"><testcase classname="dependency-check" name="dirgra-0.3.jar"/></testsuite><testsuite failures="0" errors="0" time="0" id="25" name="/home/runner/.m2/repository/org/apache/maven/doxia/doxia-core/2.0.0/doxia-core-2.0.0.jar" package="doxia-core-2.0.0.jar" skipped="0" tests="1" timestamp="2025-10-18T12:32:58.026368028"><testcase classname="dependency-check" name="doxia-core-2.0.0.jar"/></testsuite><testsuite failures="0" errors="0" time="0" id="26" name="/home/runner/.m2/repository/org/apache/maven/doxia/doxia-integration-tools/2.0.0/doxia-integration-tools-2.0.0.jar" package="doxia-integration-tools-2.0.0.jar" skipped="0" tests="1" timestamp="2025-10-18T12:32:58.026368028"><testcase classname="dependency-check" name="doxia-integration-tools-2.0.0.jar"/></testsuite><testsuite failures="0" errors="0" time="0" id="27" name="/home/runner/.m2/repository/org/apache/maven/doxia/doxia-module-apt/2.0.0/doxia-module-apt-2.0.0.jar" package="doxia-module-apt-2.0.0.jar" skipped="0" tests="1" timestamp="2025-10-18T12:32:58.026368028"><testcase classname="dependency-check" name="doxia-module-apt-2.0.0.jar"/></testsuite><testsuite failures="0" errors="0" time="0" id="28" name="/home/runner/.m2/repository/org/apache/maven/doxia/doxia-module-xdoc/2.0.0/doxia-module-xdoc-2.0.0.jar" package="doxia-module-xdoc-2.0.0.jar" skipped="0" tests="1" timestamp="2025-10-18T12:32:58.026368028"><testcase classname="dependency-check" name="doxia-module-xdoc-2.0.0.jar"/></testsuite><testsuite failures="0" errors="0" time="0" id="29" name="/home/runner/.m2/repository/org/apache/maven/doxia/doxia-module-xhtml5/2.0.0/doxia-module-xhtml5-2.0.0.jar" package="doxia-module-xhtml5-2.0.0.jar" skipped="0" tests="1" timestamp="2025-10-18T12:32:58.026368028"><testcase classname="dependency-check" name="doxia-module-xhtml5-2.0.0.jar"/></testsuite><testsuite failures="0" errors="0" time="0" id="30" name="/home/runner/.m2/repository/org/apache/maven/doxia/doxia-sink-api/2.0.0/doxia-sink-api-2.0.0.jar" package="doxia-sink-api-2.0.0.jar" skipped="0" tests="1" timestamp="2025-10-18T12:32:58.026368028"><testcase classname="dependency-check" name="doxia-sink-api-2.0.0.jar"/></testsuite><testsuite failures="0" errors="0" time="0" id="31" name="/home/runner/.m2/repository/org/apache/maven/doxia/doxia-site-model/2.0.0/doxia-site-model-2.0.0.jar" package="doxia-site-model-2.0.0.jar" skipped="0" tests="1" timestamp="2025-10-18T12:32:58.026368028"><testcase classname="dependency-check" name="doxia-site-model-2.0.0.jar"/></testsuite><testsuite failures="0" errors="0" time="0" id="32" name="/home/runner/.m2/repository/org/apache/maven/doxia/doxia-site-renderer/2.0.0/doxia-site-renderer-2.0.0.jar" package="doxia-site-renderer-2.0.0.jar" skipped="0" tests="1" timestamp="2025-10-18T12:32:58.026368028"><testcase classname="dependency-check" name="doxia-site-renderer-2.0.0.jar"/></testsuite><testsuite failures="0" errors="0" time="0" id="33" name="/home/runner/.m2/repository/org/apache/maven/doxia/doxia-skin-model/2.0.0/doxia-skin-model-2.0.0.jar" package="doxia-skin-model-2.0.0.jar" skipped="0" tests="1" timestamp="2025-10-18T12:32:58.026368028"><testcase classname="dependency-check" name="doxia-skin-model-2.0.0.jar"/></testsuite><testsuite failures="0" errors="0" time="0" id="34" name="/home/runner/.m2/repository/com/google/guava/failureaccess/1.0.3/failureaccess-1.0.3.jar" package="failureaccess-1.0.3.jar" skipped="0" tests="1" timestamp="2025-10-18T12:32:58.026368028"><testcase classname="dependency-check" name="failureaccess-1.0.3.jar"/></testsuite><testsuite failures="0" errors="0" time="0" id="35" name="/home/runner/.m2/repository/com/vladsch/flexmark/flexmark/0.34.32/flexmark-0.34.32.jar" package="flexmark-0.34.32.jar" skipped="0" tests="1" timestamp="2025-10-18T12:32:58.026368028"><testcase classname="dependency-check" name="flexmark-0.34.32.jar"/></testsuite><testsuite failures="0" errors="0" time="0" id="36" name="/home/runner/.m2/repository/com/vladsch/flexmark/flexmark-ext-abbreviation/0.34.32/flexmark-ext-abbreviation-0.34.32.jar" package="flexmark-ext-abbreviation-0.34.32.jar" skipped="0" tests="1" timestamp="2025-10-18T12:32:58.026368028"><testcase classname="dependency-check" name="flexmark-ext-abbreviation-0.34.32.jar"/></testsuite><testsuite failures="0" errors="0" time="0" id="37" name="/home/runner/.m2/repository/com/vladsch/flexmark/flexmark-ext-aside/0.34.32/flexmark-ext-aside-0.34.32.jar" package="flexmark-ext-aside-0.34.32.jar" skipped="0" tests="1" timestamp="2025-10-18T12:32:58.026368028"><testcase classname="dependency-check" name="flexmark-ext-aside-0.34.32.jar"/></testsuite><testsuite failures="0" errors="0" time="0" id="38" name="/home/runner/.m2/repository/com/vladsch/flexmark/flexmark-ext-autolink/0.34.32/flexmark-ext-autolink-0.34.32.jar" package="flexmark-ext-autolink-0.34.32.jar" skipped="0" tests="1" timestamp="2025-10-18T12:32:58.026368028"><testcase classname="dependency-check" name="flexmark-ext-autolink-0.34.32.jar"/></testsuite><testsuite failures="0" errors="0" time="0" id="39" name="/home/runner/.m2/repository/com/vladsch/flexmark/flexmark-ext-definition/0.34.32/flexmark-ext-definition-0.34.32.jar" package="flexmark-ext-definition-0.34.32.jar" skipped="0" tests="1" timestamp="2025-10-18T12:32:58.026368028"><testcase classname="dependency-check" name="flexmark-ext-definition-0.34.32.jar"/></testsuite><testsuite failures="0" errors="0" time="0" id="40" name="/home/runner/.m2/repository/com/vladsch/flexmark/flexmark-ext-emoji/0.34.32/flexmark-ext-emoji-0.34.32.jar" package="flexmark-ext-emoji-0.34.32.jar" skipped="0" tests="1" timestamp="2025-10-18T12:32:58.026368028"><testcase classname="dependency-check" name="flexmark-ext-emoji-0.34.32.jar"/></testsuite><testsuite failures="0" errors="0" time="0" id="41" name="/home/runner/.m2/repository/com/vladsch/flexmark/flexmark-ext-escaped-character/0.34.32/flexmark-ext-escaped-character-0.34.32.jar" package="flexmark-ext-escaped-character-0.34.32.jar" skipped="0" tests="1" timestamp="2025-10-18T12:32:58.026368028"><testcase classname="dependency-check" name="flexmark-ext-escaped-character-0.34.32.jar"/></testsuite><testsuite failures="0" errors="0" time="0" id="42" name="/home/runner/.m2/repository/com/vladsch/flexmark/flexmark-ext-footnotes/0.34.32/flexmark-ext-footnotes-0.34.32.jar" package="flexmark-ext-footnotes-0.34.32.jar" skipped="0" tests="1" timestamp="2025-10-18T12:32:58.026368028"><testcase classname="dependency-check" name="flexmark-ext-footnotes-0.34.32.jar"/></testsuite><testsuite failures="0" errors="0" time="0" id="43" name="/home/runner/.m2/repository/com/vladsch/flexmark/flexmark-ext-gfm-strikethrough/0.34.32/flexmark-ext-gfm-strikethrough-0.34.32.jar" package="flexmark-ext-gfm-strikethrough-0.34.32.jar" skipped="0" tests="1" timestamp="2025-10-18T12:32:58.026368028"><testcase classname="dependency-check" name="flexmark-ext-gfm-strikethrough-0.34.32.jar"/></testsuite><testsuite failures="0" errors="0" time="0" id="44" name="/home/runner/.m2/repository/com/vladsch/flexmark/flexmark-ext-gfm-tasklist/0.34.32/flexmark-ext-gfm-tasklist-0.34.32.jar" package="flexmark-ext-gfm-tasklist-0.34.32.jar" skipped="0" tests="1" timestamp="2025-10-18T12:32:58.026368028"><testcase classname="dependency-check" name="flexmark-ext-gfm-tasklist-0.34.32.jar"/></testsuite><testsuite failures="0" errors="0" time="0" id="45" name="/home/runner/.m2/repository/com/vladsch/flexmark/flexmark-ext-ins/0.34.32/flexmark-ext-ins-0.34.32.jar" package="flexmark-ext-ins-0.34.32.jar" skipped="0" tests="1" timestamp="2025-10-18T12:32:58.026368028"><testcase classname="dependency-check" name="flexmark-ext-ins-0.34.32.jar"/></testsuite><testsuite failures="0" errors="0" time="0" id="46" name="/home/runner/.m2/repository/com/vladsch/flexmark/flexmark-ext-jekyll-front-matter/0.34.32/flexmark-ext-jekyll-front-matter-0.34.32.jar" package="flexmark-ext-jekyll-front-matter-0.34.32.jar" skipped="0" tests="1" timestamp="2025-10-18T12:32:58.026368028"><testcase classname="dependency-check" name="flexmark-ext-jekyll-front-matter-0.34.32.jar"/></testsuite><testsuite failures="0" errors="0" time="0" id="47" name="/home/runner/.m2/repository/com/vladsch/flexmark/flexmark-ext-superscript/0.34.32/flexmark-ext-superscript-0.34.32.jar" package="flexmark-ext-superscript-0.34.32.jar" skipped="0" tests="1" timestamp="2025-10-18T12:32:58.026368028"><testcase classname="dependency-check" name="flexmark-ext-superscript-0.34.32.jar"/></testsuite><testsuite failures="0" errors="0" time="0" id="48" name="/home/runner/.m2/repository/com/vladsch/flexmark/flexmark-ext-tables/0.34.32/flexmark-ext-tables-0.34.32.jar" package="flexmark-ext-tables-0.34.32.jar" skipped="0" tests="1" timestamp="2025-10-18T12:32:58.026368028"><testcase classname="dependency-check" name="flexmark-ext-tables-0.34.32.jar"/></testsuite><testsuite failures="0" errors="0" time="0" id="49" name="/home/runner/.m2/repository/com/vladsch/flexmark/flexmark-ext-toc/0.34.32/flexmark-ext-toc-0.34.32.jar" package="flexmark-ext-toc-0.34.32.jar" skipped="0" tests="1" timestamp="2025-10-18T12:32:58.026368028"><testcase classname="dependency-check" name="flexmark-ext-toc-0.34.32.jar"/></testsuite><testsuite failures="0" errors="0" time="0" id="50" name="/home/runner/.m2/repository/com/vladsch/flexmark/flexmark-ext-typographic/0.34.32/flexmark-ext-typographic-0.34.32.jar" package="flexmark-ext-typographic-0.34.32.jar" skipped="0" tests="1" timestamp="2025-10-18T12:32:58.026368028"><testcase classname="dependency-check" name="flexmark-ext-typographic-0.34.32.jar"/></testsuite><testsuite failures="0" errors="0" time="0" id="51" name="/home/runner/.m2/repository/com/vladsch/flexmark/flexmark-ext-wikilink/0.34.32/flexmark-ext-wikilink-0.34.32.jar" package="flexmark-ext-wikilink-0.34.32.jar" skipped="0" tests="1" timestamp="2025-10-18T12:32:58.026368028"><testcase classname="dependency-check" name="flexmark-ext-wikilink-0.34.32.jar"/></testsuite><testsuite failures="0" errors="0" time="0" id="52" name="/home/runner/.m2/repository/com/vladsch/flexmark/flexmark-ext-yaml-front-matter/0.34.32/flexmark-ext-yaml-front-matter-0.34.32.jar" package="flexmark-ext-yaml-front-matter-0.34.32.jar" skipped="0" tests="1" timestamp="2025-10-18T12:32:58.026368028"><testcase classname="dependency-check" name="flexmark-ext-yaml-front-matter-0.34.32.jar"/></testsuite><testsuite failures="0" errors="0" time="0" id="53" name="/home/runner/.m2/repository/com/vladsch/flexmark/flexmark-formatter/0.34.32/flexmark-formatter-0.34.32.jar" package="flexmark-formatter-0.34.32.jar" skipped="0" tests="1" timestamp="2025-10-18T12:32:58.026368028"><testcase classname="dependency-check" name="flexmark-formatter-0.34.32.jar"/></testsuite><testsuite failures="0" errors="0" time="0" id="54" name="/home/runner/.m2/repository/com/vladsch/flexmark/flexmark-jira-converter/0.34.32/flexmark-jira-converter-0.34.32.jar" package="flexmark-jira-converter-0.34.32.jar" skipped="0" tests="1" timestamp="2025-10-18T12:32:58.026368028"><testcase classname="dependency-check" name="flexmark-jira-converter-0.34.32.jar"/></testsuite><testsuite failures="0" errors="0" time="0" id="55" name="/home/runner/.m2/repository/com/vladsch/flexmark/flexmark-profile-pegdown/0.34.32/flexmark-profile-pegdown-0.34.32.jar" package="flexmark-profile-pegdown-0.34.32.jar" skipped="0" tests="1" timestamp="2025-10-18T12:32:58.026368028"><testcase classname="dependency-check" name="flexmark-profile-pegdown-0.34.32.jar"/></testsuite><testsuite failures="0" errors="0" time="0" id="56" name="/home/runner/.m2/repository/com/vladsch/flexmark/flexmark-util/0.34.32/flexmark-util-0.34.32.jar" package="flexmark-util-0.34.32.jar" skipped="0" tests="1" timestamp="2025-10-18T12:32:58.026368028"><testcase classname="dependency-check" name="flexmark-util-0.34.32.jar"/></testsuite><testsuite failures="0" errors="0" time="0" id="57" name="/home/runner/.m2/repository/com/google/guava/guava/33.4.8-jre/guava-33.4.8-jre.jar" package="guava-33.4.8-jre.jar" skipped="0" tests="1" timestamp="2025-10-18T12:32:58.026368028"><testcase classname="dependency-check" name="guava-33.4.8-jre.jar"/></testsuite><testsuite failures="0" errors="0" time="0" id="58" name="/home/runner/.m2/repository/com/google/inject/guice/5.1.0/guice-5.1.0-classes.jar" package="guice-5.1.0-classes.jar" skipped="0" tests="1" timestamp="2025-10-18T12:32:58.026368028"><testcase classname="dependency-check" name="guice-5.1.0-classes.jar"/></testsuite><testsuite failures="0" errors="0" time="0" id="59" name="/home/runner/.m2/repository/org/hamcrest/hamcrest-core/1.3/hamcrest-core-1.3.jar" package="hamcrest-core-1.3.jar" skipped="0" tests="1" timestamp="2025-10-18T12:32:58.026368028"><testcase classname="dependency-check" name="hamcrest-core-1.3.jar"/></testsuite><testsuite failures="0" errors="0" time="0" id="60" name="/home/runner/.m2/repository/org/hsqldb/hsqldb/2.7.4/hsqldb-2.7.4.jar" package="hsqldb-2.7.4.jar" skipped="0" tests="1" timestamp="2025-10-18T12:32:58.026368028"><testcase classname="dependency-check" name="hsqldb-2.7.4.jar"/></testsuite><testsuite failures="0" errors="0" time="0" id="61" name="/home/runner/.m2/repository/com/headius/invokebinder/1.12/invokebinder-1.12.jar" package="invokebinder-1.12.jar" skipped="0" tests="1" timestamp="2025-10-18T12:32:58.026368028"><testcase classname="dependency-check" name="invokebinder-1.12.jar"/></testsuite><testsuite failures="0" errors="0" time="0" id="62" name="/home/runner/.m2/repository/org/fusesource/jansi/jansi/2.4.0/jansi-2.4.0.jar" package="jansi-2.4.0.jar" skipped="0" tests="1" timestamp="2025-10-18T12:32:58.026368028"><testcase classname="dependency-check" name="jansi-2.4.0.jar"/></testsuite><testsuite failures="0" errors="0" time="0" id="63" name="/home/runner/.m2/repository/org/fusesource/jansi/jansi/2.4.0/jansi-2.4.0.jar/org/fusesource/jansi/internal/native/Windows/x86/jansi.dll" package="jansi-2.4.0.jar: jansi.dll" skipped="0" tests="1" timestamp="2025-10-18T12:32:58.026368028"><testcase classname="dependency-check" name="jansi-2.4.0.jar: jansi.dll"/></testsuite><testsuite failures="0" errors="0" time="0" id="64" name="/home/runner/.m2/repository/org/fusesource/jansi/jansi/2.4.0/jansi-2.4.0.jar/org/fusesource/jansi/internal/native/Windows/x86_64/jansi.dll" package="jansi-2.4.0.jar: jansi.dll" skipped="0" tests="1" timestamp="2025-10-18T12:32:58.026368028"><testcase classname="dependency-check" name="jansi-2.4.0.jar: jansi.dll"/></testsuite><testsuite failures="0" errors="0" time="0" id="65" name="/home/runner/.m2/repository/javax/inject/javax.inject/1/javax.inject-1.jar" package="javax.inject-1.jar" skipped="0" tests="1" timestamp="2025-10-18T12:32:58.026368028"><testcase classname="dependency-check" name="javax.inject-1.jar"/></testsuite><testsuite failures="0" errors="0" time="0" id="66" name="/home/runner/.m2/repository/org/slf4j/jcl-over-slf4j/2.0.7/jcl-over-slf4j-2.0.7.jar" package="jcl-over-slf4j-2.0.7.jar" skipped="0" tests="1" timestamp="2025-10-18T12:32:58.026368028"><testcase classname="dependency-check" name="jcl-over-slf4j-2.0.7.jar"/></testsuite><testsuite failures="0" errors="0" time="0" id="67" name="/home/runner/.m2/repository/org/jruby/jcodings/jcodings/1.0.58/jcodings-1.0.58.jar" package="jcodings-1.0.58.jar" skipped="0" tests="1" timestamp="2025-10-18T12:32:58.026368028"><testcase classname="dependency-check" name="jcodings-1.0.58.jar"/></testsuite><testsuite failures="0" errors="0" time="0" id="68" name="/home/runner/.m2/repository/com/beust/jcommander/1.69/jcommander-1.69.jar" package="jcommander-1.69.jar" skipped="0" tests="1" timestamp="2025-10-18T12:32:58.026368028"><testcase classname="dependency-check" name="jcommander-1.69.jar"/></testsuite><testsuite failures="0" errors="0" time="0" id="69" name="/home/runner/.m2/repository/com/github/jnr/jffi/1.3.10/jffi-1.3.10-native.jar" package="jffi-1.3.10-native.jar" skipped="0" tests="1" timestamp="2025-10-18T12:32:58.026368028"><testcase classname="dependency-check" name="jffi-1.3.10-native.jar"/></testsuite><testsuite failures="0" errors="0" time="0" id="70" name="/home/runner/.m2/repository/com/github/jnr/jffi/1.3.10/jffi-1.3.10-native.jar/jni/i386-Windows/jffi-1.2.dll" package="jffi-1.3.10-native.jar: jffi-1.2.dll" skipped="0" tests="1" timestamp="2025-10-18T12:32:58.026368028"><testcase classname="dependency-check" name="jffi-1.3.10-native.jar: jffi-1.2.dll"/></testsuite><testsuite failures="0" errors="0" time="0" id="71" name="/home/runner/.m2/repository/com/github/jnr/jffi/1.3.10/jffi-1.3.10-native.jar/jni/x86_64-Windows/jffi-1.2.dll" package="jffi-1.3.10-native.jar: jffi-1.2.dll" skipped="0" tests="1" timestamp="2025-10-18T12:32:58.026368028"><testcase classname="dependency-check" name="jffi-1.3.10-native.jar: jffi-1.2.dll"/></testsuite><testsuite failures="0" errors="0" time="0" id="72" name="/home/runner/.m2/repository/com/github/jnr/jffi/1.3.10/jffi-1.3.10.jar" package="jffi-1.3.10.jar" skipped="0" tests="1" timestamp="2025-10-18T12:32:58.026368028"><testcase classname="dependency-check" name="jffi-1.3.10.jar"/></testsuite><testsuite failures="0" errors="0" time="0" id="73" name="/home/runner/.m2/repository/me/qmx/jitescript/jitescript/0.4.1/jitescript-0.4.1.jar" package="jitescript-0.4.1.jar" skipped="0" tests="1" timestamp="2025-10-18T12:32:58.026368028"><testcase classname="dependency-check" name="jitescript-0.4.1.jar"/></testsuite><testsuite failures="0" errors="0" time="0" id="74" name="/home/runner/.m2/repository/com/github/jnr/jnr-a64asm/1.0.0/jnr-a64asm-1.0.0.jar" package="jnr-a64asm-1.0.0.jar" skipped="0" tests="1" timestamp="2025-10-18T12:32:58.026368028"><testcase classname="dependency-check" name="jnr-a64asm-1.0.0.jar"/></testsuite><testsuite failures="0" errors="0" time="0" id="75" name="/home/runner/.m2/repository/com/github/jnr/jnr-constants/0.10.4/jnr-constants-0.10.4.jar" package="jnr-constants-0.10.4.jar" skipped="0" tests="1" timestamp="2025-10-18T12:32:58.026368028"><testcase classname="dependency-check" name="jnr-constants-0.10.4.jar"/></testsuite><testsuite failures="0" errors="0" time="0" id="76" name="/home/runner/.m2/repository/com/github/jnr/jnr-enxio/0.32.14/jnr-enxio-0.32.14.jar" package="jnr-enxio-0.32.14.jar" skipped="0" tests="1" timestamp="2025-10-18T12:32:58.026368028"><testcase classname="dependency-check" name="jnr-enxio-0.32.14.jar"/></testsuite><testsuite failures="0" errors="0" time="0" id="77" name="/home/runner/.m2/repository/com/github/jnr/jnr-ffi/2.2.13/jnr-ffi-2.2.13.jar" package="jnr-ffi-2.2.13.jar" skipped="0" tests="1" timestamp="2025-10-18T12:32:58.026368028"><testcase classname="dependency-check" name="jnr-ffi-2.2.13.jar"/></testsuite><testsuite failures="0" errors="0" time="0" id="78" name="/home/runner/.m2/repository/com/github/jnr/jnr-netdb/1.2.0/jnr-netdb-1.2.0.jar" package="jnr-netdb-1.2.0.jar" skipped="0" tests="1" timestamp="2025-10-18T12:32:58.026368028"><testcase classname="dependency-check" name="jnr-netdb-1.2.0.jar"/></testsuite><testsuite failures="0" errors="0" time="0" id="79" name="/home/runner/.m2/repository/com/github/jnr/jnr-posix/3.1.16/jnr-posix-3.1.16.jar" package="jnr-posix-3.1.16.jar" skipped="0" tests="1" timestamp="2025-10-18T12:32:58.026368028"><testcase classname="dependency-check" name="jnr-posix-3.1.16.jar"/></testsuite><testsuite failures="0" errors="0" time="0" id="80" name="/home/runner/.m2/repository/com/github/jnr/jnr-unixsocket/0.38.19/jnr-unixsocket-0.38.19.jar" package="jnr-unixsocket-0.38.19.jar" skipped="0" tests="1" timestamp="2025-10-18T12:32:58.026368028"><testcase classname="dependency-check" name="jnr-unixsocket-0.38.19.jar"/></testsuite><testsuite failures="0" errors="0" time="0" id="81" name="/home/runner/.m2/repository/com/github/jnr/jnr-x86asm/1.0.2/jnr-x86asm-1.0.2.jar" package="jnr-x86asm-1.0.2.jar" skipped="0" tests="1" timestamp="2025-10-18T12:32:58.026368028"><testcase classname="dependency-check" name="jnr-x86asm-1.0.2.jar"/></testsuite><testsuite failures="0" errors="0" time="0" id="82" name="/home/runner/.m2/repository/joda-time/joda-time/2.10.10/joda-time-2.10.10.jar" package="joda-time-2.10.10.jar" skipped="0" tests="1" timestamp="2025-10-18T12:32:58.026368028"><testcase classname="dependency-check" name="joda-time-2.10.10.jar"/></testsuite><testsuite failures="0" errors="0" time="0" id="83" name="/home/runner/.m2/repository/org/jruby/joni/joni/2.1.48/joni-2.1.48.jar" package="joni-2.1.48.jar" skipped="0" tests="1" timestamp="2025-10-18T12:32:58.026368028"><testcase classname="dependency-check" name="joni-2.1.48.jar"/></testsuite><testsuite failures="0" errors="0" time="0" id="84" name="/home/runner/.m2/repository/org/jruby/jruby/9.4.2.0/jruby-9.4.2.0.jar" package="jruby-9.4.2.0.jar" skipped="0" tests="1" timestamp="2025-10-18T12:32:58.026368028"><testcase classname="dependency-check" name="jruby-9.4.2.0.jar"/></testsuite><testsuite failures="0" errors="0" time="0" id="85" name="/home/runner/.m2/repository/org/jruby/jruby-stdlib/9.4.2.0/jruby-stdlib-9.4.2.0.jar/META-INF/jruby.home/lib/ruby/stdlib/org/bouncycastle/bcpkix-jdk18on/1.71/bcpkix-jdk18on-1.71.jar" package="jruby-stdlib-9.4.2.0.jar: bcpkix-jdk18on-1.71.jar" skipped="0" tests="1" timestamp="2025-10-18T12:32:58.026368028"><testcase classname="dependency-check" name="jruby-stdlib-9.4.2.0.jar: bcpkix-jdk18on-1.71.jar"/></testsuite><testsuite failures="1" errors="0" time="0" id="86" name="/home/runner/.m2/repository/org/jruby/jruby-stdlib/9.4.2.0/jruby-stdlib-9.4.2.0.jar/META-INF/jruby.home/lib/ruby/stdlib/org/bouncycastle/bcprov-jdk18on/1.71/bcprov-jdk18on-1.71.jar" package="jruby-stdlib-9.4.2.0.jar: bcprov-jdk18on-1.71.jar" skipped="0" tests="1" timestamp="2025-10-18T12:32:58.026368028"><testcase classname="CVE-2023-33202" name="cpe:2.3:a:bouncycastle:bouncy_castle_for_java:*:*:*:*:*:*:*:* versions up to (excluding) 1.73"><failure message="cvssV3: MEDIUM, score: 5.5 (CVSS:3.1/AV:L/AC:L/PR:N/UI:R/S:U/C:N/I:N/A:H/E:1.8/RC:R/MAV:A)"/><system-out>Bouncy Castle for Java before 1.73 contains a potential Denial of Service (DoS) issue within the Bouncy Castle org.bouncycastle.openssl.PEMParser class. This class parses OpenSSL PEM encoded streams containing X.509 certificates, PKCS8 encoded keys, and PKCS7 objects. Parsing a file that has crafted ASN.1 data through the PEMParser causes an OutOfMemoryError, which can enable a denial of service attack. (For users of the FIPS Java API: BC-FJA 1.0.2.3 and earlier are affected; BC-FJA 1.0.2.4 is fixed.)</system-out><system-err>location: /home/runner/.m2/repository/org/jruby/jruby-stdlib/9.4.2.0/jruby-stdlib-9.4.2.0.jar/META-INF/jruby.home/lib/ruby/stdlib/org/bouncycastle/bcprov-jdk18on/1.71/bcprov-jdk18on-1.71.jar, project-references: [ SchemaSpy Maven Plugin:compile ]</system-err></testcase></testsuite><testsuite failures="0" errors="0" time="0" id="87" name="/home/runner/.m2/repository/org/jruby/jruby-stdlib/9.4.2.0/jruby-stdlib-9.4.2.0.jar/META-INF/jruby.home/lib/ruby/stdlib/org/bouncycastle/bctls-jdk18on/1.71/bctls-jdk18on-1.71.jar" package="jruby-stdlib-9.4.2.0.jar: bctls-jdk18on-1.71.jar" skipped="0" tests="1" timestamp="2025-10-18T12:32:58.026368028"><testcase classname="dependency-check" name="jruby-stdlib-9.4.2.0.jar: bctls-jdk18on-1.71.jar"/></testsuite><testsuite failures="0" errors="0" time="0" id="88" name="/home/runner/.m2/repository/org/jruby/jruby-stdlib/9.4.2.0/jruby-stdlib-9.4.2.0.jar/META-INF/jruby.home/lib/ruby/stdlib/org/bouncycastle/bcutil-jdk18on/1.71/bcutil-jdk18on-1.71.jar" package="jruby-stdlib-9.4.2.0.jar: bcutil-jdk18on-1.71.jar" skipped="0" tests="1" timestamp="2025-10-18T12:32:58.026368028"><testcase classname="dependency-check" name="jruby-stdlib-9.4.2.0.jar: bcutil-jdk18on-1.71.jar"/></testsuite><testsuite failures="0" errors="0" time="0" id="89" name="/home/runner/.m2/repository/org/jruby/jruby-stdlib/9.4.2.0/jruby-stdlib-9.4.2.0.jar/META-INF/jruby.home/lib/ruby/stdlib/racc/cparse-jruby.jar" package="jruby-stdlib-9.4.2.0.jar: cparse-jruby.jar" skipped="0" tests="1" timestamp="2025-10-18T12:32:58.026368028"><testcase classname="dependency-check" name="jruby-stdlib-9.4.2.0.jar: cparse-jruby.jar"/></testsuite><testsuite failures="0" errors="0" time="0" id="90" name="/home/runner/.m2/repository/org/jruby/jruby-stdlib/9.4.2.0/jruby-stdlib-9.4.2.0.jar/META-INF/jruby.home/lib/ruby/stdlib/rdoc/generator/template/darkfish/js/darkfish.js" package="jruby-stdlib-9.4.2.0.jar: darkfish.js" skipped="0" tests="1" timestamp="2025-10-18T12:32:58.026368028"><testcase classname="dependency-check" name="jruby-stdlib-9.4.2.0.jar: darkfish.js"/></testsuite><testsuite failures="0" errors="0" time="0" id="91" name="/home/runner/.m2/repository/org/jruby/jruby-stdlib/9.4.2.0/jruby-stdlib-9.4.2.0.jar/META-INF/jruby.home/lib/ruby/stdlib/digest.jar" package="jruby-stdlib-9.4.2.0.jar: digest.jar" skipped="0" tests="1" timestamp="2025-10-18T12:32:58.026368028"><testcase classname="dependency-check" name="jruby-stdlib-9.4.2.0.jar: digest.jar"/></testsuite><testsuite failures="0" errors="0" time="0" id="92" name="/home/runner/.m2/repository/org/jruby/jruby-stdlib/9.4.2.0/jruby-stdlib-9.4.2.0.jar/META-INF/jruby.home/lib/ruby/stdlib/cgi/escape.jar" package="jruby-stdlib-9.4.2.0.jar: escape.jar" skipped="0" tests="1" timestamp="2025-10-18T12:32:58.026368028"><testcase classname="dependency-check" name="jruby-stdlib-9.4.2.0.jar: escape.jar"/></testsuite><testsuite failures="0" errors="0" time="0" id="93" name="/home/runner/.m2/repository/org/jruby/jruby-stdlib/9.4.2.0/jruby-stdlib-9.4.2.0.jar/META-INF/jruby.home/lib/ruby/stdlib/json/ext/generator.jar" package="jruby-stdlib-9.4.2.0.jar: generator.jar" skipped="0" tests="1" timestamp="2025-10-18T12:32:58.026368028"><testcase classname="dependency-check" name="jruby-stdlib-9.4.2.0.jar: generator.jar"/></testsuite><testsuite failures="1" errors="0" time="0" id="94" name="/home/runner/.m2/repository/org/jruby/jruby-stdlib/9.4.2.0/jruby-stdlib-9.4.2.0.jar/META-INF/jruby.home/lib/ruby/stdlib/jline/jline/2.14.6/jline-2.14.6.jar" package="jruby-stdlib-9.4.2.0.jar: jline-2.14.6.jar" skipped="0" tests="1" timestamp="2025-10-18T12:32:58.026368028"><testcase classname="CVE-2023-50572" name="pkg:maven/jline/jline@2.14.6"><failure message="cvssV3: MEDIUM, score: 5.5 (CVSS:3.1/AV:L/AC:L/PR:N/UI:R/S:U/C:N/I:N/A:H/E:1.8/RC:R/MAV:A)"/><system-out>An issue in the component GroovyEngine.execute of jline-groovy v3.24.1 allows attackers to cause an OOM (OutofMemory) error.</system-out><system-err>location: /home/runner/.m2/repository/org/jruby/jruby-stdlib/9.4.2.0/jruby-stdlib-9.4.2.0.jar/META-INF/jruby.home/lib/ruby/stdlib/jline/jline/2.14.6/jline-2.14.6.jar, project-references: [ SchemaSpy Maven Plugin:compile ]</system-err></testcase></testsuite><testsuite failures="0" errors="0" time="0" id="95" name="/home/runner/.m2/repository/org/jruby/jruby-stdlib/9.4.2.0/jruby-stdlib-9.4.2.0.jar/META-INF/jruby.home/lib/ruby/stdlib/jline/jline/2.14.6/jline-2.14.6.jar/META-INF/native/windows32/jansi.dll" package="jruby-stdlib-9.4.2.0.jar: jline-2.14.6.jar: jansi.dll" skipped="0" tests="1" timestamp="2025-10-18T12:32:58.026368028"><testcase classname="dependency-check" name="jruby-stdlib-9.4.2.0.jar: jline-2.14.6.jar: jansi.dll"/></testsuite><testsuite failures="0" errors="0" time="0" id="96" name="/home/runner/.m2/repository/org/jruby/jruby-stdlib/9.4.2.0/jruby-stdlib-9.4.2.0.jar/META-INF/jruby.home/lib/ruby/stdlib/jline/jline/2.14.6/jline-2.14.6.jar/META-INF/native/windows64/jansi.dll" package="jruby-stdlib-9.4.2.0.jar: jline-2.14.6.jar: jansi.dll" skipped="0" tests="1" timestamp="2025-10-18T12:32:58.026368028"><testcase classname="dependency-check" name="jruby-stdlib-9.4.2.0.jar: jline-2.14.6.jar: jansi.dll"/></testsuite><testsuite failures="0" errors="0" time="0" id="97" name="/home/runner/.m2/repository/org/jruby/jruby-stdlib/9.4.2.0/jruby-stdlib-9.4.2.0.jar/META-INF/jruby.home/lib/ruby/stdlib/jopenssl.jar/META-INF/maven/rubygems/jruby-openssl/pom.xml" package="jruby-stdlib-9.4.2.0.jar: jopenssl.jar (shaded: rubygems:jruby-openssl:0.14.0)" skipped="0" tests="1" timestamp="2025-10-18T12:32:58.026368028"><testcase classname="dependency-check" name="jruby-stdlib-9.4.2.0.jar: jopenssl.jar (shaded: rubygems:jruby-openssl:0.14.0)"/></testsuite><testsuite failures="0" errors="0" time="0" id="98" name="/home/runner/.m2/repository/org/jruby/jruby-stdlib/9.4.2.0/jruby-stdlib-9.4.2.0.jar/META-INF/jruby.home/lib/ruby/stdlib/jopenssl.jar" package="jruby-stdlib-9.4.2.0.jar: jopenssl.jar" skipped="0" tests="1" timestamp="2025-10-18T12:32:58.026368028"><testcase classname="dependency-check" name="jruby-stdlib-9.4.2.0.jar: jopenssl.jar"/></testsuite><testsuite failures="0" errors="0" time="0" id="99" name="/home/runner/.m2/repository/org/jruby/jruby-stdlib/9.4.2.0/jruby-stdlib-9.4.2.0.jar/META-INF/jruby.home/bin/jruby.dll" package="jruby-stdlib-9.4.2.0.jar: jruby.dll" skipped="0" tests="1" timestamp="2025-10-18T12:32:58.026368028"><testcase classname="dependency-check" name="jruby-stdlib-9.4.2.0.jar: jruby.dll"/></testsuite><testsuite failures="0" errors="0" time="0" id="100" name="/home/runner/.m2/repository/org/jruby/jruby-stdlib/9.4.2.0/jruby-stdlib-9.4.2.0.jar/META-INF/jruby.home/bin/jruby.exe" package="jruby-stdlib-9.4.2.0.jar: jruby.exe" skipped="0" tests="1" timestamp="2025-10-18T12:32:58.026368028"><testcase classname="dependency-check" name="jruby-stdlib-9.4.2.0.jar: jruby.exe"/></testsuite><testsuite failures="0" errors="0" time="0" id="101" name="/home/runner/.m2/repository/org/jruby/jruby-stdlib/9.4.2.0/jruby-stdlib-9.4.2.0.jar/META-INF/jruby.home/bin/jrubyw.exe" package="jruby-stdlib-9.4.2.0.jar: jrubyw.exe" skipped="0" tests="1" timestamp="2025-10-18T12:32:58.026368028"><testcase classname="dependency-check" name="jruby-stdlib-9.4.2.0.jar: jrubyw.exe"/></testsuite><testsuite failures="0" errors="0" time="0" id="102" name="/home/runner/.m2/repository/org/jruby/jruby-stdlib/9.4.2.0/jruby-stdlib-9.4.2.0.jar/META-INF/jruby.home/lib/ruby/stdlib/rdoc/generator/template/json_index/js/navigation.js" package="jruby-stdlib-9.4.2.0.jar: navigation.js" skipped="0" tests="1" timestamp="2025-10-18T12:32:58.026368028"><testcase classname="dependency-check" name="jruby-stdlib-9.4.2.0.jar: navigation.js"/></testsuite><testsuite failures="0" errors="0" time="0" id="103" name="/home/runner/.m2/repository/org/jruby/jruby-stdlib/9.4.2.0/jruby-stdlib-9.4.2.0.jar/META-INF/jruby.home/lib/ruby/stdlib/json/ext/parser.jar" package="jruby-stdlib-9.4.2.0.jar: parser.jar" skipped="0" tests="1" timestamp="2025-10-18T12:32:58.026368028"><testcase classname="dependency-check" name="jruby-stdlib-9.4.2.0.jar: parser.jar"/></testsuite><testsuite failures="0" errors="0" time="0" id="104" name="/home/runner/.m2/repository/org/jruby/jruby-stdlib/9.4.2.0/jruby-stdlib-9.4.2.0.jar/META-INF/jruby.home/lib/ruby/stdlib/psych.jar" package="jruby-stdlib-9.4.2.0.jar: psych.jar" skipped="0" tests="1" timestamp="2025-10-18T12:32:58.026368028"><testcase classname="dependency-check" name="jruby-stdlib-9.4.2.0.jar: psych.jar"/></testsuite><testsuite failures="0" errors="0" time="0" id="105" name="/home/runner/.m2/repository/org/jruby/jruby-stdlib/9.4.2.0/jruby-stdlib-9.4.2.0.jar/META-INF/jruby.home/lib/ruby/stdlib/readline.jar/META-INF/maven/rubygems/jruby-readline/pom.xml" package="jruby-stdlib-9.4.2.0.jar: readline.jar (shaded: rubygems:jruby-readline:1.3.7)" skipped="0" tests="1" timestamp="2025-10-18T12:32:58.026368028"><testcase classname="dependency-check" name="jruby-stdlib-9.4.2.0.jar: readline.jar (shaded: rubygems:jruby-readline:1.3.7)"/></testsuite><testsuite failures="0" errors="0" time="0" id="106" name="/home/runner/.m2/repository/org/jruby/jruby-stdlib/9.4.2.0/jruby-stdlib-9.4.2.0.jar/META-INF/jruby.home/lib/ruby/stdlib/readline.jar" package="jruby-stdlib-9.4.2.0.jar: readline.jar" skipped="0" tests="1" timestamp="2025-10-18T12:32:58.026368028"><testcase classname="dependency-check" name="jruby-stdlib-9.4.2.0.jar: readline.jar"/></testsuite><testsuite failures="0" errors="0" time="0" id="107" name="/home/runner/.m2/repository/org/jruby/jruby-stdlib/9.4.2.0/jruby-stdlib-9.4.2.0.jar/META-INF/jruby.home/lib/ruby/stdlib/rdoc/generator/template/darkfish/js/search.js" package="jruby-stdlib-9.4.2.0.jar: search.js" skipped="0" tests="1" timestamp="2025-10-18T12:32:58.026368028"><testcase classname="dependency-check" name="jruby-stdlib-9.4.2.0.jar: search.js"/></testsuite><testsuite failures="0" errors="0" time="0" id="108" name="/home/runner/.m2/repository/org/jruby/jruby-stdlib/9.4.2.0/jruby-stdlib-9.4.2.0.jar/META-INF/jruby.home/lib/ruby/stdlib/rdoc/generator/template/json_index/js/searcher.js" package="jruby-stdlib-9.4.2.0.jar: searcher.js" skipped="0" tests="1" timestamp="2025-10-18T12:32:58.026368028"><testcase classname="dependency-check" name="jruby-stdlib-9.4.2.0.jar: searcher.js"/></testsuite><testsuite failures="0" errors="0" time="0" id="109" name="/home/runner/.m2/repository/org/jruby/jruby-stdlib/9.4.2.0/jruby-stdlib-9.4.2.0.jar/META-INF/jruby.home/lib/ruby/stdlib/org/snakeyaml/snakeyaml-engine/2.6/snakeyaml-engine-2.6.jar" package="jruby-stdlib-9.4.2.0.jar: snakeyaml-engine-2.6.jar" skipped="0" tests="1" timestamp="2025-10-18T12:32:58.026368028"><testcase classname="dependency-check" name="jruby-stdlib-9.4.2.0.jar: snakeyaml-engine-2.6.jar"/></testsuite><testsuite failures="0" errors="0" time="0" id="110" name="/home/runner/.m2/repository/org/jruby/jruby-stdlib/9.4.2.0/jruby-stdlib-9.4.2.0.jar/META-INF/jruby.home/lib/ruby/stdlib/stringio.jar" package="jruby-stdlib-9.4.2.0.jar: stringio.jar" skipped="0" tests="1" timestamp="2025-10-18T12:32:58.026368028"><testcase classname="dependency-check" name="jruby-stdlib-9.4.2.0.jar: stringio.jar"/></testsuite><testsuite failures="0" errors="0" time="0" id="111" name="/home/runner/.m2/repository/org/jruby/jruby-stdlib/9.4.2.0/jruby-stdlib-9.4.2.0.jar/META-INF/jruby.home/lib/ruby/stdlib/strscan.jar" package="jruby-stdlib-9.4.2.0.jar: strscan.jar" skipped="0" tests="1" timestamp="2025-10-18T12:32:58.026368028"><testcase classname="dependency-check" name="jruby-stdlib-9.4.2.0.jar: strscan.jar"/></testsuite><testsuite failures="0" errors="0" time="0" id="112" name="/home/runner/.m2/repository/org/jruby/jruby-stdlib/9.4.2.0/jruby-stdlib-9.4.2.0.jar/META-INF/jruby.home/lib/ruby/stdlib/io/wait.jar" package="jruby-stdlib-9.4.2.0.jar: wait.jar" skipped="0" tests="1" timestamp="2025-10-18T12:32:58.026368028"><testcase classname="dependency-check" name="jruby-stdlib-9.4.2.0.jar: wait.jar"/></testsuite><testsuite failures="0" errors="0" time="0" id="113" name="/home/runner/.m2/repository/org/json/json/20231013/json-20231013.jar" package="json-20231013.jar" skipped="0" tests="1" timestamp="2025-10-18T12:32:58.026368028"><testcase classname="dependency-check" name="json-20231013.jar"/></testsuite><testsuite failures="0" errors="0" time="0" id="114" name="/home/runner/.m2/repository/com/github/cliftonlabs/json-simple/3.0.2/json-simple-3.0.2.jar" package="json-simple-3.0.2.jar" skipped="0" tests="1" timestamp="2025-10-18T12:32:58.026368028"><testcase classname="dependency-check" name="json-simple-3.0.2.jar"/></testsuite><testsuite failures="0" errors="0" time="0" id="115" name="/home/runner/.m2/repository/org/jspecify/jspecify/1.0.0/jspecify-1.0.0.jar" package="jspecify-1.0.0.jar" skipped="0" tests="1" timestamp="2025-10-18T12:32:58.026368028"><testcase classname="dependency-check" name="jspecify-1.0.0.jar"/></testsuite><testsuite failures="0" errors="0" time="0" id="116" name="/home/runner/.m2/repository/org/slf4j/jul-to-slf4j/2.0.7/jul-to-slf4j-2.0.7.jar" package="jul-to-slf4j-2.0.7.jar" skipped="0" tests="1" timestamp="2025-10-18T12:32:58.026368028"><testcase classname="dependency-check" name="jul-to-slf4j-2.0.7.jar"/></testsuite><testsuite failures="0" errors="0" time="0" id="117" name="/home/runner/.m2/repository/com/jcraft/jzlib/1.1.3/jzlib-1.1.3.jar" package="jzlib-1.1.3.jar" skipped="0" tests="1" timestamp="2025-10-18T12:32:58.026368028"><testcase classname="dependency-check" name="jzlib-1.1.3.jar"/></testsuite><testsuite failures="0" errors="0" time="0" id="118" name="/home/runner/.m2/repository/org/slf4j/log4j-over-slf4j/2.0.7/log4j-over-slf4j-2.0.7.jar" package="log4j-over-slf4j-2.0.7.jar" skipped="0" tests="1" timestamp="2025-10-18T12:32:58.026368028"><testcase classname="dependency-check" name="log4j-over-slf4j-2.0.7.jar"/></testsuite><testsuite failures="0" errors="0" time="0" id="119" name="/home/runner/.m2/repository/ch/qos/logback/logback-core/1.4.12/logback-core-1.4.12.jar" package="logback-core-1.4.12.jar" skipped="0" tests="1" timestamp="2025-10-18T12:32:58.026368028"><testcase classname="dependency-check" name="logback-core-1.4.12.jar"/></testsuite><testsuite failures="0" errors="0" time="0" id="120" name="/home/runner/.m2/repository/org/apache/maven/maven-archiver/3.6.2/maven-archiver-3.6.2.jar" package="maven-archiver-3.6.2.jar" skipped="0" tests="1" timestamp="2025-10-18T12:32:58.026368028"><testcase classname="dependency-check" name="maven-archiver-3.6.2.jar"/></testsuite><testsuite failures="0" errors="0" time="0" id="121" name="/home/runner/.m2/repository/org/apache/maven/maven-artifact/3.9.11/maven-artifact-3.9.11.jar" package="maven-artifact-3.9.11.jar" skipped="0" tests="1" timestamp="2025-10-18T12:32:58.026368028"><testcase classname="dependency-check" name="maven-artifact-3.9.11.jar"/></testsuite><testsuite failures="0" errors="0" time="0" id="122" name="/home/runner/.m2/repository/org/apache/maven/maven-builder-support/3.9.11/maven-builder-support-3.9.11.jar" package="maven-builder-support-3.9.11.jar" skipped="0" tests="1" timestamp="2025-10-18T12:32:58.026368028"><testcase classname="dependency-check" name="maven-builder-support-3.9.11.jar"/></testsuite><testsuite failures="0" errors="0" time="0" id="123" name="/home/runner/.m2/repository/org/apache/maven/maven-core/3.9.11/maven-core-3.9.11.jar" package="maven-core-3.9.11.jar" skipped="0" tests="1" timestamp="2025-10-18T12:32:58.026368028"><testcase classname="dependency-check" name="maven-core-3.9.11.jar"/></testsuite><testsuite failures="0" errors="0" time="0" id="124" name="/home/runner/.m2/repository/org/apache/maven/maven-model/3.9.11/maven-model-3.9.11.jar" package="maven-model-3.9.11.jar" skipped="0" tests="1" timestamp="2025-10-18T12:32:58.026368028"><testcase classname="dependency-check" name="maven-model-3.9.11.jar"/></testsuite><testsuite failures="0" errors="0" time="0" id="125" name="/home/runner/.m2/repository/org/apache/maven/maven-model-builder/3.9.11/maven-model-builder-3.9.11.jar" package="maven-model-builder-3.9.11.jar" skipped="0" tests="1" timestamp="2025-10-18T12:32:58.026368028"><testcase classname="dependency-check" name="maven-model-builder-3.9.11.jar"/></testsuite><testsuite failures="0" errors="0" time="0" id="126" name="/home/runner/.m2/repository/org/apache/maven/plugin-tools/maven-plugin-annotations/3.15.1/maven-plugin-annotations-3.15.1.jar" package="maven-plugin-annotations-3.15.1.jar" skipped="0" tests="1" timestamp="2025-10-18T12:32:58.026368028"><testcase classname="dependency-check" name="maven-plugin-annotations-3.15.1.jar"/></testsuite><testsuite failures="0" errors="0" time="0" id="127" name="/home/runner/.m2/repository/org/apache/maven/maven-plugin-api/3.9.11/maven-plugin-api-3.9.11.jar" package="maven-plugin-api-3.9.11.jar" skipped="0" tests="1" timestamp="2025-10-18T12:32:58.026368028"><testcase classname="dependency-check" name="maven-plugin-api-3.9.11.jar"/></testsuite><testsuite failures="0" errors="0" time="0" id="128" name="/home/runner/.m2/repository/org/apache/maven/reporting/maven-reporting-api/4.0.0/maven-reporting-api-4.0.0.jar" package="maven-reporting-api-4.0.0.jar" skipped="0" tests="1" timestamp="2025-10-18T12:32:58.026368028"><testcase classname="dependency-check" name="maven-reporting-api-4.0.0.jar"/></testsuite><testsuite failures="0" errors="0" time="0" id="129" name="/home/runner/.m2/repository/org/apache/maven/reporting/maven-reporting-impl/4.0.0/maven-reporting-impl-4.0.0.jar" package="maven-reporting-impl-4.0.0.jar" skipped="0" tests="1" timestamp="2025-10-18T12:32:58.026368028"><testcase classname="dependency-check" name="maven-reporting-impl-4.0.0.jar"/></testsuite><testsuite failures="0" errors="0" time="0" id="130" name="/home/runner/.m2/repository/org/apache/maven/maven-repository-metadata/3.9.11/maven-repository-metadata-3.9.11.jar" package="maven-repository-metadata-3.9.11.jar" skipped="0" tests="1" timestamp="2025-10-18T12:32:58.026368028"><testcase classname="dependency-check" name="maven-repository-metadata-3.9.11.jar"/></testsuite><testsuite failures="0" errors="0" time="0" id="131" name="/home/runner/.m2/repository/org/apache/maven/resolver/maven-resolver-api/1.9.24/maven-resolver-api-1.9.24.jar" package="maven-resolver-api-1.9.24.jar" skipped="0" tests="1" timestamp="2025-10-18T12:32:58.026368028"><testcase classname="dependency-check" name="maven-resolver-api-1.9.24.jar"/></testsuite><testsuite failures="0" errors="0" time="0" id="132" name="/home/runner/.m2/repository/org/apache/maven/resolver/maven-resolver-impl/1.9.24/maven-resolver-impl-1.9.24.jar" package="maven-resolver-impl-1.9.24.jar" skipped="0" tests="1" timestamp="2025-10-18T12:32:58.026368028"><testcase classname="dependency-check" name="maven-resolver-impl-1.9.24.jar"/></testsuite><testsuite failures="0" errors="0" time="0" id="133" name="/home/runner/.m2/repository/org/apache/maven/resolver/maven-resolver-named-locks/1.9.24/maven-resolver-named-locks-1.9.24.jar" package="maven-resolver-named-locks-1.9.24.jar" skipped="0" tests="1" timestamp="2025-10-18T12:32:58.026368028"><testcase classname="dependency-check" name="maven-resolver-named-locks-1.9.24.jar"/></testsuite><testsuite failures="0" errors="0" time="0" id="134" name="/home/runner/.m2/repository/org/apache/maven/maven-resolver-provider/3.9.11/maven-resolver-provider-3.9.11.jar" package="maven-resolver-provider-3.9.11.jar" skipped="0" tests="1" timestamp="2025-10-18T12:32:58.026368028"><testcase classname="dependency-check" name="maven-resolver-provider-3.9.11.jar"/></testsuite><testsuite failures="0" errors="0" time="0" id="135" name="/home/runner/.m2/repository/org/apache/maven/resolver/maven-resolver-spi/1.9.24/maven-resolver-spi-1.9.24.jar" package="maven-resolver-spi-1.9.24.jar" skipped="0" tests="1" timestamp="2025-10-18T12:32:58.026368028"><testcase classname="dependency-check" name="maven-resolver-spi-1.9.24.jar"/></testsuite><testsuite failures="0" errors="0" time="0" id="136" name="/home/runner/.m2/repository/org/apache/maven/resolver/maven-resolver-util/1.9.24/maven-resolver-util-1.9.24.jar" package="maven-resolver-util-1.9.24.jar" skipped="0" tests="1" timestamp="2025-10-18T12:32:58.026368028"><testcase classname="dependency-check" name="maven-resolver-util-1.9.24.jar"/></testsuite><testsuite failures="0" errors="0" time="0" id="137" name="/home/runner/.m2/repository/org/apache/maven/maven-settings/3.9.11/maven-settings-3.9.11.jar" package="maven-settings-3.9.11.jar" skipped="0" tests="1" timestamp="2025-10-18T12:32:58.026368028"><testcase classname="dependency-check" name="maven-settings-3.9.11.jar"/></testsuite><testsuite failures="0" errors="0" time="0" id="138" name="/home/runner/.m2/repository/org/apache/maven/maven-settings-builder/3.9.11/maven-settings-builder-3.9.11.jar" package="maven-settings-builder-3.9.11.jar" skipped="0" tests="1" timestamp="2025-10-18T12:32:58.026368028"><testcase classname="dependency-check" name="maven-settings-builder-3.9.11.jar"/></testsuite><testsuite failures="0" errors="0" time="0" id="139" name="/home/runner/.m2/repository/org/apache/maven/shared/maven-shared-utils/3.4.2/maven-shared-utils-3.4.2.jar" package="maven-shared-utils-3.4.2.jar" skipped="0" tests="1" timestamp="2025-10-18T12:32:58.026368028"><testcase classname="dependency-check" name="maven-shared-utils-3.4.2.jar"/></testsuite><testsuite failures="0" errors="0" time="0" id="140" name="/home/runner/.m2/repository/com/microsoft/sqlserver/mssql-jdbc/13.2.1.jre11/mssql-jdbc-13.2.1.jre11.jar" package="mssql-jdbc-13.2.1.jre11.jar" skipped="0" tests="1" timestamp="2025-10-18T12:32:58.026368028"><testcase classname="dependency-check" name="mssql-jdbc-13.2.1.jre11.jar"/></testsuite><testsuite failures="0" errors="0" time="0" id="141" name="/home/runner/.m2/repository/com/mysql/mysql-connector-j/9.4.0/mysql-connector-j-9.4.0.jar" package="mysql-connector-j-9.4.0.jar" skipped="0" tests="1" timestamp="2025-10-18T12:32:58.026368028"><testcase classname="dependency-check" name="mysql-connector-j-9.4.0.jar"/></testsuite><testsuite failures="0" errors="0" time="0" id="142" name="/home/runner/.m2/repository/org/openjdk/nashorn/nashorn-core/15.4/nashorn-core-15.4.jar" package="nashorn-core-15.4.jar" skipped="0" tests="1" timestamp="2025-10-18T12:32:58.026368028"><testcase classname="dependency-check" name="nashorn-core-15.4.jar"/></testsuite><testsuite failures="0" errors="0" time="0" id="143" name="/home/runner/.m2/repository/org/openjdk/nashorn/nashorn-core/15.4/nashorn-core-15.4.jar/org/openjdk/nashorn/internal/runtime/resources/fx/base.js" package="nashorn-core-15.4.jar: base.js" skipped="0" tests="1" timestamp="2025-10-18T12:32:58.026368028"><testcase classname="dependency-check" name="nashorn-core-15.4.jar: base.js"/></testsuite><testsuite failures="0" errors="0" time="0" id="144" name="/home/runner/.m2/repository/org/openjdk/nashorn/nashorn-core/15.4/nashorn-core-15.4.jar/org/openjdk/nashorn/internal/runtime/resources/fx/bootstrap.js" package="nashorn-core-15.4.jar: bootstrap.js" skipped="0" tests="1" timestamp="2025-10-18T12:32:58.026368028"><testcase classname="dependency-check" name="nashorn-core-15.4.jar: bootstrap.js"/></testsuite><testsuite failures="0" errors="0" time="0" id="145" name="/home/runner/.m2/repository/org/openjdk/nashorn/nashorn-core/15.4/nashorn-core-15.4.jar/org/openjdk/nashorn/internal/runtime/resources/fx/controls.js" package="nashorn-core-15.4.jar: controls.js" skipped="0" tests="1" timestamp="2025-10-18T12:32:58.026368028"><testcase classname="dependency-check" name="nashorn-core-15.4.jar: controls.js"/></testsuite><testsuite failures="0" errors="0" time="0" id="146" name="/home/runner/.m2/repository/org/openjdk/nashorn/nashorn-core/15.4/nashorn-core-15.4.jar/org/openjdk/nashorn/internal/runtime/resources/fx/fxml.js" package="nashorn-core-15.4.jar: fxml.js" skipped="0" tests="1" timestamp="2025-10-18T12:32:58.026368028"><testcase classname="dependency-check" name="nashorn-core-15.4.jar: fxml.js"/></testsuite><testsuite failures="0" errors="0" time="0" id="147" name="/home/runner/.m2/repository/org/openjdk/nashorn/nashorn-core/15.4/nashorn-core-15.4.jar/org/openjdk/nashorn/internal/runtime/resources/fx/graphics.js" package="nashorn-core-15.4.jar: graphics.js" skipped="0" tests="1" timestamp="2025-10-18T12:32:58.026368028"><testcase classname="dependency-check" name="nashorn-core-15.4.jar: graphics.js"/></testsuite><testsuite failures="0" errors="0" time="0" id="148" name="/home/runner/.m2/repository/org/openjdk/nashorn/nashorn-core/15.4/nashorn-core-15.4.jar/org/openjdk/nashorn/internal/runtime/resources/fx/media.js" package="nashorn-core-15.4.jar: media.js" skipped="0" tests="1" timestamp="2025-10-18T12:32:58.026368028"><testcase classname="dependency-check" name="nashorn-core-15.4.jar: media.js"/></testsuite><testsuite failures="0" errors="0" time="0" id="149" name="/home/runner/.m2/repository/org/openjdk/nashorn/nashorn-core/15.4/nashorn-core-15.4.jar/org/openjdk/nashorn/internal/runtime/resources/mozilla_compat.js" package="nashorn-core-15.4.jar: mozilla_compat.js" skipped="0" tests="1" timestamp="2025-10-18T12:32:58.026368028"><testcase classname="dependency-check" name="nashorn-core-15.4.jar: mozilla_compat.js"/></testsuite><testsuite failures="0" errors="0" time="0" id="150" name="/home/runner/.m2/repository/org/openjdk/nashorn/nashorn-core/15.4/nashorn-core-15.4.jar/org/openjdk/nashorn/internal/runtime/resources/parser.js" package="nashorn-core-15.4.jar: parser.js" skipped="0" tests="1" timestamp="2025-10-18T12:32:58.026368028"><testcase classname="dependency-check" name="nashorn-core-15.4.jar: parser.js"/></testsuite><testsuite failures="0" errors="0" time="0" id="151" name="/home/runner/.m2/repository/org/openjdk/nashorn/nashorn-core/15.4/nashorn-core-15.4.jar/org/openjdk/nashorn/internal/runtime/resources/fx/swing.js" package="nashorn-core-15.4.jar: swing.js" skipped="0" tests="1" timestamp="2025-10-18T12:32:58.026368028"><testcase classname="dependency-check" name="nashorn-core-15.4.jar: swing.js"/></testsuite><testsuite failures="0" errors="0" time="0" id="152" name="/home/runner/.m2/repository/org/openjdk/nashorn/nashorn-core/15.4/nashorn-core-15.4.jar/org/openjdk/nashorn/internal/runtime/resources/fx/web.js" package="nashorn-core-15.4.jar: web.js" skipped="0" tests="1" timestamp="2025-10-18T12:32:58.026368028"><testcase classname="dependency-check" name="nashorn-core-15.4.jar: web.js"/></testsuite><testsuite failures="0" errors="0" time="0" id="153" name="/home/runner/.m2/repository/com/oracle/database/jdbc/ojdbc11/23.9.0.25.07/ojdbc11-23.9.0.25.07.jar" package="ojdbc11-23.9.0.25.07.jar" skipped="0" tests="1" timestamp="2025-10-18T12:32:58.026368028"><testcase classname="dependency-check" name="ojdbc11-23.9.0.25.07.jar"/></testsuite><testsuite failures="0" errors="0" time="0" id="154" name="/home/runner/.m2/repository/com/headius/options/1.6/options-1.6.jar" package="options-1.6.jar" skipped="0" tests="1" timestamp="2025-10-18T12:32:58.026368028"><testcase classname="dependency-check" name="options-1.6.jar"/></testsuite><testsuite failures="0" errors="0" time="0" id="155" name="/home/runner/.m2/repository/org/eclipse/sisu/org.eclipse.sisu.inject/0.9.0.M4/org.eclipse.sisu.inject-0.9.0.M4.jar" package="org.eclipse.sisu.inject-0.9.0.M4.jar" skipped="0" tests="1" timestamp="2025-10-18T12:32:58.026368028"><testcase classname="dependency-check" name="org.eclipse.sisu.inject-0.9.0.M4.jar"/></testsuite><testsuite failures="0" errors="0" time="0" id="156" name="/home/runner/.m2/repository/org/eclipse/sisu/org.eclipse.sisu.plexus/0.9.0.M4/org.eclipse.sisu.plexus-0.9.0.M4.jar" package="org.eclipse.sisu.plexus-0.9.0.M4.jar" skipped="0" tests="1" timestamp="2025-10-18T12:32:58.026368028"><testcase classname="dependency-check" name="org.eclipse.sisu.plexus-0.9.0.M4.jar"/></testsuite><testsuite failures="2" errors="0" time="0" id="157" name="/home/runner/.m2/repository/org/codehaus/plexus/plexus-archiver/2.2/plexus-archiver-2.2.jar" package="plexus-archiver-2.2.jar" skipped="0" tests="2" timestamp="2025-10-18T12:32:58.026368028"><testcase classname="CVE-2023-37460" name="pkg:maven/org.codehaus.plexus/plexus-archiver@2.2"><failure message="cvssV3: CRITICAL, score: 9.8 (CVSS:3.1/AV:N/AC:L/PR:N/UI:N/S:U/C:H/I:H/A:H/E:3.9/RC:R/MAV:A)"/><system-out>Plexis Archiver is a collection of Plexus components to create archives or extract archives to a directory with a unified `Archiver`/`UnArchiver` API. Prior to version 4.8.0, using AbstractUnArchiver for extracting an archive might lead to an arbitrary file creation and possibly remote code execution. When extracting an archive with an entry that already exists in the destination directory as a symbolic link whose target does not exist - the `resolveFile()` function will return the symlink&apos;s source instead of its target, which will pass the verification that ensures the file will not be extracted outside of the destination directory. Later `Files.newOutputStream()`, that follows symlinks by default,  will actually write the entry&apos;s content to the symlink&apos;s target. Whoever uses plexus archiver to extract an untrusted archive is vulnerable to an arbitrary file creation and possibly remote code execution. Version 4.8.0 contains a patch for this issue.</system-out><system-err>location: /home/runner/.m2/repository/org/codehaus/plexus/plexus-archiver/2.2/plexus-archiver-2.2.jar, project-references: [ SchemaSpy Maven Plugin:compile ]</system-err></testcase><testcase classname="CVE-2018-1002200" name="pkg:maven/org.codehaus.plexus/plexus-archiver@2.2"><failure message="cvssV3: MEDIUM, score: 5.5 (CVSS:3.0/AV:L/AC:L/PR:N/UI:R/S:U/C:N/I:H/A:N/E:1.8/RC:R/MAV:A)"/><system-out>plexus-archiver before 3.6.0 is vulnerable to directory traversal, allowing attackers to write to arbitrary files via a ../ (dot dot slash) in an archive entry that is mishandled during extraction. This vulnerability is also known as &apos;Zip-Slip&apos;.</system-out><system-err>location: /home/runner/.m2/repository/org/codehaus/plexus/plexus-archiver/2.2/plexus-archiver-2.2.jar, project-references: [ SchemaSpy Maven Plugin:compile ]</system-err></testcase></testsuite><testsuite failures="0" errors="0" time="0" id="158" name="/home/runner/.m2/repository/org/codehaus/plexus/plexus-cipher/2.0/plexus-cipher-2.0.jar" package="plexus-cipher-2.0.jar" skipped="0" tests="1" timestamp="2025-10-18T12:32:58.026368028"><testcase classname="dependency-check" name="plexus-cipher-2.0.jar"/></testsuite><testsuite failures="0" errors="0" time="0" id="159" name="/home/runner/.m2/repository/org/codehaus/plexus/plexus-classworlds/2.9.0/plexus-classworlds-2.9.0.jar" package="plexus-classworlds-2.9.0.jar" skipped="0" tests="1" timestamp="2025-10-18T12:32:58.026368028"><testcase classname="dependency-check" name="plexus-classworlds-2.9.0.jar"/></testsuite><testsuite failures="0" errors="0" time="0" id="160" name="/home/runner/.m2/repository/org/codehaus/plexus/plexus-component-annotations/2.2.0/plexus-component-annotations-2.2.0.jar" package="plexus-component-annotations-2.2.0.jar" skipped="0" tests="1" timestamp="2025-10-18T12:32:58.026368028"><testcase classname="dependency-check" name="plexus-component-annotations-2.2.0.jar"/></testsuite><testsuite failures="0" errors="0" time="0" id="161" name="/home/runner/.m2/repository/org/codehaus/plexus/plexus-container-default/1.0-alpha-9-stable-1/plexus-container-default-1.0-alpha-9-stable-1.jar" package="plexus-container-default-1.0-alpha-9-stable-1.jar" skipped="0" tests="1" timestamp="2025-10-18T12:32:58.026368028"><testcase classname="dependency-check" name="plexus-container-default-1.0-alpha-9-stable-1.jar"/></testsuite><testsuite failures="0" errors="0" time="0" id="162" name="/home/runner/.m2/repository/org/codehaus/plexus/plexus-i18n/1.0-beta-10/plexus-i18n-1.0-beta-10.jar" package="plexus-i18n-1.0-beta-10.jar" skipped="0" tests="1" timestamp="2025-10-18T12:32:58.026368028"><testcase classname="dependency-check" name="plexus-i18n-1.0-beta-10.jar"/></testsuite><testsuite failures="0" errors="0" time="0" id="163" name="/home/runner/.m2/repository/org/codehaus/plexus/plexus-interpolation/1.28/plexus-interpolation-1.28.jar" package="plexus-interpolation-1.28.jar" skipped="0" tests="1" timestamp="2025-10-18T12:32:58.026368028"><testcase classname="dependency-check" name="plexus-interpolation-1.28.jar"/></testsuite><testsuite failures="0" errors="0" time="0" id="164" name="/home/runner/.m2/repository/org/codehaus/plexus/plexus-io/2.0.4/plexus-io-2.0.4.jar" package="plexus-io-2.0.4.jar" skipped="0" tests="1" timestamp="2025-10-18T12:32:58.026368028"><testcase classname="dependency-check" name="plexus-io-2.0.4.jar"/></testsuite><testsuite failures="0" errors="0" time="0" id="165" name="/home/runner/.m2/repository/org/codehaus/plexus/plexus-sec-dispatcher/2.0/plexus-sec-dispatcher-2.0.jar" package="plexus-sec-dispatcher-2.0.jar" skipped="0" tests="1" timestamp="2025-10-18T12:32:58.026368028"><testcase classname="dependency-check" name="plexus-sec-dispatcher-2.0.jar"/></testsuite><testsuite failures="0" errors="0" time="0" id="166" name="/home/runner/.m2/repository/org/codehaus/plexus/plexus-utils/3.6.0/plexus-utils-3.6.0.jar" package="plexus-utils-3.6.0.jar" skipped="0" tests="1" timestamp="2025-10-18T12:32:58.026368028"><testcase classname="dependency-check" name="plexus-utils-3.6.0.jar"/></testsuite><testsuite failures="0" errors="0" time="0" id="167" name="/home/runner/.m2/repository/org/codehaus/plexus/plexus-velocity/2.2.0/plexus-velocity-2.2.0.jar" package="plexus-velocity-2.2.0.jar" skipped="0" tests="1" timestamp="2025-10-18T12:32:58.026368028"><testcase classname="dependency-check" name="plexus-velocity-2.2.0.jar"/></testsuite><testsuite failures="0" errors="0" time="0" id="168" name="/home/runner/.m2/repository/org/codehaus/plexus/plexus-xml/3.0.1/plexus-xml-3.0.1.jar" package="plexus-xml-3.0.1.jar" skipped="0" tests="1" timestamp="2025-10-18T12:32:58.026368028"><testcase classname="dependency-check" name="plexus-xml-3.0.1.jar"/></testsuite><testsuite failures="0" errors="0" time="0" id="169" name="/home/runner/.m2/repository/org/postgresql/postgresql/42.7.8/postgresql-42.7.8.jar" package="postgresql-42.7.8.jar" skipped="0" tests="1" timestamp="2025-10-18T12:32:58.026368028"><testcase classname="dependency-check" name="postgresql-42.7.8.jar"/></testsuite><testsuite failures="0" errors="0" time="0" id="170" name="/home/runner/.m2/repository/com/google/protobuf/protobuf-java/4.31.1/protobuf-java-4.31.1.jar" package="protobuf-java-4.31.1.jar" skipped="0" tests="1" timestamp="2025-10-18T12:32:58.026368028"><testcase classname="dependency-check" name="protobuf-java-4.31.1.jar"/></testsuite><testsuite failures="1" errors="0" time="0" id="171" name="/home/runner/.m2/repository/org/schemaspy/schemaspy/7.0.2/schemaspy-7.0.2.jar" package="schemaspy-7.0.2.jar" skipped="0" tests="1" timestamp="2025-10-18T12:32:58.026368028"><testcase classname="CVE-2024-9410" name="pkg:maven/org.schemaspy/schemaspy@7.0.2"><failure message="cvssV3: MEDIUM, score: 5.3 (CVSS:3.1/AV:N/AC:L/PR:N/UI:N/S:U/C:N/I:L/A:N/E:3.9/RC:R/MAV:A)"/><system-out>Ada.cx&apos;s Sentry configuration allowed for blind server-side request forgeries (SSRF) through the use of a data scraping endpoint.</system-out><system-err>location: /home/runner/.m2/repository/org/schemaspy/schemaspy/7.0.2/schemaspy-7.0.2.jar, project-references: [ SchemaSpy Maven Plugin:compile ]</system-err></testcase></testsuite><testsuite failures="0" errors="0" time="0" id="172" name="/home/runner/.m2/repository/org/schemaspy/schemaspy/7.0.2/schemaspy-7.0.2.jar/layout/bower/anchor-js/anchor.min.js" package="schemaspy-7.0.2.jar: anchor.min.js" skipped="0" tests="1" timestamp="2025-10-18T12:32:58.026368028"><testcase classname="dependency-check" name="schemaspy-7.0.2.jar: anchor.min.js"/></testsuite><testsuite failures="0" errors="0" time="0" id="173" name="/home/runner/.m2/repository/org/schemaspy/schemaspy/7.0.2/schemaspy-7.0.2.jar/layout/anomalies.js" package="schemaspy-7.0.2.jar: anomalies.js" skipped="0" tests="1" timestamp="2025-10-18T12:32:58.026368028"><testcase classname="dependency-check" name="schemaspy-7.0.2.jar: anomalies.js"/></testsuite><testsuite failures="0" errors="0" time="0" id="174" name="/home/runner/.m2/repository/org/schemaspy/schemaspy/7.0.2/schemaspy-7.0.2.jar/layout/bower/admin-lte/dist/js/app.js" package="schemaspy-7.0.2.jar: app.js" skipped="0" tests="1" timestamp="2025-10-18T12:32:58.026368028"><testcase classname="dependency-check" name="schemaspy-7.0.2.jar: app.js"/></testsuite><testsuite failures="0" errors="0" time="0" id="175" name="/home/runner/.m2/repository/org/schemaspy/schemaspy/7.0.2/schemaspy-7.0.2.jar/layout/bower/admin-lte/dist/js/app.min.js" package="schemaspy-7.0.2.jar: app.min.js" skipped="0" tests="1" timestamp="2025-10-18T12:32:58.026368028"><testcase classname="dependency-check" name="schemaspy-7.0.2.jar: app.min.js"/></testsuite><testsuite failures="8" errors="0" time="0" id="176" name="/home/runner/.m2/repository/org/schemaspy/schemaspy/7.0.2/schemaspy-7.0.2.jar/layout/bower/admin-lte/bootstrap/js/bootstrap.js" package="schemaspy-7.0.2.jar: bootstrap.js" skipped="0" tests="8" timestamp="2025-10-18T12:32:58.026368028"><testcase classname="CVE-2016-10735" name="pkg:javascript/bootstrap@3.3.7"><failure message="cvssV3: MEDIUM, score: 6.1 (CVSS:3.0/AV:N/AC:L/PR:N/UI:R/S:C/C:L/I:L/A:N/E:2.8/RC:R/MAV:A)"/><system-out>In Bootstrap 3.x before 3.4.0 and 4.x-beta before 4.0.0-beta.2, XSS is possible in the data-target attribute, a different vulnerability than CVE-2018-14041.</system-out><system-err>location: /home/runner/.m2/repository/org/schemaspy/schemaspy/7.0.2/schemaspy-7.0.2.jar/layout/bower/admin-lte/bootstrap/js/bootstrap.js, project-references: [ SchemaSpy Maven Plugin:compile ]</system-err></testcase><testcase classname="CVE-2018-14041" name="pkg:javascript/bootstrap@3.3.7"><failure message="cvssV3: MEDIUM, score: 6.1 (CVSS:3.0/AV:N/AC:L/PR:N/UI:R/S:C/C:L/I:L/A:N/E:2.8/RC:R/MAV:A)"/><system-out>In Bootstrap before 4.1.2, XSS is possible in the data-target property of scrollspy.</system-out><system-err>location: /home/runner/.m2/repository/org/schemaspy/schemaspy/7.0.2/schemaspy-7.0.2.jar/layout/bower/admin-lte/bootstrap/js/bootstrap.js, project-references: [ SchemaSpy Maven Plugin:compile ]</system-err></testcase><testcase classname="CVE-2018-14042" name="pkg:javascript/bootstrap@3.3.7"><failure message="cvssV3: MEDIUM, score: 6.1 (CVSS:3.0/AV:N/AC:L/PR:N/UI:R/S:C/C:L/I:L/A:N/E:2.8/RC:R/MAV:A)"/><system-out>In Bootstrap before 4.1.2, XSS is possible in the data-container property of tooltip.</system-out><system-err>location: /home/runner/.m2/repository/org/schemaspy/schemaspy/7.0.2/schemaspy-7.0.2.jar/layout/bower/admin-lte/bootstrap/js/bootstrap.js, project-references: [ SchemaSpy Maven Plugin:compile ]</system-err></testcase><testcase classname="CVE-2018-20676" name="pkg:javascript/bootstrap@3.3.7"><failure message="cvssV3: MEDIUM, score: 6.1 (CVSS:3.0/AV:N/AC:L/PR:N/UI:R/S:C/C:L/I:L/A:N/E:2.8/RC:R/MAV:A)"/><system-out>In Bootstrap before 3.4.0, XSS is possible in the tooltip data-viewport attribute.</system-out><system-err>location: /home/runner/.m2/repository/org/schemaspy/schemaspy/7.0.2/schemaspy-7.0.2.jar/layout/bower/admin-lte/bootstrap/js/bootstrap.js, project-references: [ SchemaSpy Maven Plugin:compile ]</system-err></testcase><testcase classname="CVE-2018-20677" name="pkg:javascript/bootstrap@3.3.7"><failure message="cvssV3: MEDIUM, score: 6.1 (CVSS:3.0/AV:N/AC:L/PR:N/UI:R/S:C/C:L/I:L/A:N/E:2.8/RC:R/MAV:A)"/><system-out>In Bootstrap before 3.4.0, XSS is possible in the affix configuration target property.</system-out><system-err>location: /home/runner/.m2/repository/org/schemaspy/schemaspy/7.0.2/schemaspy-7.0.2.jar/layout/bower/admin-lte/bootstrap/js/bootstrap.js, project-references: [ SchemaSpy Maven Plugin:compile ]</system-err></testcase><testcase classname="CVE-2019-8331" name="pkg:javascript/bootstrap@3.3.7"><failure message="cvssV3: MEDIUM, score: 6.1 (CVSS:3.1/AV:N/AC:L/PR:N/UI:R/S:C/C:L/I:L/A:N/E:2.8/RC:R/MAV:A)"/><system-out>In Bootstrap before 3.4.1 and 4.3.x before 4.3.1, XSS is possible in the tooltip or popover data-template attribute.</system-out><system-err>location: /home/runner/.m2/repository/org/schemaspy/schemaspy/7.0.2/schemaspy-7.0.2.jar/layout/bower/admin-lte/bootstrap/js/bootstrap.js, project-references: [ SchemaSpy Maven Plugin:compile ]</system-err></testcase><testcase classname="CVE-2024-6485" name="pkg:javascript/bootstrap@3.3.7"><failure message="unscored severity: medium"/><system-out><![CDATA[ https://www.herodevs.com/vulnerability-directory/cve-2024-6485: https://www.herodevs.com/vulnerability-directory/cve-2024-6485https://github.com/advisories/GHSA-vxmc-5x29-h64v: https://github.com/advisories/GHSA-vxmc-5x29-h64vhttps://nvd.nist.gov/vuln/detail/CVE-2024-6485: https://nvd.nist.gov/vuln/detail/CVE-2024-6485https://github.com/twbs/bootstrap: https://github.com/twbs/bootstrap]]></system-out><system-err>location: /home/runner/.m2/repository/org/schemaspy/schemaspy/7.0.2/schemaspy-7.0.2.jar/layout/bower/admin-lte/bootstrap/js/bootstrap.js, project-references: [ SchemaSpy Maven Plugin:compile ]</system-err></testcase><testcase classname="Bootstrap before 4.0.0 is end-of-life and no longer maintained." name="pkg:javascript/bootstrap@3.3.7"><failure message="unscored severity: low"/><system-out>Bootstrap before 4.0.0 is end-of-life and no longer maintained.</system-out><system-err>location: /home/runner/.m2/repository/org/schemaspy/schemaspy/7.0.2/schemaspy-7.0.2.jar/layout/bower/admin-lte/bootstrap/js/bootstrap.js, project-references: [ SchemaSpy Maven Plugin:compile ]</system-err></testcase></testsuite><testsuite failures="8" errors="0" time="0" id="177" name="/home/runner/.m2/repository/org/schemaspy/schemaspy/7.0.2/schemaspy-7.0.2.jar/layout/bower/admin-lte/bootstrap/js/bootstrap.min.js" package="schemaspy-7.0.2.jar: bootstrap.min.js" skipped="0" tests="8" timestamp="2025-10-18T12:32:58.026368028"><testcase classname="CVE-2016-10735" name="pkg:javascript/bootstrap@3.3.7"><failure message="cvssV3: MEDIUM, score: 6.1 (CVSS:3.0/AV:N/AC:L/PR:N/UI:R/S:C/C:L/I:L/A:N/E:2.8/RC:R/MAV:A)"/><system-out>In Bootstrap 3.x before 3.4.0 and 4.x-beta before 4.0.0-beta.2, XSS is possible in the data-target attribute, a different vulnerability than CVE-2018-14041.</system-out><system-err>location: /home/runner/.m2/repository/org/schemaspy/schemaspy/7.0.2/schemaspy-7.0.2.jar/layout/bower/admin-lte/bootstrap/js/bootstrap.min.js, project-references: [ SchemaSpy Maven Plugin:compile ]</system-err></testcase><testcase classname="CVE-2018-14041" name="pkg:javascript/bootstrap@3.3.7"><failure message="cvssV3: MEDIUM, score: 6.1 (CVSS:3.0/AV:N/AC:L/PR:N/UI:R/S:C/C:L/I:L/A:N/E:2.8/RC:R/MAV:A)"/><system-out>In Bootstrap before 4.1.2, XSS is possible in the data-target property of scrollspy.</system-out><system-err>location: /home/runner/.m2/repository/org/schemaspy/schemaspy/7.0.2/schemaspy-7.0.2.jar/layout/bower/admin-lte/bootstrap/js/bootstrap.min.js, project-references: [ SchemaSpy Maven Plugin:compile ]</system-err></testcase><testcase classname="CVE-2018-14042" name="pkg:javascript/bootstrap@3.3.7"><failure message="cvssV3: MEDIUM, score: 6.1 (CVSS:3.0/AV:N/AC:L/PR:N/UI:R/S:C/C:L/I:L/A:N/E:2.8/RC:R/MAV:A)"/><system-out>In Bootstrap before 4.1.2, XSS is possible in the data-container property of tooltip.</system-out><system-err>location: /home/runner/.m2/repository/org/schemaspy/schemaspy/7.0.2/schemaspy-7.0.2.jar/layout/bower/admin-lte/bootstrap/js/bootstrap.min.js, project-references: [ SchemaSpy Maven Plugin:compile ]</system-err></testcase><testcase classname="CVE-2018-20676" name="pkg:javascript/bootstrap@3.3.7"><failure message="cvssV3: MEDIUM, score: 6.1 (CVSS:3.0/AV:N/AC:L/PR:N/UI:R/S:C/C:L/I:L/A:N/E:2.8/RC:R/MAV:A)"/><system-out>In Bootstrap before 3.4.0, XSS is possible in the tooltip data-viewport attribute.</system-out><system-err>location: /home/runner/.m2/repository/org/schemaspy/schemaspy/7.0.2/schemaspy-7.0.2.jar/layout/bower/admin-lte/bootstrap/js/bootstrap.min.js, project-references: [ SchemaSpy Maven Plugin:compile ]</system-err></testcase><testcase classname="CVE-2018-20677" name="pkg:javascript/bootstrap@3.3.7"><failure message="cvssV3: MEDIUM, score: 6.1 (CVSS:3.0/AV:N/AC:L/PR:N/UI:R/S:C/C:L/I:L/A:N/E:2.8/RC:R/MAV:A)"/><system-out>In Bootstrap before 3.4.0, XSS is possible in the affix configuration target property.</system-out><system-err>location: /home/runner/.m2/repository/org/schemaspy/schemaspy/7.0.2/schemaspy-7.0.2.jar/layout/bower/admin-lte/bootstrap/js/bootstrap.min.js, project-references: [ SchemaSpy Maven Plugin:compile ]</system-err></testcase><testcase classname="CVE-2019-8331" name="pkg:javascript/bootstrap@3.3.7"><failure message="cvssV3: MEDIUM, score: 6.1 (CVSS:3.1/AV:N/AC:L/PR:N/UI:R/S:C/C:L/I:L/A:N/E:2.8/RC:R/MAV:A)"/><system-out>In Bootstrap before 3.4.1 and 4.3.x before 4.3.1, XSS is possible in the tooltip or popover data-template attribute.</system-out><system-err>location: /home/runner/.m2/repository/org/schemaspy/schemaspy/7.0.2/schemaspy-7.0.2.jar/layout/bower/admin-lte/bootstrap/js/bootstrap.min.js, project-references: [ SchemaSpy Maven Plugin:compile ]</system-err></testcase><testcase classname="CVE-2024-6485" name="pkg:javascript/bootstrap@3.3.7"><failure message="unscored severity: medium"/><system-out><![CDATA[ https://www.herodevs.com/vulnerability-directory/cve-2024-6485: https://www.herodevs.com/vulnerability-directory/cve-2024-6485https://github.com/advisories/GHSA-vxmc-5x29-h64v: https://github.com/advisories/GHSA-vxmc-5x29-h64vhttps://nvd.nist.gov/vuln/detail/CVE-2024-6485: https://nvd.nist.gov/vuln/detail/CVE-2024-6485https://github.com/twbs/bootstrap: https://github.com/twbs/bootstrap]]></system-out><system-err>location: /home/runner/.m2/repository/org/schemaspy/schemaspy/7.0.2/schemaspy-7.0.2.jar/layout/bower/admin-lte/bootstrap/js/bootstrap.min.js, project-references: [ SchemaSpy Maven Plugin:compile ]</system-err></testcase><testcase classname="Bootstrap before 4.0.0 is end-of-life and no longer maintained." name="pkg:javascript/bootstrap@3.3.7"><failure message="unscored severity: low"/><system-out>Bootstrap before 4.0.0 is end-of-life and no longer maintained.</system-out><system-err>location: /home/runner/.m2/repository/org/schemaspy/schemaspy/7.0.2/schemaspy-7.0.2.jar/layout/bower/admin-lte/bootstrap/js/bootstrap.min.js, project-references: [ SchemaSpy Maven Plugin:compile ]</system-err></testcase></testsuite><testsuite failures="0" errors="0" time="0" id="178" name="/home/runner/.m2/repository/org/schemaspy/schemaspy/7.0.2/schemaspy-7.0.2.jar/layout/bower/datatables.net-buttons-bs/js/buttons.bootstrap.js" package="schemaspy-7.0.2.jar: buttons.bootstrap.js" skipped="0" tests="1" timestamp="2025-10-18T12:32:58.026368028"><testcase classname="dependency-check" name="schemaspy-7.0.2.jar: buttons.bootstrap.js"/></testsuite><testsuite failures="0" errors="0" time="0" id="179" name="/home/runner/.m2/repository/org/schemaspy/schemaspy/7.0.2/schemaspy-7.0.2.jar/layout/bower/datatables.net-buttons-bs/js/buttons.bootstrap.min.js" package="schemaspy-7.0.2.jar: buttons.bootstrap.min.js" skipped="0" tests="1" timestamp="2025-10-18T12:32:58.026368028"><testcase classname="dependency-check" name="schemaspy-7.0.2.jar: buttons.bootstrap.min.js"/></testsuite><testsuite failures="0" errors="0" time="0" id="180" name="/home/runner/.m2/repository/org/schemaspy/schemaspy/7.0.2/schemaspy-7.0.2.jar/layout/bower/datatables.net-buttons/buttons.colVis.js" package="schemaspy-7.0.2.jar: buttons.colVis.js" skipped="0" tests="1" timestamp="2025-10-18T12:32:58.026368028"><testcase classname="dependency-check" name="schemaspy-7.0.2.jar: buttons.colVis.js"/></testsuite><testsuite failures="0" errors="0" time="0" id="181" name="/home/runner/.m2/repository/org/schemaspy/schemaspy/7.0.2/schemaspy-7.0.2.jar/layout/bower/datatables.net-buttons/buttons.colVis.min.js" package="schemaspy-7.0.2.jar: buttons.colVis.min.js" skipped="0" tests="1" timestamp="2025-10-18T12:32:58.026368028"><testcase classname="dependency-check" name="schemaspy-7.0.2.jar: buttons.colVis.min.js"/></testsuite><testsuite failures="0" errors="0" time="0" id="182" name="/home/runner/.m2/repository/org/schemaspy/schemaspy/7.0.2/schemaspy-7.0.2.jar/layout/bower/datatables.net-buttons/buttons.flash.js" package="schemaspy-7.0.2.jar: buttons.flash.js" skipped="0" tests="1" timestamp="2025-10-18T12:32:58.026368028"><testcase classname="dependency-check" name="schemaspy-7.0.2.jar: buttons.flash.js"/></testsuite><testsuite failures="0" errors="0" time="0" id="183" name="/home/runner/.m2/repository/org/schemaspy/schemaspy/7.0.2/schemaspy-7.0.2.jar/layout/bower/datatables.net-buttons/buttons.flash.min.js" package="schemaspy-7.0.2.jar: buttons.flash.min.js" skipped="0" tests="1" timestamp="2025-10-18T12:32:58.026368028"><testcase classname="dependency-check" name="schemaspy-7.0.2.jar: buttons.flash.min.js"/></testsuite><testsuite failures="0" errors="0" time="0" id="184" name="/home/runner/.m2/repository/org/schemaspy/schemaspy/7.0.2/schemaspy-7.0.2.jar/layout/bower/datatables.net-buttons/buttons.html5.js" package="schemaspy-7.0.2.jar: buttons.html5.js" skipped="0" tests="1" timestamp="2025-10-18T12:32:58.026368028"><testcase classname="dependency-check" name="schemaspy-7.0.2.jar: buttons.html5.js"/></testsuite><testsuite failures="0" errors="0" time="0" id="185" name="/home/runner/.m2/repository/org/schemaspy/schemaspy/7.0.2/schemaspy-7.0.2.jar/layout/bower/datatables.net-buttons/buttons.html5.min.js" package="schemaspy-7.0.2.jar: buttons.html5.min.js" skipped="0" tests="1" timestamp="2025-10-18T12:32:58.026368028"><testcase classname="dependency-check" name="schemaspy-7.0.2.jar: buttons.html5.min.js"/></testsuite><testsuite failures="0" errors="0" time="0" id="186" name="/home/runner/.m2/repository/org/schemaspy/schemaspy/7.0.2/schemaspy-7.0.2.jar/layout/bower/datatables.net-buttons/buttons.print.js" package="schemaspy-7.0.2.jar: buttons.print.js" skipped="0" tests="1" timestamp="2025-10-18T12:32:58.026368028"><testcase classname="dependency-check" name="schemaspy-7.0.2.jar: buttons.print.js"/></testsuite><testsuite failures="0" errors="0" time="0" id="187" name="/home/runner/.m2/repository/org/schemaspy/schemaspy/7.0.2/schemaspy-7.0.2.jar/layout/bower/datatables.net-buttons/buttons.print.min.js" package="schemaspy-7.0.2.jar: buttons.print.min.js" skipped="0" tests="1" timestamp="2025-10-18T12:32:58.026368028"><testcase classname="dependency-check" name="schemaspy-7.0.2.jar: buttons.print.min.js"/></testsuite><testsuite failures="0" errors="0" time="0" id="188" name="/home/runner/.m2/repository/org/schemaspy/schemaspy/7.0.2/schemaspy-7.0.2.jar/layout/bower/codemirror/codemirror.js" package="schemaspy-7.0.2.jar: codemirror.js" skipped="0" tests="1" timestamp="2025-10-18T12:32:58.026368028"><testcase classname="dependency-check" name="schemaspy-7.0.2.jar: codemirror.js"/></testsuite><testsuite failures="0" errors="0" time="0" id="189" name="/home/runner/.m2/repository/org/schemaspy/schemaspy/7.0.2/schemaspy-7.0.2.jar/layout/column.js" package="schemaspy-7.0.2.jar: column.js" skipped="0" tests="1" timestamp="2025-10-18T12:32:58.026368028"><testcase classname="dependency-check" name="schemaspy-7.0.2.jar: column.js"/></testsuite><testsuite failures="0" errors="0" time="0" id="190" name="/home/runner/.m2/repository/org/schemaspy/schemaspy/7.0.2/schemaspy-7.0.2.jar/layout/constraint.js" package="schemaspy-7.0.2.jar: constraint.js" skipped="0" tests="1" timestamp="2025-10-18T12:32:58.026368028"><testcase classname="dependency-check" name="schemaspy-7.0.2.jar: constraint.js"/></testsuite><testsuite failures="0" errors="0" time="0" id="191" name="/home/runner/.m2/repository/org/schemaspy/schemaspy/7.0.2/schemaspy-7.0.2.jar/layout/bower/admin-lte/dist/js/pages/dashboard.js" package="schemaspy-7.0.2.jar: dashboard.js" skipped="0" tests="1" timestamp="2025-10-18T12:32:58.026368028"><testcase classname="dependency-check" name="schemaspy-7.0.2.jar: dashboard.js"/></testsuite><testsuite failures="0" errors="0" time="0" id="192" name="/home/runner/.m2/repository/org/schemaspy/schemaspy/7.0.2/schemaspy-7.0.2.jar/layout/bower/admin-lte/dist/js/pages/dashboard2.js" package="schemaspy-7.0.2.jar: dashboard2.js" skipped="0" tests="1" timestamp="2025-10-18T12:32:58.026368028"><testcase classname="dependency-check" name="schemaspy-7.0.2.jar: dashboard2.js"/></testsuite><testsuite failures="0" errors="0" time="0" id="193" name="/home/runner/.m2/repository/org/schemaspy/schemaspy/7.0.2/schemaspy-7.0.2.jar/layout/bower/datatables.net-bs/js/dataTables.bootstrap.js" package="schemaspy-7.0.2.jar: dataTables.bootstrap.js" skipped="0" tests="1" timestamp="2025-10-18T12:32:58.026368028"><testcase classname="dependency-check" name="schemaspy-7.0.2.jar: dataTables.bootstrap.js"/></testsuite><testsuite failures="0" errors="0" time="0" id="194" name="/home/runner/.m2/repository/org/schemaspy/schemaspy/7.0.2/schemaspy-7.0.2.jar/layout/bower/datatables.net-bs/js/dataTables.bootstrap.min.js" package="schemaspy-7.0.2.jar: dataTables.bootstrap.min.js" skipped="0" tests="1" timestamp="2025-10-18T12:32:58.026368028"><testcase classname="dependency-check" name="schemaspy-7.0.2.jar: dataTables.bootstrap.min.js"/></testsuite><testsuite failures="0" errors="0" time="0" id="195" name="/home/runner/.m2/repository/org/schemaspy/schemaspy/7.0.2/schemaspy-7.0.2.jar/layout/bower/datatables.net-buttons/dataTables.buttons.js" package="schemaspy-7.0.2.jar: dataTables.buttons.js" skipped="0" tests="1" timestamp="2025-10-18T12:32:58.026368028"><testcase classname="dependency-check" name="schemaspy-7.0.2.jar: dataTables.buttons.js"/></testsuite><testsuite failures="0" errors="0" time="0" id="196" name="/home/runner/.m2/repository/org/schemaspy/schemaspy/7.0.2/schemaspy-7.0.2.jar/layout/bower/datatables.net-buttons/dataTables.buttons.min.js" package="schemaspy-7.0.2.jar: dataTables.buttons.min.js" skipped="0" tests="1" timestamp="2025-10-18T12:32:58.026368028"><testcase classname="dependency-check" name="schemaspy-7.0.2.jar: dataTables.buttons.min.js"/></testsuite><testsuite failures="0" errors="0" time="0" id="197" name="/home/runner/.m2/repository/org/schemaspy/schemaspy/7.0.2/schemaspy-7.0.2.jar/layout/bower/admin-lte/dist/js/demo.js" package="schemaspy-7.0.2.jar: demo.js" skipped="0" tests="1" timestamp="2025-10-18T12:32:58.026368028"><testcase classname="dependency-check" name="schemaspy-7.0.2.jar: demo.js"/></testsuite><testsuite failures="0" errors="0" time="0" id="198" name="/home/runner/.m2/repository/org/schemaspy/schemaspy/7.0.2/schemaspy-7.0.2.jar/layout/bower/admin-lte/plugins/fastclick/fastclick.js" package="schemaspy-7.0.2.jar: fastclick.js" skipped="0" tests="1" timestamp="2025-10-18T12:32:58.026368028"><testcase classname="dependency-check" name="schemaspy-7.0.2.jar: fastclick.js"/></testsuite><testsuite failures="0" errors="0" time="0" id="199" name="/home/runner/.m2/repository/org/schemaspy/schemaspy/7.0.2/schemaspy-7.0.2.jar/layout/bower/admin-lte/plugins/fastclick/fastclick.min.js" package="schemaspy-7.0.2.jar: fastclick.min.js" skipped="0" tests="1" timestamp="2025-10-18T12:32:58.026368028"><testcase classname="dependency-check" name="schemaspy-7.0.2.jar: fastclick.min.js"/></testsuite><testsuite failures="0" errors="0" time="0" id="200" name="/home/runner/.m2/repository/org/schemaspy/schemaspy/7.0.2/schemaspy-7.0.2.jar/layout/bower/html5shiv/html5shiv.min.js" package="schemaspy-7.0.2.jar: html5shiv.min.js" skipped="0" tests="1" timestamp="2025-10-18T12:32:58.026368028"><testcase classname="dependency-check" name="schemaspy-7.0.2.jar: html5shiv.min.js"/></testsuite><testsuite failures="5" errors="0" time="0" id="201" name="/home/runner/.m2/repository/org/schemaspy/schemaspy/7.0.2/schemaspy-7.0.2.jar/layout/bower/admin-lte/plugins/jQuery/jquery-2.2.3.min.js" package="schemaspy-7.0.2.jar: jquery-2.2.3.min.js" skipped="0" tests="5" timestamp="2025-10-18T12:32:58.026368028"><testcase classname="CVE-2015-9251" name="pkg:javascript/jquery@2.2.3.min"><failure message="cvssV3: MEDIUM, score: 6.1 (CVSS:3.0/AV:N/AC:L/PR:N/UI:R/S:C/C:L/I:L/A:N/E:2.8/RC:R/MAV:A)"/><system-out>jQuery before 3.0.0 is vulnerable to Cross-site Scripting (XSS) attacks when a cross-domain Ajax request is performed without the dataType option, causing text/javascript responses to be executed.</system-out><system-err>location: /home/runner/.m2/repository/org/schemaspy/schemaspy/7.0.2/schemaspy-7.0.2.jar/layout/bower/admin-lte/plugins/jQuery/jquery-2.2.3.min.js, project-references: [ SchemaSpy Maven Plugin:compile ]</system-err></testcase><testcase classname="CVE-2019-11358" name="pkg:javascript/jquery@2.2.3.min"><failure message="cvssV3: MEDIUM, score: 6.1 (CVSS:3.1/AV:N/AC:L/PR:N/UI:R/S:C/C:L/I:L/A:N/E:2.8/RC:R/MAV:A)"/><system-out>jQuery before 3.4.0, as used in Drupal, Backdrop CMS, and other products, mishandles jQuery.extend(true, {}, ...) because of Object.prototype pollution. If an unsanitized source object contained an enumerable __proto__ property, it could extend the native Object.prototype.</system-out><system-err>location: /home/runner/.m2/repository/org/schemaspy/schemaspy/7.0.2/schemaspy-7.0.2.jar/layout/bower/admin-lte/plugins/jQuery/jquery-2.2.3.min.js, project-references: [ SchemaSpy Maven Plugin:compile ]</system-err></testcase><testcase classname="CVE-2020-11022" name="pkg:javascript/jquery@2.2.3.min"><failure message="cvssV3: MEDIUM, score: 6.1 (CVSS:3.1/AV:N/AC:L/PR:N/UI:R/S:C/C:L/I:L/A:N/E:2.8/RC:R/MAV:A)"/><system-out>In jQuery versions greater than or equal to 1.2 and before 3.5.0, passing HTML from untrusted sources - even after sanitizing it - to one of jQuery&apos;s DOM manipulation methods (i.e. .html(), .append(), and others) may execute untrusted code. This problem is patched in jQuery 3.5.0.</system-out><system-err>location: /home/runner/.m2/repository/org/schemaspy/schemaspy/7.0.2/schemaspy-7.0.2.jar/layout/bower/admin-lte/plugins/jQuery/jquery-2.2.3.min.js, project-references: [ SchemaSpy Maven Plugin:compile ]</system-err></testcase><testcase classname="CVE-2020-11023" name="pkg:javascript/jquery@2.2.3.min"><failure message="cvssV3: MEDIUM, score: 6.1 (CVSS:3.1/AV:N/AC:L/PR:N/UI:R/S:C/C:L/I:L/A:N/E:2.8/RC:R/MAV:A)"/><system-out>In jQuery versions greater than or equal to 1.0.3 and before 3.5.0, passing HTML containing &lt;option&gt; elements from untrusted sources - even after sanitizing it - to one of jQuery&apos;s DOM manipulation methods (i.e. .html(), .append(), and others) may execute untrusted code. This problem is patched in jQuery 3.5.0.</system-out><system-err>location: /home/runner/.m2/repository/org/schemaspy/schemaspy/7.0.2/schemaspy-7.0.2.jar/layout/bower/admin-lte/plugins/jQuery/jquery-2.2.3.min.js, project-references: [ SchemaSpy Maven Plugin:compile ]</system-err></testcase><testcase classname="jquery issue: 162" name="pkg:javascript/jquery@2.2.3.min"><failure message="unscored severity: low"/><system-out>jQuery 1.x and 2.x are End-of-Life and no longer receiving security updates</system-out><system-err>location: /home/runner/.m2/repository/org/schemaspy/schemaspy/7.0.2/schemaspy-7.0.2.jar/layout/bower/admin-lte/plugins/jQuery/jquery-2.2.3.min.js, project-references: [ SchemaSpy Maven Plugin:compile ]</system-err></testcase></testsuite><testsuite failures="5" errors="0" time="0" id="202" name="/home/runner/.m2/repository/org/schemaspy/schemaspy/7.0.2/schemaspy-7.0.2.jar/layout/bower/admin-lte/plugins/jQueryUI/jquery-ui.js" package="schemaspy-7.0.2.jar: jquery-ui.js" skipped="0" tests="5" timestamp="2025-10-18T12:32:58.026368028"><testcase classname="CVE-2016-7103" name="pkg:javascript/jquery-ui-dialog@1.11.4"><failure message="cvssV3: MEDIUM, score: 6.1 (CVSS:3.1/AV:N/AC:L/PR:N/UI:R/S:C/C:L/I:L/A:N/E:2.8/RC:R/MAV:A)"/><system-out>Cross-site scripting (XSS) vulnerability in jQuery UI before 1.12.0 might allow remote attackers to inject arbitrary web script or HTML via the closeText parameter of the dialog function.</system-out><system-err>location: /home/runner/.m2/repository/org/schemaspy/schemaspy/7.0.2/schemaspy-7.0.2.jar/layout/bower/admin-lte/plugins/jQueryUI/jquery-ui.js, project-references: [ SchemaSpy Maven Plugin:compile ]</system-err></testcase><testcase classname="CVE-2021-41182" name="pkg:javascript/jquery-ui-dialog@1.11.4"><failure message="cvssV3: MEDIUM, score: 6.1 (CVSS:3.1/AV:N/AC:L/PR:N/UI:R/S:C/C:L/I:L/A:N/E:2.8/RC:R/MAV:A)"/><system-out>jQuery-UI is the official jQuery user interface library. Prior to version 1.13.0, accepting the value of the `altField` option of the Datepicker widget from untrusted sources may execute untrusted code. The issue is fixed in jQuery UI 1.13.0. Any string value passed to the `altField` option is now treated as a CSS selector. A workaround is to not accept the value of the `altField` option from untrusted sources.</system-out><system-err>location: /home/runner/.m2/repository/org/schemaspy/schemaspy/7.0.2/schemaspy-7.0.2.jar/layout/bower/admin-lte/plugins/jQueryUI/jquery-ui.js, project-references: [ SchemaSpy Maven Plugin:compile ]</system-err></testcase><testcase classname="CVE-2021-41183" name="pkg:javascript/jquery-ui-dialog@1.11.4"><failure message="cvssV3: MEDIUM, score: 6.1 (CVSS:3.1/AV:N/AC:L/PR:N/UI:R/S:C/C:L/I:L/A:N/E:2.8/RC:R/MAV:A)"/><system-out>jQuery-UI is the official jQuery user interface library. Prior to version 1.13.0, accepting the value of various `*Text` options of the Datepicker widget from untrusted sources may execute untrusted code. The issue is fixed in jQuery UI 1.13.0. The values passed to various `*Text` options are now always treated as pure text, not HTML. A workaround is to not accept the value of the `*Text` options from untrusted sources.</system-out><system-err>location: /home/runner/.m2/repository/org/schemaspy/schemaspy/7.0.2/schemaspy-7.0.2.jar/layout/bower/admin-lte/plugins/jQueryUI/jquery-ui.js, project-references: [ SchemaSpy Maven Plugin:compile ]</system-err></testcase><testcase classname="CVE-2021-41184" name="pkg:javascript/jquery-ui-dialog@1.11.4"><failure message="cvssV3: MEDIUM, score: 6.1 (CVSS:3.1/AV:N/AC:L/PR:N/UI:R/S:C/C:L/I:L/A:N/E:2.8/RC:R/MAV:A)"/><system-out>jQuery-UI is the official jQuery user interface library. Prior to version 1.13.0, accepting the value of the `of` option of the `.position()` util from untrusted sources may execute untrusted code. The issue is fixed in jQuery UI 1.13.0. Any string value passed to the `of` option is now treated as a CSS selector. A workaround is to not accept the value of the `of` option from untrusted sources.</system-out><system-err>location: /home/runner/.m2/repository/org/schemaspy/schemaspy/7.0.2/schemaspy-7.0.2.jar/layout/bower/admin-lte/plugins/jQueryUI/jquery-ui.js, project-references: [ SchemaSpy Maven Plugin:compile ]</system-err></testcase><testcase classname="CVE-2022-31160" name="pkg:javascript/jquery-ui-dialog@1.11.4"><failure message="cvssV3: MEDIUM, score: 6.1 (CVSS:3.1/AV:N/AC:L/PR:N/UI:R/S:C/C:L/I:L/A:N/E:2.8/RC:R/MAV:A)"/><system-out>jQuery UI is a curated set of user interface interactions, effects, widgets, and themes built on top of jQuery. Versions prior to 1.13.2 are potentially vulnerable to cross-site scripting. Initializing a checkboxradio widget on an input enclosed within a label makes that parent label contents considered as the input label. Calling `.checkboxradio( &quot;refresh&quot; )` on such a widget and the initial HTML contained encoded HTML entities will make them erroneously get decoded. This can lead to potentially executing JavaScript code. The bug has been patched in jQuery UI 1.13.2. To remediate the issue, someone who can change the initial HTML can wrap all the non-input contents of the `label` in a `span`.</system-out><system-err>location: /home/runner/.m2/repository/org/schemaspy/schemaspy/7.0.2/schemaspy-7.0.2.jar/layout/bower/admin-lte/plugins/jQueryUI/jquery-ui.js, project-references: [ SchemaSpy Maven Plugin:compile ]</system-err></testcase></testsuite><testsuite failures="5" errors="0" time="0" id="203" name="/home/runner/.m2/repository/org/schemaspy/schemaspy/7.0.2/schemaspy-7.0.2.jar/layout/bower/admin-lte/plugins/jQueryUI/jquery-ui.min.js" package="schemaspy-7.0.2.jar: jquery-ui.min.js" skipped="0" tests="5" timestamp="2025-10-18T12:32:58.026368028"><testcase classname="CVE-2016-7103" name="pkg:javascript/jquery-ui-dialog@1.11.4"><failure message="cvssV3: MEDIUM, score: 6.1 (CVSS:3.1/AV:N/AC:L/PR:N/UI:R/S:C/C:L/I:L/A:N/E:2.8/RC:R/MAV:A)"/><system-out>Cross-site scripting (XSS) vulnerability in jQuery UI before 1.12.0 might allow remote attackers to inject arbitrary web script or HTML via the closeText parameter of the dialog function.</system-out><system-err>location: /home/runner/.m2/repository/org/schemaspy/schemaspy/7.0.2/schemaspy-7.0.2.jar/layout/bower/admin-lte/plugins/jQueryUI/jquery-ui.min.js, project-references: [ SchemaSpy Maven Plugin:compile ]</system-err></testcase><testcase classname="CVE-2021-41182" name="pkg:javascript/jquery-ui-dialog@1.11.4"><failure message="cvssV3: MEDIUM, score: 6.1 (CVSS:3.1/AV:N/AC:L/PR:N/UI:R/S:C/C:L/I:L/A:N/E:2.8/RC:R/MAV:A)"/><system-out>jQuery-UI is the official jQuery user interface library. Prior to version 1.13.0, accepting the value of the `altField` option of the Datepicker widget from untrusted sources may execute untrusted code. The issue is fixed in jQuery UI 1.13.0. Any string value passed to the `altField` option is now treated as a CSS selector. A workaround is to not accept the value of the `altField` option from untrusted sources.</system-out><system-err>location: /home/runner/.m2/repository/org/schemaspy/schemaspy/7.0.2/schemaspy-7.0.2.jar/layout/bower/admin-lte/plugins/jQueryUI/jquery-ui.min.js, project-references: [ SchemaSpy Maven Plugin:compile ]</system-err></testcase><testcase classname="CVE-2021-41183" name="pkg:javascript/jquery-ui-dialog@1.11.4"><failure message="cvssV3: MEDIUM, score: 6.1 (CVSS:3.1/AV:N/AC:L/PR:N/UI:R/S:C/C:L/I:L/A:N/E:2.8/RC:R/MAV:A)"/><system-out>jQuery-UI is the official jQuery user interface library. Prior to version 1.13.0, accepting the value of various `*Text` options of the Datepicker widget from untrusted sources may execute untrusted code. The issue is fixed in jQuery UI 1.13.0. The values passed to various `*Text` options are now always treated as pure text, not HTML. A workaround is to not accept the value of the `*Text` options from untrusted sources.</system-out><system-err>location: /home/runner/.m2/repository/org/schemaspy/schemaspy/7.0.2/schemaspy-7.0.2.jar/layout/bower/admin-lte/plugins/jQueryUI/jquery-ui.min.js, project-references: [ SchemaSpy Maven Plugin:compile ]</system-err></testcase><testcase classname="CVE-2021-41184" name="pkg:javascript/jquery-ui-dialog@1.11.4"><failure message="cvssV3: MEDIUM, score: 6.1 (CVSS:3.1/AV:N/AC:L/PR:N/UI:R/S:C/C:L/I:L/A:N/E:2.8/RC:R/MAV:A)"/><system-out>jQuery-UI is the official jQuery user interface library. Prior to version 1.13.0, accepting the value of the `of` option of the `.position()` util from untrusted sources may execute untrusted code. The issue is fixed in jQuery UI 1.13.0. Any string value passed to the `of` option is now treated as a CSS selector. A workaround is to not accept the value of the `of` option from untrusted sources.</system-out><system-err>location: /home/runner/.m2/repository/org/schemaspy/schemaspy/7.0.2/schemaspy-7.0.2.jar/layout/bower/admin-lte/plugins/jQueryUI/jquery-ui.min.js, project-references: [ SchemaSpy Maven Plugin:compile ]</system-err></testcase><testcase classname="CVE-2022-31160" name="pkg:javascript/jquery-ui-dialog@1.11.4"><failure message="cvssV3: MEDIUM, score: 6.1 (CVSS:3.1/AV:N/AC:L/PR:N/UI:R/S:C/C:L/I:L/A:N/E:2.8/RC:R/MAV:A)"/><system-out>jQuery UI is a curated set of user interface interactions, effects, widgets, and themes built on top of jQuery. Versions prior to 1.13.2 are potentially vulnerable to cross-site scripting. Initializing a checkboxradio widget on an input enclosed within a label makes that parent label contents considered as the input label. Calling `.checkboxradio( &quot;refresh&quot; )` on such a widget and the initial HTML contained encoded HTML entities will make them erroneously get decoded. This can lead to potentially executing JavaScript code. The bug has been patched in jQuery UI 1.13.2. To remediate the issue, someone who can change the initial HTML can wrap all the non-input contents of the `label` in a `span`.</system-out><system-err>location: /home/runner/.m2/repository/org/schemaspy/schemaspy/7.0.2/schemaspy-7.0.2.jar/layout/bower/admin-lte/plugins/jQueryUI/jquery-ui.min.js, project-references: [ SchemaSpy Maven Plugin:compile ]</system-err></testcase></testsuite><testsuite failures="4" errors="0" time="0" id="204" name="/home/runner/.m2/repository/org/schemaspy/schemaspy/7.0.2/schemaspy-7.0.2.jar/layout/bower/datatables.net/jquery.dataTables.min.js" package="schemaspy-7.0.2.jar: jquery.dataTables.min.js" skipped="0" tests="4" timestamp="2025-10-18T12:32:58.026368028"><testcase classname="CVE-2020-28458" name="pkg:javascript/jquery.datatables@1.10.15"><failure message="cvssV3: HIGH, score: 7.3 (CVSS:3.1/AV:N/AC:L/PR:N/UI:N/S:U/C:L/I:L/A:L/E:3.9/RC:R/MAV:A)"/><system-out>All versions of package datatables.net are vulnerable to Prototype Pollution due to an incomplete fix for https://snyk.io/vuln/SNYK-JS-DATATABLESNET-598806.</system-out><system-err>location: /home/runner/.m2/repository/org/schemaspy/schemaspy/7.0.2/schemaspy-7.0.2.jar/layout/bower/datatables.net/jquery.dataTables.min.js, project-references: [ SchemaSpy Maven Plugin:compile ]</system-err></testcase><testcase classname="CVE-2021-23445" name="pkg:javascript/jquery.datatables@1.10.15"><failure message="cvssV3: MEDIUM, score: 6.1 (CVSS:3.1/AV:N/AC:L/PR:N/UI:R/S:C/C:L/I:L/A:N/E:2.8/RC:R/MAV:A)"/><system-out>This affects the package datatables.net before 1.11.3. If an array is passed to the HTML escape entities function it would not have its contents escaped.</system-out><system-err>location: /home/runner/.m2/repository/org/schemaspy/schemaspy/7.0.2/schemaspy-7.0.2.jar/layout/bower/datatables.net/jquery.dataTables.min.js, project-references: [ SchemaSpy Maven Plugin:compile ]</system-err></testcase><testcase classname="prototype pollution" name="pkg:javascript/jquery.datatables@1.10.15"><failure message="unscored severity: medium"/><system-out>prototype pollution</system-out><system-err>location: /home/runner/.m2/repository/org/schemaspy/schemaspy/7.0.2/schemaspy-7.0.2.jar/layout/bower/datatables.net/jquery.dataTables.min.js, project-references: [ SchemaSpy Maven Plugin:compile ]</system-err></testcase><testcase classname="possible XSS" name="pkg:javascript/jquery.datatables@1.10.15"><failure message="unscored severity: low"/><system-out>possible XSS</system-out><system-err>location: /home/runner/.m2/repository/org/schemaspy/schemaspy/7.0.2/schemaspy-7.0.2.jar/layout/bower/datatables.net/jquery.dataTables.min.js, project-references: [ SchemaSpy Maven Plugin:compile ]</system-err></testcase></testsuite><testsuite failures="3" errors="0" time="0" id="205" name="/home/runner/.m2/repository/org/schemaspy/schemaspy/7.0.2/schemaspy-7.0.2.jar/layout/bower/jquery/jquery.js" package="schemaspy-7.0.2.jar: jquery.js" skipped="0" tests="3" timestamp="2025-10-18T12:32:58.026368028"><testcase classname="CVE-2019-11358" name="pkg:javascript/jquery@3.2.1"><failure message="cvssV3: MEDIUM, score: 6.1 (CVSS:3.1/AV:N/AC:L/PR:N/UI:R/S:C/C:L/I:L/A:N/E:2.8/RC:R/MAV:A)"/><system-out>jQuery before 3.4.0, as used in Drupal, Backdrop CMS, and other products, mishandles jQuery.extend(true, {}, ...) because of Object.prototype pollution. If an unsanitized source object contained an enumerable __proto__ property, it could extend the native Object.prototype.</system-out><system-err>location: /home/runner/.m2/repository/org/schemaspy/schemaspy/7.0.2/schemaspy-7.0.2.jar/layout/bower/jquery/jquery.js, project-references: [ SchemaSpy Maven Plugin:compile ]</system-err></testcase><testcase classname="CVE-2020-11022" name="pkg:javascript/jquery@3.2.1"><failure message="cvssV3: MEDIUM, score: 6.1 (CVSS:3.1/AV:N/AC:L/PR:N/UI:R/S:C/C:L/I:L/A:N/E:2.8/RC:R/MAV:A)"/><system-out>In jQuery versions greater than or equal to 1.2 and before 3.5.0, passing HTML from untrusted sources - even after sanitizing it - to one of jQuery&apos;s DOM manipulation methods (i.e. .html(), .append(), and others) may execute untrusted code. This problem is patched in jQuery 3.5.0.</system-out><system-err>location: /home/runner/.m2/repository/org/schemaspy/schemaspy/7.0.2/schemaspy-7.0.2.jar/layout/bower/jquery/jquery.js, project-references: [ SchemaSpy Maven Plugin:compile ]</system-err></testcase><testcase classname="CVE-2020-11023" name="pkg:javascript/jquery@3.2.1"><failure message="cvssV3: MEDIUM, score: 6.1 (CVSS:3.1/AV:N/AC:L/PR:N/UI:R/S:C/C:L/I:L/A:N/E:2.8/RC:R/MAV:A)"/><system-out>In jQuery versions greater than or equal to 1.0.3 and before 3.5.0, passing HTML containing &lt;option&gt; elements from untrusted sources - even after sanitizing it - to one of jQuery&apos;s DOM manipulation methods (i.e. .html(), .append(), and others) may execute untrusted code. This problem is patched in jQuery 3.5.0.</system-out><system-err>location: /home/runner/.m2/repository/org/schemaspy/schemaspy/7.0.2/schemaspy-7.0.2.jar/layout/bower/jquery/jquery.js, project-references: [ SchemaSpy Maven Plugin:compile ]</system-err></testcase></testsuite><testsuite failures="0" errors="0" time="0" id="206" name="/home/runner/.m2/repository/org/schemaspy/schemaspy/7.0.2/schemaspy-7.0.2.jar/layout/bower/admin-lte/plugins/slimScroll/jquery.slimscroll.js" package="schemaspy-7.0.2.jar: jquery.slimscroll.js" skipped="0" tests="1" timestamp="2025-10-18T12:32:58.026368028"><testcase classname="dependency-check" name="schemaspy-7.0.2.jar: jquery.slimscroll.js"/></testsuite><testsuite failures="0" errors="0" time="0" id="207" name="/home/runner/.m2/repository/org/schemaspy/schemaspy/7.0.2/schemaspy-7.0.2.jar/layout/bower/admin-lte/plugins/slimScroll/jquery.slimscroll.min.js" package="schemaspy-7.0.2.jar: jquery.slimscroll.min.js" skipped="0" tests="1" timestamp="2025-10-18T12:32:58.026368028"><testcase classname="dependency-check" name="schemaspy-7.0.2.jar: jquery.slimscroll.min.js"/></testsuite><testsuite failures="0" errors="0" time="0" id="208" name="/home/runner/.m2/repository/org/schemaspy/schemaspy/7.0.2/schemaspy-7.0.2.jar/layout/main.js" package="schemaspy-7.0.2.jar: main.js" skipped="0" tests="1" timestamp="2025-10-18T12:32:58.026368028"><testcase classname="dependency-check" name="schemaspy-7.0.2.jar: main.js"/></testsuite><testsuite failures="0" errors="0" time="0" id="209" name="/home/runner/.m2/repository/org/schemaspy/schemaspy/7.0.2/schemaspy-7.0.2.jar/layout/bower/admin-lte/bootstrap/js/npm.js" package="schemaspy-7.0.2.jar: npm.js" skipped="0" tests="1" timestamp="2025-10-18T12:32:58.026368028"><testcase classname="dependency-check" name="schemaspy-7.0.2.jar: npm.js"/></testsuite><testsuite failures="0" errors="0" time="0" id="210" name="/home/runner/.m2/repository/org/schemaspy/schemaspy/7.0.2/schemaspy-7.0.2.jar/layout/bower/pdfmake/pdfmake.min.js" package="schemaspy-7.0.2.jar: pdfmake.min.js" skipped="0" tests="1" timestamp="2025-10-18T12:32:58.026368028"><testcase classname="dependency-check" name="schemaspy-7.0.2.jar: pdfmake.min.js"/></testsuite><testsuite failures="0" errors="0" time="0" id="211" name="/home/runner/.m2/repository/org/schemaspy/schemaspy/7.0.2/schemaspy-7.0.2.jar/layout/relationships.js" package="schemaspy-7.0.2.jar: relationships.js" skipped="0" tests="1" timestamp="2025-10-18T12:32:58.026368028"><testcase classname="dependency-check" name="schemaspy-7.0.2.jar: relationships.js"/></testsuite><testsuite failures="0" errors="0" time="0" id="212" name="/home/runner/.m2/repository/org/schemaspy/schemaspy/7.0.2/schemaspy-7.0.2.jar/layout/bower/respond/respond.min.js" package="schemaspy-7.0.2.jar: respond.min.js" skipped="0" tests="1" timestamp="2025-10-18T12:32:58.026368028"><testcase classname="dependency-check" name="schemaspy-7.0.2.jar: respond.min.js"/></testsuite><testsuite failures="0" errors="0" time="0" id="213" name="/home/runner/.m2/repository/org/schemaspy/schemaspy/7.0.2/schemaspy-7.0.2.jar/layout/routines/routine.js" package="schemaspy-7.0.2.jar: routine.js" skipped="0" tests="1" timestamp="2025-10-18T12:32:58.026368028"><testcase classname="dependency-check" name="schemaspy-7.0.2.jar: routine.js"/></testsuite><testsuite failures="0" errors="0" time="0" id="214" name="/home/runner/.m2/repository/org/schemaspy/schemaspy/7.0.2/schemaspy-7.0.2.jar/layout/routines.js" package="schemaspy-7.0.2.jar: routines.js" skipped="0" tests="1" timestamp="2025-10-18T12:32:58.026368028"><testcase classname="dependency-check" name="schemaspy-7.0.2.jar: routines.js"/></testsuite><testsuite failures="0" errors="0" time="0" id="215" name="/home/runner/.m2/repository/org/schemaspy/schemaspy/7.0.2/schemaspy-7.0.2.jar/layout/bower/salvattore/salvattore.min.js" package="schemaspy-7.0.2.jar: salvattore.min.js" skipped="0" tests="1" timestamp="2025-10-18T12:32:58.026368028"><testcase classname="dependency-check" name="schemaspy-7.0.2.jar: salvattore.min.js"/></testsuite><testsuite failures="0" errors="0" time="0" id="216" name="/home/runner/.m2/repository/org/schemaspy/schemaspy/7.0.2/schemaspy-7.0.2.jar/layout/schemaSpy.js" package="schemaspy-7.0.2.jar: schemaSpy.js" skipped="0" tests="1" timestamp="2025-10-18T12:32:58.026368028"><testcase classname="dependency-check" name="schemaspy-7.0.2.jar: schemaSpy.js"/></testsuite><testsuite failures="0" errors="0" time="0" id="217" name="/home/runner/.m2/repository/org/schemaspy/schemaspy/7.0.2/schemaspy-7.0.2.jar/layout/bower/codemirror/sql.js" package="schemaspy-7.0.2.jar: sql.js" skipped="0" tests="1" timestamp="2025-10-18T12:32:58.026368028"><testcase classname="dependency-check" name="schemaspy-7.0.2.jar: sql.js"/></testsuite><testsuite failures="0" errors="0" time="0" id="218" name="/home/runner/.m2/repository/org/schemaspy/schemaspy/7.0.2/schemaspy-7.0.2.jar/layout/tables/table.js" package="schemaspy-7.0.2.jar: table.js" skipped="0" tests="1" timestamp="2025-10-18T12:32:58.026368028"><testcase classname="dependency-check" name="schemaspy-7.0.2.jar: table.js"/></testsuite><testsuite failures="0" errors="0" time="0" id="219" name="/home/runner/.m2/repository/org/schemaspy/schemaspy/7.0.2/schemaspy-7.0.2.jar/layout/bower/pdfmake/vfs_fonts.js" package="schemaspy-7.0.2.jar: vfs_fonts.js" skipped="0" tests="1" timestamp="2025-10-18T12:32:58.026368028"><testcase classname="dependency-check" name="schemaspy-7.0.2.jar: vfs_fonts.js"/></testsuite><testsuite failures="0" errors="0" time="0" id="220" name="/home/runner/.m2/repository/org/schemaspy/schemaspy/7.0.2/schemaspy-7.0.2.jar/viz.js" package="schemaspy-7.0.2.jar: viz.js" skipped="0" tests="1" timestamp="2025-10-18T12:32:58.026368028"><testcase classname="dependency-check" name="schemaspy-7.0.2.jar: viz.js"/></testsuite><testsuite failures="0" errors="0" time="0" id="221" name="/home/runner/.m2/repository/org/schemaspy/schemaspy/7.0.2/schemaspy-7.0.2.jar/layout/bower/js-xlsx/xlsx.full.min.js" package="schemaspy-7.0.2.jar: xlsx.full.min.js" skipped="0" tests="1" timestamp="2025-10-18T12:32:58.026368028"><testcase classname="dependency-check" name="schemaspy-7.0.2.jar: xlsx.full.min.js"/></testsuite><testsuite failures="0" errors="0" time="0" id="222" name="/home/runner/.m2/repository/org/slf4j/slf4j-api/1.7.36/slf4j-api-1.7.36.jar" package="slf4j-api-1.7.36.jar" skipped="0" tests="1" timestamp="2025-10-18T12:32:58.026368028"><testcase classname="dependency-check" name="slf4j-api-1.7.36.jar"/></testsuite><testsuite failures="0" errors="0" time="0" id="223" name="/home/runner/.m2/repository/org/apache/velocity/velocity-engine-core/2.4/velocity-engine-core-2.4.jar" package="velocity-engine-core-2.4.jar" skipped="0" tests="1" timestamp="2025-10-18T12:32:58.026368028"><testcase classname="dependency-check" name="velocity-engine-core-2.4.jar"/></testsuite><testsuite failures="0" errors="0" time="0" id="224" name="/home/runner/.m2/repository/org/apache/velocity/tools/velocity-tools-generic/3.1/velocity-tools-generic-3.1.jar" package="velocity-tools-generic-3.1.jar" skipped="0" tests="1" timestamp="2025-10-18T12:32:58.026368028"><testcase classname="dependency-check" name="velocity-tools-generic-3.1.jar"/></testsuite></testsuites>