GROUP,PACKAGE,CLASS,INSTRUCTION_MISSED,INSTRUCTION_COVERED,BRANCH_MISSED,BRANCH_COVERED,LINE_MISSED,LINE_COVERED,COMPLEXITY_MISSED,COMPLEXITY_COVERED,METHOD_MISSED,METHOD_COVERED
SchemaSpy Maven Plugin,com.wakaleo.schemaspy,HelpMojo,271,502,61,51,53,103,42,30,2,14
SchemaSpy Maven Plugin,com.wakaleo.schemaspy,MavenSchemaAnalyzer,0,65,0,0,0,13,0,3,0,3
SchemaSpy Maven Plugin,com.wakaleo.schemaspy,SchemaSpyReport,66,290,10,10,17,61,16,8,9,5
SchemaSpy Maven Plugin,com.wakaleo.schemaspy.util,JDBCHelper,0,192,0,4,0,7,0,4,0,2
