<?xml version="1.0" encoding="UTF-8" standalone="yes"?><!DOCTYPE report PUBLIC "-//JACOCO//DTD Report 1.1//EN" "report.dtd"><report name="SchemaSpy Maven Plugin"><sessioninfo id="mark-desktop-95ba1af3" start="1620035401679" dump="1620035406478"/><package name="com/wakaleo/schemaspy"><class name="com/wakaleo/schemaspy/HelpMojo" sourcefilename="HelpMojo.java"><method name="&lt;init&gt;" desc="()V" line="28"><counter type="INSTRUCTION" missed="3" covered="0"/><counter type="LINE" missed="1" covered="0"/><counter type="COMPLEXITY" missed="1" covered="0"/><counter type="METHOD" missed="1" covered="0"/></method><method name="build" desc="()Lorg/w3c/dom/Document;" line="68"><counter type="INSTRUCTION" missed="46" covered="0"/><counter type="LINE" missed="11" covered="0"/><counter type="COMPLEXITY" missed="1" covered="0"/><counter type="METHOD" missed="1" covered="0"/></method><method name="execute" desc="()V" line="96"><counter type="INSTRUCTION" missed="178" covered="0"/><counter type="BRANCH" missed="20" covered="0"/><counter type="LINE" missed="31" covered="0"/><counter type="COMPLEXITY" missed="11" covered="0"/><counter type="METHOD" missed="1" covered="0"/></method><method name="isNotEmpty" desc="(Ljava/lang/String;)Z" line="161"><counter type="INSTRUCTION" missed="9" covered="0"/><counter type="BRANCH" missed="4" covered="0"/><counter type="LINE" missed="1" covered="0"/><counter type="COMPLEXITY" missed="3" covered="0"/><counter type="METHOD" missed="1" covered="0"/></method><method name="getValue" desc="(Lorg/w3c/dom/Node;Ljava/lang/String;)Ljava/lang/String;" line="167"><counter type="INSTRUCTION" missed="5" covered="0"/><counter type="LINE" missed="1" covered="0"/><counter type="COMPLEXITY" missed="1" covered="0"/><counter type="METHOD" missed="1" covered="0"/></method><method name="getSingleChild" desc="(Lorg/w3c/dom/Node;Ljava/lang/String;)Lorg/w3c/dom/Node;" line="173"><counter type="INSTRUCTION" missed="44" covered="0"/><counter type="BRANCH" missed="4" covered="0"/><counter type="LINE" missed="6" covered="0"/><counter type="COMPLEXITY" missed="3" covered="0"/><counter type="METHOD" missed="1" covered="0"/></method><method name="findNamedChild" desc="(Lorg/w3c/dom/Node;Ljava/lang/String;)Ljava/util/List;" line="187"><counter type="INSTRUCTION" missed="30" covered="0"/><counter type="BRANCH" missed="4" covered="0"/><counter type="LINE" missed="7" covered="0"/><counter type="COMPLEXITY" missed="3" covered="0"/><counter type="METHOD" missed="1" covered="0"/></method><method name="findSingleChild" desc="(Lorg/w3c/dom/Node;Ljava/lang/String;)Lorg/w3c/dom/Node;" line="203"><counter type="INSTRUCTION" missed="32" covered="0"/><counter type="BRANCH" missed="4" covered="0"/><counter type="LINE" missed="6" covered="0"/><counter type="COMPLEXITY" missed="3" covered="0"/><counter type="METHOD" missed="1" covered="0"/></method><method name="writeGoal" desc="(Ljava/lang/StringBuilder;Ljava/lang/String;Lorg/w3c/dom/Element;)V" line="218"><counter type="INSTRUCTION" missed="129" covered="0"/><counter type="BRANCH" missed="20" covered="0"/><counter type="LINE" missed="23" covered="0"/><counter type="COMPLEXITY" missed="11" covered="0"/><counter type="METHOD" missed="1" covered="0"/></method><method name="writeParameter" desc="(Ljava/lang/StringBuilder;Lorg/w3c/dom/Node;Lorg/w3c/dom/Node;)V" line="258"><counter type="INSTRUCTION" missed="122" covered="0"/><counter type="BRANCH" missed="16" covered="0"/><counter type="LINE" missed="21" covered="0"/><counter type="COMPLEXITY" missed="9" covered="0"/><counter type="METHOD" missed="1" covered="0"/></method><method name="repeat" desc="(Ljava/lang/String;I)Ljava/lang/String;" line="304"><counter type="INSTRUCTION" missed="22" covered="0"/><counter type="BRANCH" missed="2" covered="0"/><counter type="LINE" missed="4" covered="0"/><counter type="COMPLEXITY" missed="2" covered="0"/><counter type="METHOD" missed="1" covered="0"/></method><method name="append" desc="(Ljava/lang/StringBuilder;Ljava/lang/String;I)V" line="324"><counter type="INSTRUCTION" missed="24" covered="0"/><counter type="BRANCH" missed="2" covered="0"/><counter type="LINE" missed="4" covered="0"/><counter type="COMPLEXITY" missed="2" covered="0"/><counter type="METHOD" missed="1" covered="0"/></method><method name="toLines" desc="(Ljava/lang/String;III)Ljava/util/List;" line="342"><counter type="INSTRUCTION" missed="42" covered="0"/><counter type="BRANCH" missed="2" covered="0"/><counter type="LINE" missed="6" covered="0"/><counter type="COMPLEXITY" missed="2" covered="0"/><counter type="METHOD" missed="1" covered="0"/></method><method name="toLines" desc="(Ljava/util/List;Ljava/lang/String;II)V" line="366"><counter type="INSTRUCTION" missed="104" covered="0"/><counter type="BRANCH" missed="12" covered="0"/><counter type="LINE" missed="19" covered="0"/><counter type="COMPLEXITY" missed="7" covered="0"/><counter type="METHOD" missed="1" covered="0"/></method><method name="getIndentLevel" desc="(Ljava/lang/String;)I" line="415"><counter type="INSTRUCTION" missed="40" covered="0"/><counter type="BRANCH" missed="10" covered="0"/><counter type="LINE" missed="8" covered="0"/><counter type="COMPLEXITY" missed="6" covered="0"/><counter type="METHOD" missed="1" covered="0"/></method><method name="getPropertyFromExpression" desc="(Ljava/lang/String;)Ljava/lang/String;" line="433"><counter type="INSTRUCTION" missed="26" covered="0"/><counter type="BRANCH" missed="8" covered="0"/><counter type="LINE" missed="4" covered="0"/><counter type="COMPLEXITY" missed="5" covered="0"/><counter type="METHOD" missed="1" covered="0"/></method><counter type="INSTRUCTION" missed="856" covered="0"/><counter type="BRANCH" missed="108" covered="0"/><counter type="LINE" missed="153" covered="0"/><counter type="COMPLEXITY" missed="70" covered="0"/><counter type="METHOD" missed="16" covered="0"/><counter type="CLASS" missed="1" covered="0"/></class><class name="com/wakaleo/schemaspy/SchemaSpyReport" sourcefilename="SchemaSpyReport.java"><method name="&lt;init&gt;" desc="()V" line="38"><counter type="INSTRUCTION" missed="0" covered="11"/><counter type="LINE" missed="0" covered="3"/><counter type="COMPLEXITY" missed="0" covered="1"/><counter type="METHOD" missed="0" covered="1"/></method><method name="setSchemaAnalyzer" desc="(Lnet/sourceforge/schemaspy/SchemaAnalyzer;)V" line="325"><counter type="INSTRUCTION" missed="0" covered="4"/><counter type="LINE" missed="0" covered="2"/><counter type="COMPLEXITY" missed="0" covered="1"/><counter type="METHOD" missed="0" covered="1"/></method><method name="addToArguments" desc="(Ljava/util/List;Ljava/lang/String;Ljava/lang/Boolean;)V" line="337"><counter type="INSTRUCTION" missed="16" covered="3"/><counter type="BRANCH" missed="3" covered="1"/><counter type="LINE" missed="1" covered="2"/><counter type="COMPLEXITY" missed="2" covered="1"/><counter type="METHOD" missed="0" covered="1"/></method><method name="addFlagToArguments" desc="(Ljava/util/List;Ljava/lang/String;Ljava/lang/Boolean;)V" line="351"><counter type="INSTRUCTION" missed="0" covered="10"/><counter type="BRANCH" missed="0" covered="4"/><counter type="LINE" missed="0" covered="3"/><counter type="COMPLEXITY" missed="0" covered="3"/><counter type="METHOD" missed="0" covered="1"/></method><method name="addToArguments" desc="(Ljava/util/List;Ljava/lang/String;Ljava/lang/String;)V" line="368"><counter type="INSTRUCTION" missed="0" covered="16"/><counter type="BRANCH" missed="0" covered="2"/><counter type="LINE" missed="0" covered="3"/><counter type="COMPLEXITY" missed="0" covered="2"/><counter type="METHOD" missed="0" covered="1"/></method><method name="executeReport" desc="(Ljava/util/Locale;)V" line="388"><counter type="INSTRUCTION" missed="22" covered="267"/><counter type="BRANCH" missed="2" covered="4"/><counter type="LINE" missed="5" covered="48"/><counter type="COMPLEXITY" missed="2" covered="2"/><counter type="METHOD" missed="0" covered="1"/></method><method name="canGenerateReport" desc="()Z" line="457"><counter type="INSTRUCTION" missed="11" covered="0"/><counter type="BRANCH" missed="4" covered="0"/><counter type="LINE" missed="1" covered="0"/><counter type="COMPLEXITY" missed="3" covered="0"/><counter type="METHOD" missed="1" covered="0"/></method><method name="getOutputDirectory" desc="()Ljava/lang/String;" line="462"><counter type="INSTRUCTION" missed="3" covered="0"/><counter type="LINE" missed="1" covered="0"/><counter type="COMPLEXITY" missed="1" covered="0"/><counter type="METHOD" missed="1" covered="0"/></method><method name="getProject" desc="()Lorg/apache/maven/project/MavenProject;" line="467"><counter type="INSTRUCTION" missed="3" covered="0"/><counter type="LINE" missed="1" covered="0"/><counter type="COMPLEXITY" missed="1" covered="0"/><counter type="METHOD" missed="1" covered="0"/></method><method name="getSiteRenderer" desc="()Lorg/apache/maven/doxia/siterenderer/Renderer;" line="472"><counter type="INSTRUCTION" missed="3" covered="0"/><counter type="LINE" missed="1" covered="0"/><counter type="COMPLEXITY" missed="1" covered="0"/><counter type="METHOD" missed="1" covered="0"/></method><method name="getDescription" desc="(Ljava/util/Locale;)Ljava/lang/String;" line="477"><counter type="INSTRUCTION" missed="2" covered="0"/><counter type="LINE" missed="1" covered="0"/><counter type="COMPLEXITY" missed="1" covered="0"/><counter type="METHOD" missed="1" covered="0"/></method><method name="getName" desc="(Ljava/util/Locale;)Ljava/lang/String;" line="482"><counter type="INSTRUCTION" missed="2" covered="0"/><counter type="LINE" missed="1" covered="0"/><counter type="COMPLEXITY" missed="1" covered="0"/><counter type="METHOD" missed="1" covered="0"/></method><method name="getOutputName" desc="()Ljava/lang/String;" line="487"><counter type="INSTRUCTION" missed="2" covered="0"/><counter type="LINE" missed="1" covered="0"/><counter type="COMPLEXITY" missed="1" covered="0"/><counter type="METHOD" missed="1" covered="0"/></method><method name="isExternalReport" desc="()Z" line="498"><counter type="INSTRUCTION" missed="2" covered="0"/><counter type="LINE" missed="1" covered="0"/><counter type="COMPLEXITY" missed="1" covered="0"/><counter type="METHOD" missed="1" covered="0"/></method><counter type="INSTRUCTION" missed="66" covered="311"/><counter type="BRANCH" missed="9" covered="11"/><counter type="LINE" missed="14" covered="61"/><counter type="COMPLEXITY" missed="14" covered="10"/><counter type="METHOD" missed="8" covered="6"/><counter type="CLASS" missed="0" covered="1"/></class><sourcefile name="SchemaSpyReport.java"><line nr="38" mi="0" ci="2" mb="0" cb="0"/><line nr="315" mi="0" ci="3" mb="0" cb="0"/><line nr="322" mi="0" ci="6" mb="0" cb="0"/><line nr="325" mi="0" ci="3" mb="0" cb="0"/><line nr="326" mi="0" ci="1" mb="0" cb="0"/><line nr="337" mi="3" ci="2" mb="3" cb="1"/><line nr="338" mi="13" ci="0" mb="0" cb="0"/><line nr="340" mi="0" ci="1" mb="0" cb="0"/><line nr="351" mi="0" ci="5" mb="0" cb="4"/><line nr="352" mi="0" ci="4" mb="0" cb="0"/><line nr="354" mi="0" ci="1" mb="0" cb="0"/><line nr="368" mi="0" ci="2" mb="0" cb="2"/><line nr="369" mi="0" ci="13" mb="0" cb="0"/><line nr="371" mi="0" ci="1" mb="0" cb="0"/><line nr="388" mi="0" ci="3" mb="1" cb="1"/><line nr="389" mi="0" ci="6" mb="0" cb="0"/><line nr="392" mi="0" ci="4" mb="0" cb="0"/><line nr="393" mi="0" ci="7" mb="0" cb="0"/><line nr="394" mi="0" ci="3" mb="0" cb="0"/><line nr="395" mi="0" ci="2" mb="0" cb="0"/><line nr="396" mi="0" ci="3" mb="1" cb="1"/><line nr="397" mi="6" ci="0" mb="0" cb="0"/><line nr="398" mi="3" ci="0" mb="0" cb="0"/><line nr="399" mi="5" ci="0" mb="0" cb="0"/><line nr="401" mi="0" ci="10" mb="0" cb="0"/><line nr="402" mi="0" ci="3" mb="0" cb="0"/><line nr="404" mi="0" ci="3" mb="0" cb="0"/><line nr="405" mi="0" ci="4" mb="0" cb="0"/><line nr="410" mi="0" ci="6" mb="0" cb="0"/><line nr="411" mi="0" ci="6" mb="0" cb="0"/><line nr="412" mi="0" ci="6" mb="0" cb="0"/><line nr="413" mi="0" ci="6" mb="0" cb="0"/><line nr="414" mi="0" ci="6" mb="0" cb="0"/><line nr="415" mi="0" ci="6" mb="0" cb="0"/><line nr="416" mi="0" ci="6" mb="0" cb="0"/><line nr="417" mi="0" ci="6" mb="0" cb="0"/><line nr="418" mi="0" ci="5" mb="0" cb="0"/><line nr="419" mi="0" ci="6" mb="0" cb="0"/><line nr="420" mi="0" ci="6" mb="0" cb="0"/><line nr="421" mi="0" ci="6" mb="0" cb="0"/><line nr="422" mi="0" ci="6" mb="0" cb="0"/><line nr="423" mi="0" ci="6" mb="0" cb="0"/><line nr="424" mi="0" ci="6" mb="0" cb="0"/><line nr="425" mi="0" ci="6" mb="0" cb="0"/><line nr="426" mi="0" ci="6" mb="0" cb="0"/><line nr="427" mi="0" ci="6" mb="0" cb="0"/><line nr="428" mi="0" ci="6" mb="0" cb="0"/><line nr="429" mi="0" ci="6" mb="0" cb="0"/><line nr="430" mi="0" ci="6" mb="0" cb="0"/><line nr="432" mi="0" ci="6" mb="0" cb="0"/><line nr="433" mi="0" ci="6" mb="0" cb="0"/><line nr="434" mi="0" ci="6" mb="0" cb="0"/><line nr="435" mi="0" ci="6" mb="0" cb="0"/><line nr="436" mi="0" ci="6" mb="0" cb="0"/><line nr="437" mi="0" ci="6" mb="0" cb="0"/><line nr="438" mi="0" ci="6" mb="0" cb="0"/><line nr="439" mi="0" ci="6" mb="0" cb="0"/><line nr="440" mi="0" ci="6" mb="0" cb="0"/><line nr="443" mi="0" ci="6" mb="0" cb="0"/><line nr="444" mi="0" ci="4" mb="0" cb="0"/><line nr="445" mi="0" ci="16" mb="0" cb="2"/><line nr="446" mi="0" ci="4" mb="0" cb="0"/><line nr="449" mi="0" ci="8" mb="0" cb="0"/><line nr="450" mi="1" ci="0" mb="0" cb="0"/><line nr="451" mi="7" ci="0" mb="0" cb="0"/><line nr="452" mi="0" ci="1" mb="0" cb="0"/><line nr="453" mi="0" ci="1" mb="0" cb="0"/><line nr="457" mi="11" ci="0" mb="4" cb="0"/><line nr="462" mi="3" ci="0" mb="0" cb="0"/><line nr="467" mi="3" ci="0" mb="0" cb="0"/><line nr="472" mi="3" ci="0" mb="0" cb="0"/><line nr="477" mi="2" ci="0" mb="0" cb="0"/><line nr="482" mi="2" ci="0" mb="0" cb="0"/><line nr="487" mi="2" ci="0" mb="0" cb="0"/><line nr="498" mi="2" ci="0" mb="0" cb="0"/><counter type="INSTRUCTION" missed="66" covered="311"/><counter type="BRANCH" missed="9" covered="11"/><counter type="LINE" missed="14" covered="61"/><counter type="COMPLEXITY" missed="14" covered="10"/><counter type="METHOD" missed="8" covered="6"/><counter type="CLASS" missed="0" covered="1"/></sourcefile><sourcefile name="HelpMojo.java"><line nr="28" mi="3" ci="0" mb="0" cb="0"/><line nr="68" mi="4" ci="0" mb="0" cb="0"/><line nr="69" mi="7" ci="0" mb="0" cb="0"/><line nr="71" mi="2" ci="0" mb="0" cb="0"/><line nr="72" mi="3" ci="0" mb="0" cb="0"/><line nr="73" mi="6" ci="0" mb="0" cb="0"/><line nr="75" mi="1" ci="0" mb="0" cb="0"/><line nr="77" mi="7" ci="0" mb="0" cb="0"/><line nr="79" mi="1" ci="0" mb="0" cb="0"/><line nr="81" mi="7" ci="0" mb="0" cb="0"/><line nr="83" mi="1" ci="0" mb="0" cb="0"/><line nr="85" mi="7" ci="0" mb="0" cb="0"/><line nr="96" mi="3" ci="0" mb="2" cb="0"/><line nr="98" mi="4" ci="0" mb="0" cb="0"/><line nr="99" mi="3" ci="0" mb="0" cb="0"/><line nr="101" mi="3" ci="0" mb="2" cb="0"/><line nr="103" mi="4" ci="0" mb="0" cb="0"/><line nr="104" mi="3" ci="0" mb="0" cb="0"/><line nr="107" mi="3" ci="0" mb="0" cb="0"/><line nr="109" mi="4" ci="0" mb="0" cb="0"/><line nr="110" mi="4" ci="0" mb="0" cb="0"/><line nr="113" mi="4" ci="0" mb="0" cb="0"/><line nr="114" mi="4" ci="0" mb="0" cb="0"/><line nr="115" mi="19" ci="0" mb="0" cb="0"/><line nr="116" mi="7" ci="0" mb="4" cb="0"/><line nr="118" mi="15" ci="0" mb="0" cb="0"/><line nr="122" mi="3" ci="0" mb="2" cb="0"/><line nr="124" mi="6" ci="0" mb="0" cb="0"/><line nr="128" mi="5" ci="0" mb="0" cb="0"/><line nr="131" mi="7" ci="0" mb="0" cb="0"/><line nr="132" mi="5" ci="0" mb="0" cb="0"/><line nr="135" mi="4" ci="0" mb="0" cb="0"/><line nr="137" mi="4" ci="0" mb="0" cb="0"/><line nr="139" mi="4" ci="0" mb="0" cb="0"/><line nr="141" mi="7" ci="0" mb="4" cb="0"/><line nr="143" mi="21" ci="0" mb="2" cb="0"/><line nr="144" mi="5" ci="0" mb="0" cb="0"/><line nr="147" mi="10" ci="0" mb="2" cb="0"/><line nr="149" mi="6" ci="0" mb="0" cb="0"/><line nr="150" mi="1" ci="0" mb="0" cb="0"/><line nr="152" mi="4" ci="0" mb="2" cb="0"/><line nr="154" mi="5" ci="0" mb="0" cb="0"/><line nr="156" mi="1" ci="0" mb="0" cb="0"/><line nr="161" mi="9" ci="0" mb="4" cb="0"/><line nr="167" mi="5" ci="0" mb="0" cb="0"/><line nr="173" mi="4" ci="0" mb="0" cb="0"/><line nr="174" mi="3" ci="0" mb="2" cb="0"/><line nr="176" mi="14" ci="0" mb="0" cb="0"/><line nr="178" mi="4" ci="0" mb="2" cb="0"/><line nr="180" mi="14" ci="0" mb="0" cb="0"/><line nr="182" mi="5" ci="0" mb="0" cb="0"/><line nr="187" mi="4" ci="0" mb="0" cb="0"/><line nr="188" mi="3" ci="0" mb="0" cb="0"/><line nr="189" mi="8" ci="0" mb="2" cb="0"/><line nr="191" mi="4" ci="0" mb="0" cb="0"/><line nr="192" mi="5" ci="0" mb="2" cb="0"/><line nr="194" mi="4" ci="0" mb="0" cb="0"/><line nr="197" mi="2" ci="0" mb="0" cb="0"/><line nr="203" mi="4" ci="0" mb="0" cb="0"/><line nr="204" mi="3" ci="0" mb="2" cb="0"/><line nr="206" mi="2" ci="0" mb="0" cb="0"/><line nr="208" mi="4" ci="0" mb="2" cb="0"/><line nr="210" mi="14" ci="0" mb="0" cb="0"/><line nr="212" mi="5" ci="0" mb="0" cb="0"/><line nr="218" mi="4" ci="0" mb="0" cb="0"/><line nr="219" mi="4" ci="0" mb="0" cb="0"/><line nr="220" mi="4" ci="0" mb="0" cb="0"/><line nr="221" mi="12" ci="0" mb="6" cb="0"/><line nr="223" mi="14" ci="0" mb="0" cb="0"/><line nr="224" mi="4" ci="0" mb="0" cb="0"/><line nr="225" mi="6" ci="0" mb="4" cb="0"/><line nr="227" mi="13" ci="0" mb="0" cb="0"/><line nr="228" mi="5" ci="0" mb="4" cb="0"/><line nr="230" mi="5" ci="0" mb="0" cb="0"/><line nr="231" mi="7" ci="0" mb="0" cb="0"/><line nr="234" mi="2" ci="0" mb="2" cb="0"/><line nr="236" mi="6" ci="0" mb="0" cb="0"/><line nr="238" mi="5" ci="0" mb="0" cb="0"/><line nr="240" mi="3" ci="0" mb="2" cb="0"/><line nr="242" mi="4" ci="0" mb="0" cb="0"/><line nr="243" mi="4" ci="0" mb="0" cb="0"/><line nr="244" mi="5" ci="0" mb="0" cb="0"/><line nr="245" mi="5" ci="0" mb="0" cb="0"/><line nr="247" mi="10" ci="0" mb="2" cb="0"/><line nr="249" mi="5" ci="0" mb="0" cb="0"/><line nr="250" mi="1" ci="0" mb="0" cb="0"/><line nr="253" mi="1" ci="0" mb="0" cb="0"/><line nr="258" mi="4" ci="0" mb="0" cb="0"/><line nr="259" mi="4" ci="0" mb="0" cb="0"/><line nr="261" mi="2" ci="0" mb="0" cb="0"/><line nr="262" mi="2" ci="0" mb="2" cb="0"/><line nr="264" mi="5" ci="0" mb="0" cb="0"/><line nr="267" mi="2" ci="0" mb="0" cb="0"/><line nr="268" mi="6" ci="0" mb="4" cb="0"/><line nr="270" mi="13" ci="0" mb="0" cb="0"/><line nr="272" mi="12" ci="0" mb="0" cb="0"/><line nr="273" mi="4" ci="0" mb="0" cb="0"/><line nr="274" mi="6" ci="0" mb="4" cb="0"/><line nr="276" mi="13" ci="0" mb="0" cb="0"/><line nr="277" mi="5" ci="0" mb="0" cb="0"/><line nr="279" mi="5" ci="0" mb="0" cb="0"/><line nr="280" mi="6" ci="0" mb="2" cb="0"/><line nr="282" mi="5" ci="0" mb="0" cb="0"/><line nr="284" mi="6" ci="0" mb="4" cb="0"/><line nr="286" mi="4" ci="0" mb="0" cb="0"/><line nr="287" mi="12" ci="0" mb="0" cb="0"/><line nr="290" mi="5" ci="0" mb="0" cb="0"/><line nr="291" mi="1" ci="0" mb="0" cb="0"/><line nr="304" mi="8" ci="0" mb="0" cb="0"/><line nr="306" mi="7" ci="0" mb="2" cb="0"/><line nr="308" mi="4" ci="0" mb="0" cb="0"/><line nr="311" mi="3" ci="0" mb="0" cb="0"/><line nr="324" mi="16" ci="0" mb="2" cb="0"/><line nr="326" mi="6" ci="0" mb="0" cb="0"/><line nr="327" mi="1" ci="0" mb="0" cb="0"/><line nr="328" mi="1" ci="0" mb="0" cb="0"/><line nr="342" mi="4" ci="0" mb="0" cb="0"/><line nr="344" mi="4" ci="0" mb="0" cb="0"/><line nr="346" mi="4" ci="0" mb="0" cb="0"/><line nr="348" mi="16" ci="0" mb="2" cb="0"/><line nr="350" mi="12" ci="0" mb="0" cb="0"/><line nr="353" mi="2" ci="0" mb="0" cb="0"/><line nr="366" mi="3" ci="0" mb="0" cb="0"/><line nr="367" mi="5" ci="0" mb="0" cb="0"/><line nr="369" mi="4" ci="0" mb="0" cb="0"/><line nr="371" mi="16" ci="0" mb="2" cb="0"/><line nr="373" mi="3" ci="0" mb="2" cb="0"/><line nr="375" mi="7" ci="0" mb="2" cb="0"/><line nr="377" mi="5" ci="0" mb="0" cb="0"/><line nr="378" mi="3" ci="0" mb="0" cb="0"/><line nr="379" mi="9" ci="0" mb="0" cb="0"/><line nr="383" mi="4" ci="0" mb="0" cb="0"/><line nr="387" mi="8" ci="0" mb="2" cb="0"/><line nr="389" mi="4" ci="0" mb="0" cb="0"/><line nr="390" mi="3" ci="0" mb="2" cb="0"/><line nr="392" mi="12" ci="0" mb="0" cb="0"/><line nr="394" mi="3" ci="0" mb="2" cb="0"/><line nr="396" mi="5" ci="0" mb="0" cb="0"/><line nr="400" mi="4" ci="0" mb="0" cb="0"/><line nr="404" mi="5" ci="0" mb="0" cb="0"/><line nr="405" mi="1" ci="0" mb="0" cb="0"/><line nr="415" mi="2" ci="0" mb="0" cb="0"/><line nr="416" mi="13" ci="0" mb="4" cb="0"/><line nr="418" mi="1" ci="0" mb="0" cb="0"/><line nr="420" mi="15" ci="0" mb="4" cb="0"/><line nr="422" mi="5" ci="0" mb="2" cb="0"/><line nr="424" mi="1" ci="0" mb="0" cb="0"/><line nr="425" mi="1" ci="0" mb="0" cb="0"/><line nr="428" mi="2" ci="0" mb="0" cb="0"/><line nr="433" mi="12" ci="0" mb="6" cb="0"/><line nr="434" mi="4" ci="0" mb="2" cb="0"/><line nr="437" mi="8" ci="0" mb="0" cb="0"/><line nr="440" mi="2" ci="0" mb="0" cb="0"/><counter type="INSTRUCTION" missed="856" covered="0"/><counter type="BRANCH" missed="108" covered="0"/><counter type="LINE" missed="153" covered="0"/><counter type="COMPLEXITY" missed="70" covered="0"/><counter type="METHOD" missed="16" covered="0"/><counter type="CLASS" missed="1" covered="0"/></sourcefile><counter type="INSTRUCTION" missed="922" covered="311"/><counter type="BRANCH" missed="117" covered="11"/><counter type="LINE" missed="167" covered="61"/><counter type="COMPLEXITY" missed="84" covered="10"/><counter type="METHOD" missed="24" covered="6"/><counter type="CLASS" missed="1" covered="1"/></package><package name="net/sourceforge/schemaspy/view"><class name="net/sourceforge/schemaspy/view/XmlTableFormatter$1" sourcefilename="XmlTableFormatter.java"><method name="&lt;init&gt;" desc="(Lnet/sourceforge/schemaspy/view/XmlTableFormatter;)V" line="71"><counter type="INSTRUCTION" missed="0" covered="6"/><counter type="LINE" missed="0" covered="1"/><counter type="COMPLEXITY" missed="0" covered="1"/><counter type="METHOD" missed="0" covered="1"/></method><method name="compare" desc="(Lnet/sourceforge/schemaspy/model/Table;Lnet/sourceforge/schemaspy/model/Table;)I" line="73"><counter type="INSTRUCTION" missed="0" covered="6"/><counter type="LINE" missed="0" covered="1"/><counter type="COMPLEXITY" missed="0" covered="1"/><counter type="METHOD" missed="0" covered="1"/></method><counter type="INSTRUCTION" missed="0" covered="12"/><counter type="LINE" missed="0" covered="2"/><counter type="COMPLEXITY" missed="0" covered="2"/><counter type="METHOD" missed="0" covered="2"/><counter type="CLASS" missed="0" covered="1"/></class><class name="net/sourceforge/schemaspy/view/HtmlColumnsPage$ByTypeComparator" sourcefilename="HtmlColumnsPage.java"><method name="&lt;init&gt;" desc="(Lnet/sourceforge/schemaspy/view/HtmlColumnsPage;)V" line="274"><counter type="INSTRUCTION" missed="0" covered="14"/><counter type="LINE" missed="0" covered="2"/><counter type="COMPLEXITY" missed="0" covered="1"/><counter type="METHOD" missed="0" covered="1"/></method><method name="compare" desc="(Lnet/sourceforge/schemaspy/model/TableColumn;Lnet/sourceforge/schemaspy/model/TableColumn;)I" line="278"><counter type="INSTRUCTION" missed="0" covered="16"/><counter type="BRANCH" missed="0" covered="2"/><counter type="LINE" missed="0" covered="4"/><counter type="COMPLEXITY" missed="0" covered="2"/><counter type="METHOD" missed="0" covered="1"/></method><counter type="INSTRUCTION" missed="0" covered="30"/><counter type="BRANCH" missed="0" covered="2"/><counter type="LINE" missed="0" covered="6"/><counter type="COMPLEXITY" missed="0" covered="3"/><counter type="METHOD" missed="0" covered="2"/><counter type="CLASS" missed="0" covered="1"/></class><class name="net/sourceforge/schemaspy/view/HtmlRelationshipsPage" sourcefilename="HtmlRelationshipsPage.java"><method name="getInstance" desc="()Lnet/sourceforge/schemaspy/view/HtmlRelationshipsPage;" line="52"><counter type="INSTRUCTION" missed="0" covered="2"/><counter type="LINE" missed="0" covered="1"/><counter type="COMPLEXITY" missed="0" covered="1"/><counter type="METHOD" missed="0" covered="1"/></method><method name="write" desc="(Lnet/sourceforge/schemaspy/model/Database;Ljava/io/File;Ljava/lang/String;ZZZLjava/util/Set;Lnet/sourceforge/schemaspy/util/LineWriter;)Z" line="56"><counter type="INSTRUCTION" missed="104" covered="196"/><counter type="BRANCH" missed="10" covered="6"/><counter type="LINE" missed="28" covered="30"/><counter type="COMPLEXITY" missed="8" covered="1"/><counter type="METHOD" missed="0" covered="1"/></method><method name="writeHeader" desc="(Lnet/sourceforge/schemaspy/model/Database;Ljava/lang/String;ZZZLnet/sourceforge/schemaspy/util/LineWriter;)V" line="139"><counter type="INSTRUCTION" missed="53" covered="62"/><counter type="BRANCH" missed="11" covered="3"/><counter type="LINE" missed="13" covered="20"/><counter type="COMPLEXITY" missed="7" covered="1"/><counter type="METHOD" missed="0" covered="1"/></method><method name="isRelationshipsPage" desc="()Z" line="183"><counter type="INSTRUCTION" missed="0" covered="2"/><counter type="LINE" missed="0" covered="1"/><counter type="COMPLEXITY" missed="0" covered="1"/><counter type="METHOD" missed="0" covered="1"/></method><method name="&lt;clinit&gt;" desc="()V" line="37"><counter type="INSTRUCTION" missed="0" covered="11"/><counter type="LINE" missed="0" covered="2"/><counter type="COMPLEXITY" missed="0" covered="1"/><counter type="METHOD" missed="0" covered="1"/></method><counter type="INSTRUCTION" missed="157" covered="273"/><counter type="BRANCH" missed="21" covered="9"/><counter type="LINE" missed="41" covered="54"/><counter type="COMPLEXITY" missed="15" covered="5"/><counter type="METHOD" missed="0" covered="5"/><counter type="CLASS" missed="0" covered="1"/></class><class name="net/sourceforge/schemaspy/view/HtmlDiagramFormatter" sourcefilename="HtmlDiagramFormatter.java"><method name="&lt;init&gt;" desc="()V" line="27"><counter type="INSTRUCTION" missed="0" covered="3"/><counter type="LINE" missed="0" covered="2"/><counter type="COMPLEXITY" missed="0" covered="1"/><counter type="METHOD" missed="0" covered="1"/></method><method name="getDot" desc="()Lnet/sourceforge/schemaspy/util/Dot;" line="31"><counter type="INSTRUCTION" missed="68" covered="10"/><counter type="BRANCH" missed="6" covered="2"/><counter type="LINE" missed="16" covered="4"/><counter type="COMPLEXITY" missed="4" covered="1"/><counter type="METHOD" missed="0" covered="1"/></method><method name="&lt;clinit&gt;" desc="()V" line="24"><counter type="INSTRUCTION" missed="0" covered="5"/><counter type="LINE" missed="0" covered="2"/><counter type="COMPLEXITY" missed="0" covered="1"/><counter type="METHOD" missed="0" covered="1"/></method><counter type="INSTRUCTION" missed="68" covered="18"/><counter type="BRANCH" missed="6" covered="2"/><counter type="LINE" missed="16" covered="8"/><counter type="COMPLEXITY" missed="4" covered="3"/><counter type="METHOD" missed="0" covered="3"/><counter type="CLASS" missed="0" covered="1"/></class><class name="net/sourceforge/schemaspy/view/DotNode" sourcefilename="DotNode.java"><method name="&lt;init&gt;" desc="(Lnet/sourceforge/schemaspy/model/Table;Ljava/lang/String;)V" line="49"><counter type="INSTRUCTION" missed="0" covered="10"/><counter type="LINE" missed="0" covered="2"/><counter type="COMPLEXITY" missed="0" covered="1"/><counter type="METHOD" missed="0" covered="1"/></method><method name="&lt;init&gt;" desc="(Lnet/sourceforge/schemaspy/model/Table;Ljava/lang/String;Lnet/sourceforge/schemaspy/view/DotNode$DotNodeConfig;)V" line="35"><counter type="INSTRUCTION" missed="12" covered="35"/><counter type="BRANCH" missed="1" covered="1"/><counter type="LINE" missed="0" covered="8"/><counter type="COMPLEXITY" missed="1" covered="1"/><counter type="METHOD" missed="0" covered="1"/></method><method name="&lt;init&gt;" desc="(Lnet/sourceforge/schemaspy/model/Table;ZLjava/lang/String;)V" line="67"><counter type="INSTRUCTION" missed="0" covered="16"/><counter type="BRANCH" missed="0" covered="2"/><counter type="LINE" missed="0" covered="2"/><counter type="COMPLEXITY" missed="0" covered="2"/><counter type="METHOD" missed="0" covered="1"/></method><method name="setShowImplied" desc="(Z)V" line="71"><counter type="INSTRUCTION" missed="6" covered="0"/><counter type="LINE" missed="2" covered="0"/><counter type="COMPLEXITY" missed="1" covered="0"/><counter type="METHOD" missed="1" covered="0"/></method><method name="getTable" desc="()Lnet/sourceforge/schemaspy/model/Table;" line="75"><counter type="INSTRUCTION" missed="0" covered="3"/><counter type="LINE" missed="0" covered="1"/><counter type="COMPLEXITY" missed="0" covered="1"/><counter type="METHOD" missed="0" covered="1"/></method><method name="excludeColumn" desc="(Lnet/sourceforge/schemaspy/model/TableColumn;)V" line="79"><counter type="INSTRUCTION" missed="6" covered="0"/><counter type="LINE" missed="2" covered="0"/><counter type="COMPLEXITY" missed="1" covered="0"/><counter type="METHOD" missed="1" covered="0"/></method><method name="toString" desc="()Ljava/lang/String;" line="84"><counter type="INSTRUCTION" missed="46" covered="553"/><counter type="BRANCH" missed="13" covered="45"/><counter type="LINE" missed="3" covered="72"/><counter type="COMPLEXITY" missed="12" covered="18"/><counter type="METHOD" missed="0" covered="1"/></method><method name="toNCR" desc="(Ljava/lang/String;)Ljava/lang/String;" line="192"><counter type="INSTRUCTION" missed="15" covered="27"/><counter type="BRANCH" missed="1" covered="3"/><counter type="LINE" missed="3" covered="6"/><counter type="COMPLEXITY" missed="1" covered="2"/><counter type="METHOD" missed="0" covered="1"/></method><method name="&lt;clinit&gt;" desc="()V" line="38"><counter type="INSTRUCTION" missed="0" covered="6"/><counter type="LINE" missed="0" covered="1"/><counter type="COMPLEXITY" missed="0" covered="1"/><counter type="METHOD" missed="0" covered="1"/></method><counter type="INSTRUCTION" missed="85" covered="650"/><counter type="BRANCH" missed="15" covered="51"/><counter type="LINE" missed="10" covered="92"/><counter type="COMPLEXITY" missed="16" covered="26"/><counter type="METHOD" missed="2" covered="7"/><counter type="CLASS" missed="0" covered="1"/></class><class name="net/sourceforge/schemaspy/view/TextFormatter" sourcefilename="TextFormatter.java"><method name="getInstance" desc="()Lnet/sourceforge/schemaspy/view/TextFormatter;" line="36"><counter type="INSTRUCTION" missed="0" covered="2"/><counter type="LINE" missed="0" covered="1"/><counter type="COMPLEXITY" missed="0" covered="1"/><counter type="METHOD" missed="0" covered="1"/></method><method name="write" desc="(Ljava/util/Collection;ZLnet/sourceforge/schemaspy/util/LineWriter;)V" line="40"><counter type="INSTRUCTION" missed="2" covered="19"/><counter type="BRANCH" missed="3" covered="3"/><counter type="LINE" missed="0" covered="5"/><counter type="COMPLEXITY" missed="2" covered="2"/><counter type="METHOD" missed="0" covered="1"/></method><method name="&lt;clinit&gt;" desc="()V" line="27"><counter type="INSTRUCTION" missed="0" covered="5"/><counter type="LINE" missed="0" covered="1"/><counter type="COMPLEXITY" missed="0" covered="1"/><counter type="METHOD" missed="0" covered="1"/></method><counter type="INSTRUCTION" missed="2" covered="26"/><counter type="BRANCH" missed="3" covered="3"/><counter type="LINE" missed="0" covered="7"/><counter type="COMPLEXITY" missed="2" covered="4"/><counter type="METHOD" missed="0" covered="3"/><counter type="CLASS" missed="0" covered="1"/></class><class name="net/sourceforge/schemaspy/view/DefaultSqlFormatter" sourcefilename="DefaultSqlFormatter.java"><method name="&lt;init&gt;" desc="()V" line="38"><counter type="INSTRUCTION" missed="0" covered="3"/><counter type="LINE" missed="0" covered="1"/><counter type="COMPLEXITY" missed="0" covered="1"/><counter type="METHOD" missed="0" covered="1"/></method><method name="format" desc="(Ljava/lang/String;Lnet/sourceforge/schemaspy/model/Database;Ljava/util/Set;)Ljava/lang/String;" line="51"><counter type="INSTRUCTION" missed="114" covered="0"/><counter type="BRANCH" missed="14" covered="0"/><counter type="LINE" missed="25" covered="0"/><counter type="COMPLEXITY" missed="8" covered="0"/><counter type="METHOD" missed="1" covered="0"/></method><method name="getReferencedTables" desc="(Ljava/lang/String;Lnet/sourceforge/schemaspy/model/Database;)Ljava/util/Set;" line="105"><counter type="INSTRUCTION" missed="62" covered="0"/><counter type="BRANCH" missed="10" covered="0"/><counter type="LINE" missed="16" covered="0"/><counter type="COMPLEXITY" missed="6" covered="0"/><counter type="METHOD" missed="1" covered="0"/></method><method name="getTableMap" desc="(Lnet/sourceforge/schemaspy/model/Database;)Ljava/util/Map;" line="142"><counter type="INSTRUCTION" missed="29" covered="0"/><counter type="BRANCH" missed="2" covered="0"/><counter type="LINE" missed="5" covered="0"/><counter type="COMPLEXITY" missed="2" covered="0"/><counter type="METHOD" missed="1" covered="0"/></method><method name="getTableMap" desc="(Ljava/util/Collection;Ljava/lang/String;)Ljava/util/Map;" line="162"><counter type="INSTRUCTION" missed="196" covered="0"/><counter type="BRANCH" missed="4" covered="0"/><counter type="LINE" missed="19" covered="0"/><counter type="COMPLEXITY" missed="3" covered="0"/><counter type="METHOD" missed="1" covered="0"/></method><method name="getKeywords" desc="(Ljava/sql/DatabaseMetaData;)Ljava/util/Set;" line="190"><counter type="INSTRUCTION" missed="983" covered="0"/><counter type="BRANCH" missed="6" covered="0"/><counter type="LINE" missed="16" covered="0"/><counter type="COMPLEXITY" missed="4" covered="0"/><counter type="METHOD" missed="1" covered="0"/></method><method name="&lt;clinit&gt;" desc="()V" line="41"><counter type="INSTRUCTION" missed="0" covered="3"/><counter type="LINE" missed="0" covered="1"/><counter type="COMPLEXITY" missed="0" covered="1"/><counter type="METHOD" missed="0" covered="1"/></method><counter type="INSTRUCTION" missed="1384" covered="6"/><counter type="BRANCH" missed="36" covered="0"/><counter type="LINE" missed="81" covered="2"/><counter type="COMPLEXITY" missed="23" covered="2"/><counter type="METHOD" missed="5" covered="2"/><counter type="CLASS" missed="0" covered="1"/></class><class name="net/sourceforge/schemaspy/view/HtmlColumnsPage$ColumnInfo" sourcefilename="HtmlColumnsPage.java"><method name="&lt;init&gt;" desc="(Lnet/sourceforge/schemaspy/view/HtmlColumnsPage;Ljava/lang/String;Ljava/util/Comparator;)V" line="85"><counter type="INSTRUCTION" missed="0" covered="12"/><counter type="LINE" missed="0" covered="4"/><counter type="COMPLEXITY" missed="0" covered="1"/><counter type="METHOD" missed="0" covered="1"/></method><method name="getColumnName" desc="()Ljava/lang/String;" line="91"><counter type="INSTRUCTION" missed="0" covered="3"/><counter type="LINE" missed="0" covered="1"/><counter type="COMPLEXITY" missed="0" covered="1"/><counter type="METHOD" missed="0" covered="1"/></method><method name="getLocation" desc="()Ljava/lang/String;" line="95"><counter type="INSTRUCTION" missed="0" covered="5"/><counter type="LINE" missed="0" covered="1"/><counter type="COMPLEXITY" missed="0" covered="1"/><counter type="METHOD" missed="0" covered="1"/></method><method name="getLocation" desc="(Ljava/lang/String;)Ljava/lang/String;" line="99"><counter type="INSTRUCTION" missed="0" covered="11"/><counter type="LINE" missed="0" covered="1"/><counter type="COMPLEXITY" missed="0" covered="1"/><counter type="METHOD" missed="0" covered="1"/></method><method name="getComparator" desc="()Ljava/util/Comparator;" line="103"><counter type="INSTRUCTION" missed="0" covered="3"/><counter type="LINE" missed="0" covered="1"/><counter type="COMPLEXITY" missed="0" covered="1"/><counter type="METHOD" missed="0" covered="1"/></method><method name="toString" desc="()Ljava/lang/String;" line="108"><counter type="INSTRUCTION" missed="0" covered="3"/><counter type="LINE" missed="0" covered="1"/><counter type="COMPLEXITY" missed="0" covered="1"/><counter type="METHOD" missed="0" covered="1"/></method><counter type="INSTRUCTION" missed="0" covered="37"/><counter type="LINE" missed="0" covered="9"/><counter type="COMPLEXITY" missed="0" covered="6"/><counter type="METHOD" missed="0" covered="6"/><counter type="CLASS" missed="0" covered="1"/></class><class name="net/sourceforge/schemaspy/view/DotConnectorFinder" sourcefilename="DotConnectorFinder.java"><method name="getInstance" desc="()Lnet/sourceforge/schemaspy/view/DotConnectorFinder;" line="42"><counter type="INSTRUCTION" missed="0" covered="2"/><counter type="LINE" missed="0" covered="1"/><counter type="COMPLEXITY" missed="0" covered="1"/><counter type="METHOD" missed="0" covered="1"/></method><method name="getRelatedConnectors" desc="(Lnet/sourceforge/schemaspy/model/Table;Z)Ljava/util/Set;" line="51"><counter type="INSTRUCTION" missed="0" covered="27"/><counter type="BRANCH" missed="0" covered="2"/><counter type="LINE" missed="0" covered="5"/><counter type="COMPLEXITY" missed="0" covered="2"/><counter type="METHOD" missed="0" covered="1"/></method><method name="getRelatedConnectors" desc="(Lnet/sourceforge/schemaspy/model/Table;Lnet/sourceforge/schemaspy/model/Table;ZZ)Ljava/util/Set;" line="68"><counter type="INSTRUCTION" missed="0" covered="48"/><counter type="BRANCH" missed="0" covered="4"/><counter type="LINE" missed="0" covered="8"/><counter type="COMPLEXITY" missed="0" covered="3"/><counter type="METHOD" missed="0" covered="1"/></method><method name="getRelatedConnectors" desc="(Lnet/sourceforge/schemaspy/model/TableColumn;Lnet/sourceforge/schemaspy/model/Table;ZZ)Ljava/util/Set;" line="87"><counter type="INSTRUCTION" missed="8" covered="99"/><counter type="BRANCH" missed="11" covered="25"/><counter type="LINE" missed="3" covered="21"/><counter type="COMPLEXITY" missed="9" covered="10"/><counter type="METHOD" missed="0" covered="1"/></method><method name="&lt;clinit&gt;" desc="()V" line="33"><counter type="INSTRUCTION" missed="0" covered="5"/><counter type="LINE" missed="0" covered="1"/><counter type="COMPLEXITY" missed="0" covered="1"/><counter type="METHOD" missed="0" covered="1"/></method><counter type="INSTRUCTION" missed="8" covered="181"/><counter type="BRANCH" missed="11" covered="31"/><counter type="LINE" missed="3" covered="36"/><counter type="COMPLEXITY" missed="9" covered="17"/><counter type="METHOD" missed="0" covered="5"/><counter type="CLASS" missed="0" covered="1"/></class><class name="net/sourceforge/schemaspy/view/HtmlOrphansPage" sourcefilename="HtmlOrphansPage.java"><method name="getInstance" desc="()Lnet/sourceforge/schemaspy/view/HtmlOrphansPage;" line="52"><counter type="INSTRUCTION" missed="0" covered="2"/><counter type="LINE" missed="0" covered="1"/><counter type="COMPLEXITY" missed="0" covered="1"/><counter type="METHOD" missed="0" covered="1"/></method><method name="write" desc="(Lnet/sourceforge/schemaspy/model/Database;Ljava/util/List;Ljava/io/File;Lnet/sourceforge/schemaspy/util/LineWriter;)Z" line="56"><counter type="INSTRUCTION" missed="108" covered="52"/><counter type="BRANCH" missed="8" covered="4"/><counter type="LINE" missed="20" covered="12"/><counter type="COMPLEXITY" missed="6" covered="1"/><counter type="METHOD" missed="0" covered="1"/></method><method name="writeHeader" desc="(Lnet/sourceforge/schemaspy/model/Database;Ljava/lang/String;ZLnet/sourceforge/schemaspy/util/LineWriter;)V" line="106"><counter type="INSTRUCTION" missed="12" covered="40"/><counter type="BRANCH" missed="1" covered="1"/><counter type="LINE" missed="4" covered="12"/><counter type="COMPLEXITY" missed="1" covered="1"/><counter type="METHOD" missed="0" covered="1"/></method><method name="isOrphansPage" desc="()Z" line="126"><counter type="INSTRUCTION" missed="0" covered="2"/><counter type="LINE" missed="0" covered="1"/><counter type="COMPLEXITY" missed="0" covered="1"/><counter type="METHOD" missed="0" covered="1"/></method><method name="&lt;clinit&gt;" desc="()V" line="38"><counter type="INSTRUCTION" missed="0" covered="5"/><counter type="LINE" missed="0" covered="1"/><counter type="COMPLEXITY" missed="0" covered="1"/><counter type="METHOD" missed="0" covered="1"/></method><counter type="INSTRUCTION" missed="120" covered="101"/><counter type="BRANCH" missed="9" covered="5"/><counter type="LINE" missed="24" covered="27"/><counter type="COMPLEXITY" missed="7" covered="5"/><counter type="METHOD" missed="0" covered="5"/><counter type="CLASS" missed="0" covered="1"/></class><class name="net/sourceforge/schemaspy/view/StyleSheet$ParseException" sourcefilename="StyleSheet.java"><method name="&lt;init&gt;" desc="(Ljava/lang/Exception;)V" line="275"><counter type="INSTRUCTION" missed="4" covered="0"/><counter type="LINE" missed="2" covered="0"/><counter type="COMPLEXITY" missed="1" covered="0"/><counter type="METHOD" missed="1" covered="0"/></method><method name="&lt;init&gt;" desc="(Ljava/lang/String;)V" line="282"><counter type="INSTRUCTION" missed="4" covered="0"/><counter type="LINE" missed="2" covered="0"/><counter type="COMPLEXITY" missed="1" covered="0"/><counter type="METHOD" missed="1" covered="0"/></method><counter type="INSTRUCTION" missed="8" covered="0"/><counter type="LINE" missed="4" covered="0"/><counter type="COMPLEXITY" missed="2" covered="0"/><counter type="METHOD" missed="2" covered="0"/><counter type="CLASS" missed="1" covered="0"/></class><class name="net/sourceforge/schemaspy/view/HtmlColumnsPage$BySizeComparator" sourcefilename="HtmlColumnsPage.java"><method name="&lt;init&gt;" desc="(Lnet/sourceforge/schemaspy/view/HtmlColumnsPage;)V" line="286"><counter type="INSTRUCTION" missed="0" covered="14"/><counter type="LINE" missed="0" covered="2"/><counter type="COMPLEXITY" missed="0" covered="1"/><counter type="METHOD" missed="0" covered="1"/></method><method name="compare" desc="(Lnet/sourceforge/schemaspy/model/TableColumn;Lnet/sourceforge/schemaspy/model/TableColumn;)I" line="290"><counter type="INSTRUCTION" missed="0" covered="24"/><counter type="BRANCH" missed="0" covered="4"/><counter type="LINE" missed="0" covered="6"/><counter type="COMPLEXITY" missed="0" covered="3"/><counter type="METHOD" missed="0" covered="1"/></method><counter type="INSTRUCTION" missed="0" covered="38"/><counter type="BRANCH" missed="0" covered="4"/><counter type="LINE" missed="0" covered="8"/><counter type="COMPLEXITY" missed="0" covered="4"/><counter type="METHOD" missed="0" covered="2"/><counter type="CLASS" missed="0" covered="1"/></class><class name="net/sourceforge/schemaspy/view/HtmlConstraintsPage" sourcefilename="HtmlConstraintsPage.java"><method name="getInstance" desc="()Lnet/sourceforge/schemaspy/view/HtmlConstraintsPage;" line="58"><counter type="INSTRUCTION" missed="0" covered="2"/><counter type="LINE" missed="0" covered="1"/><counter type="COMPLEXITY" missed="0" covered="1"/><counter type="METHOD" missed="0" covered="1"/></method><method name="write" desc="(Lnet/sourceforge/schemaspy/model/Database;Ljava/util/List;Ljava/util/Collection;ZLnet/sourceforge/schemaspy/util/LineWriter;)V" line="62"><counter type="INSTRUCTION" missed="0" covered="17"/><counter type="LINE" missed="0" covered="5"/><counter type="COMPLEXITY" missed="0" covered="1"/><counter type="METHOD" missed="0" covered="1"/></method><method name="writeHeader" desc="(Lnet/sourceforge/schemaspy/model/Database;ZLnet/sourceforge/schemaspy/util/LineWriter;)V" line="69"><counter type="INSTRUCTION" missed="0" covered="11"/><counter type="LINE" missed="0" covered="3"/><counter type="COMPLEXITY" missed="0" covered="1"/><counter type="METHOD" missed="0" covered="1"/></method><method name="writeFooter" desc="(Lnet/sourceforge/schemaspy/util/LineWriter;)V" line="75"><counter type="INSTRUCTION" missed="0" covered="7"/><counter type="LINE" missed="0" covered="3"/><counter type="COMPLEXITY" missed="0" covered="1"/><counter type="METHOD" missed="0" covered="1"/></method><method name="writeForeignKeyConstraints" desc="(Ljava/util/List;Lnet/sourceforge/schemaspy/util/LineWriter;)V" line="87"><counter type="INSTRUCTION" missed="9" covered="116"/><counter type="BRANCH" missed="2" covered="4"/><counter type="LINE" missed="3" covered="36"/><counter type="COMPLEXITY" missed="2" covered="2"/><counter type="METHOD" missed="0" covered="1"/></method><method name="writeForeignKeyConstraint" desc="(Lnet/sourceforge/schemaspy/model/ForeignKeyConstraint;Lnet/sourceforge/schemaspy/util/LineWriter;)V" line="137"><counter type="INSTRUCTION" missed="6" covered="163"/><counter type="BRANCH" missed="2" covered="10"/><counter type="LINE" missed="2" covered="40"/><counter type="COMPLEXITY" missed="2" covered="5"/><counter type="METHOD" missed="0" covered="1"/></method><method name="writeCheckConstraints" desc="(Ljava/util/Collection;Lnet/sourceforge/schemaspy/util/LineWriter;)V" line="189"><counter type="INSTRUCTION" missed="0" covered="86"/><counter type="BRANCH" missed="1" covered="3"/><counter type="LINE" missed="0" covered="26"/><counter type="COMPLEXITY" missed="1" covered="2"/><counter type="METHOD" missed="0" covered="1"/></method><method name="writeCheckConstraints" desc="(Lnet/sourceforge/schemaspy/model/Table;Lnet/sourceforge/schemaspy/util/LineWriter;)I" line="232"><counter type="INSTRUCTION" missed="54" covered="14"/><counter type="BRANCH" missed="1" covered="1"/><counter type="LINE" missed="15" covered="4"/><counter type="COMPLEXITY" missed="1" covered="1"/><counter type="METHOD" missed="0" covered="1"/></method><method name="isConstraintsPage" desc="()Z" line="256"><counter type="INSTRUCTION" missed="0" covered="2"/><counter type="LINE" missed="0" covered="1"/><counter type="COMPLEXITY" missed="0" covered="1"/><counter type="METHOD" missed="0" covered="1"/></method><method name="&lt;clinit&gt;" desc="()V" line="43"><counter type="INSTRUCTION" missed="0" covered="5"/><counter type="LINE" missed="0" covered="1"/><counter type="COMPLEXITY" missed="0" covered="1"/><counter type="METHOD" missed="0" covered="1"/></method><counter type="INSTRUCTION" missed="69" covered="423"/><counter type="BRANCH" missed="6" covered="18"/><counter type="LINE" missed="20" covered="120"/><counter type="COMPLEXITY" missed="6" covered="16"/><counter type="METHOD" missed="0" covered="10"/><counter type="CLASS" missed="0" covered="1"/></class><class name="net/sourceforge/schemaspy/view/HtmlTableDiagrammer" sourcefilename="HtmlTableDiagrammer.java"><method name="getInstance" desc="()Lnet/sourceforge/schemaspy/view/HtmlTableDiagrammer;" line="34"><counter type="INSTRUCTION" missed="0" covered="2"/><counter type="LINE" missed="0" covered="1"/><counter type="COMPLEXITY" missed="0" covered="1"/><counter type="METHOD" missed="0" covered="1"/></method><method name="write" desc="(Lnet/sourceforge/schemaspy/model/Table;Ljava/io/File;Lnet/sourceforge/schemaspy/util/LineWriter;)Z" line="38"><counter type="INSTRUCTION" missed="44" covered="183"/><counter type="BRANCH" missed="4" covered="4"/><counter type="LINE" missed="12" covered="27"/><counter type="COMPLEXITY" missed="4" covered="1"/><counter type="METHOD" missed="0" covered="1"/></method><method name="&lt;clinit&gt;" desc="()V" line="28"><counter type="INSTRUCTION" missed="0" covered="5"/><counter type="LINE" missed="0" covered="1"/><counter type="COMPLEXITY" missed="0" covered="1"/><counter type="METHOD" missed="0" covered="1"/></method><counter type="INSTRUCTION" missed="44" covered="190"/><counter type="BRANCH" missed="4" covered="4"/><counter type="LINE" missed="12" covered="29"/><counter type="COMPLEXITY" missed="4" covered="3"/><counter type="METHOD" missed="0" covered="3"/><counter type="CLASS" missed="0" covered="1"/></class><class name="net/sourceforge/schemaspy/view/StyleSheet$MissingCssPropertyException" sourcefilename="StyleSheet.java"><method name="&lt;init&gt;" desc="(Ljava/lang/String;Ljava/lang/String;)V" line="261"><counter type="INSTRUCTION" missed="20" covered="0"/><counter type="LINE" missed="2" covered="0"/><counter type="COMPLEXITY" missed="1" covered="0"/><counter type="METHOD" missed="1" covered="0"/></method><counter type="INSTRUCTION" missed="20" covered="0"/><counter type="LINE" missed="2" covered="0"/><counter type="COMPLEXITY" missed="1" covered="0"/><counter type="METHOD" missed="1" covered="0"/><counter type="CLASS" missed="1" covered="0"/></class><class name="net/sourceforge/schemaspy/view/HtmlColumnsPage$ByAutoUpdateComparator" sourcefilename="HtmlColumnsPage.java"><method name="&lt;init&gt;" desc="(Lnet/sourceforge/schemaspy/view/HtmlColumnsPage;)V" line="311"><counter type="INSTRUCTION" missed="0" covered="14"/><counter type="LINE" missed="0" covered="2"/><counter type="COMPLEXITY" missed="0" covered="1"/><counter type="METHOD" missed="0" covered="1"/></method><method name="compare" desc="(Lnet/sourceforge/schemaspy/model/TableColumn;Lnet/sourceforge/schemaspy/model/TableColumn;)I" line="315"><counter type="INSTRUCTION" missed="6" covered="18"/><counter type="BRANCH" missed="4" covered="2"/><counter type="LINE" missed="0" covered="4"/><counter type="COMPLEXITY" missed="3" covered="1"/><counter type="METHOD" missed="0" covered="1"/></method><counter type="INSTRUCTION" missed="6" covered="32"/><counter type="BRANCH" missed="4" covered="2"/><counter type="LINE" missed="0" covered="6"/><counter type="COMPLEXITY" missed="3" covered="2"/><counter type="METHOD" missed="0" covered="2"/><counter type="CLASS" missed="0" covered="1"/></class><class name="net/sourceforge/schemaspy/view/HtmlColumnsPage$ByDefaultValueComparator" sourcefilename="HtmlColumnsPage.java"><method name="&lt;init&gt;" desc="(Lnet/sourceforge/schemaspy/view/HtmlColumnsPage;)V" line="322"><counter type="INSTRUCTION" missed="0" covered="14"/><counter type="LINE" missed="0" covered="2"/><counter type="COMPLEXITY" missed="0" covered="1"/><counter type="METHOD" missed="0" covered="1"/></method><method name="compare" desc="(Lnet/sourceforge/schemaspy/model/TableColumn;Lnet/sourceforge/schemaspy/model/TableColumn;)I" line="326"><counter type="INSTRUCTION" missed="0" covered="18"/><counter type="BRANCH" missed="1" covered="1"/><counter type="LINE" missed="0" covered="4"/><counter type="COMPLEXITY" missed="1" covered="1"/><counter type="METHOD" missed="0" covered="1"/></method><counter type="INSTRUCTION" missed="0" covered="32"/><counter type="BRANCH" missed="1" covered="1"/><counter type="LINE" missed="0" covered="6"/><counter type="COMPLEXITY" missed="1" covered="2"/><counter type="METHOD" missed="0" covered="2"/><counter type="CLASS" missed="0" covered="1"/></class><class name="net/sourceforge/schemaspy/view/DotNode$DotNodeConfig" sourcefilename="DotNode.java"><method name="&lt;init&gt;" desc="()V" line="215"><counter type="INSTRUCTION" missed="0" covered="15"/><counter type="LINE" missed="0" covered="3"/><counter type="COMPLEXITY" missed="0" covered="1"/><counter type="METHOD" missed="0" covered="1"/></method><method name="&lt;init&gt;" desc="(ZZ)V" line="219"><counter type="INSTRUCTION" missed="0" covered="12"/><counter type="LINE" missed="0" covered="5"/><counter type="COMPLEXITY" missed="0" covered="1"/><counter type="METHOD" missed="0" covered="1"/></method><counter type="INSTRUCTION" missed="0" covered="27"/><counter type="LINE" missed="0" covered="8"/><counter type="COMPLEXITY" missed="0" covered="2"/><counter type="METHOD" missed="0" covered="2"/><counter type="CLASS" missed="0" covered="1"/></class><class name="net/sourceforge/schemaspy/view/StyleSheet" sourcefilename="StyleSheet.java"><method name="&lt;init&gt;" desc="(Ljava/io/BufferedReader;)V" line="58"><counter type="INSTRUCTION" missed="0" covered="189"/><counter type="BRANCH" missed="0" covered="26"/><counter type="LINE" missed="0" covered="43"/><counter type="COMPLEXITY" missed="0" covered="14"/><counter type="METHOD" missed="0" covered="1"/></method><method name="getInstance" desc="()Lnet/sourceforge/schemaspy/view/StyleSheet;" line="118"><counter type="INSTRUCTION" missed="6" covered="15"/><counter type="BRANCH" missed="0" covered="2"/><counter type="LINE" missed="2" covered="4"/><counter type="COMPLEXITY" missed="0" covered="2"/><counter type="METHOD" missed="0" covered="1"/></method><method name="getReader" desc="(Ljava/lang/String;)Ljava/io/Reader;" line="144"><counter type="INSTRUCTION" missed="22" covered="30"/><counter type="BRANCH" missed="3" covered="3"/><counter type="LINE" missed="3" covered="7"/><counter type="COMPLEXITY" missed="3" covered="1"/><counter type="METHOD" missed="0" covered="1"/></method><method name="parseAttributes" desc="(Ljava/lang/String;)Ljava/util/Map;" line="159"><counter type="INSTRUCTION" missed="15" covered="39"/><counter type="BRANCH" missed="0" covered="2"/><counter type="LINE" missed="3" covered="10"/><counter type="COMPLEXITY" missed="0" covered="2"/><counter type="METHOD" missed="0" covered="1"/></method><method name="write" desc="(Lnet/sourceforge/schemaspy/util/LineWriter;)V" line="184"><counter type="INSTRUCTION" missed="0" covered="5"/><counter type="LINE" missed="0" covered="2"/><counter type="COMPLEXITY" missed="0" covered="1"/><counter type="METHOD" missed="0" covered="1"/></method><method name="getBodyBackground" desc="()Ljava/lang/String;" line="188"><counter type="INSTRUCTION" missed="6" covered="6"/><counter type="BRANCH" missed="1" covered="1"/><counter type="LINE" missed="1" covered="2"/><counter type="COMPLEXITY" missed="1" covered="1"/><counter type="METHOD" missed="0" covered="1"/></method><method name="getTableBackground" desc="()Ljava/lang/String;" line="195"><counter type="INSTRUCTION" missed="6" covered="6"/><counter type="BRANCH" missed="1" covered="1"/><counter type="LINE" missed="1" covered="2"/><counter type="COMPLEXITY" missed="1" covered="1"/><counter type="METHOD" missed="0" covered="1"/></method><method name="getTableHeadBackground" desc="()Ljava/lang/String;" line="202"><counter type="INSTRUCTION" missed="6" covered="6"/><counter type="BRANCH" missed="1" covered="1"/><counter type="LINE" missed="1" covered="2"/><counter type="COMPLEXITY" missed="1" covered="1"/><counter type="METHOD" missed="0" covered="1"/></method><method name="getPrimaryKeyBackground" desc="()Ljava/lang/String;" line="209"><counter type="INSTRUCTION" missed="6" covered="6"/><counter type="BRANCH" missed="1" covered="1"/><counter type="LINE" missed="1" covered="2"/><counter type="COMPLEXITY" missed="1" covered="1"/><counter type="METHOD" missed="0" covered="1"/></method><method name="getIndexedColumnBackground" desc="()Ljava/lang/String;" line="216"><counter type="INSTRUCTION" missed="6" covered="6"/><counter type="BRANCH" missed="1" covered="1"/><counter type="LINE" missed="1" covered="2"/><counter type="COMPLEXITY" missed="1" covered="1"/><counter type="METHOD" missed="0" covered="1"/></method><method name="getSelectedTableBackground" desc="()Ljava/lang/String;" line="223"><counter type="INSTRUCTION" missed="12" covered="0"/><counter type="BRANCH" missed="2" covered="0"/><counter type="LINE" missed="3" covered="0"/><counter type="COMPLEXITY" missed="2" covered="0"/><counter type="METHOD" missed="1" covered="0"/></method><method name="getExcludedColumnBackgroundColor" desc="()Ljava/lang/String;" line="230"><counter type="INSTRUCTION" missed="12" covered="0"/><counter type="BRANCH" missed="2" covered="0"/><counter type="LINE" missed="3" covered="0"/><counter type="COMPLEXITY" missed="2" covered="0"/><counter type="METHOD" missed="1" covered="0"/></method><method name="getLinkColor" desc="()Ljava/lang/String;" line="237"><counter type="INSTRUCTION" missed="6" covered="6"/><counter type="BRANCH" missed="1" covered="1"/><counter type="LINE" missed="1" covered="2"/><counter type="COMPLEXITY" missed="1" covered="1"/><counter type="METHOD" missed="0" covered="1"/></method><method name="getLinkVisitedColor" desc="()Ljava/lang/String;" line="244"><counter type="INSTRUCTION" missed="12" covered="0"/><counter type="BRANCH" missed="2" covered="0"/><counter type="LINE" missed="3" covered="0"/><counter type="COMPLEXITY" missed="2" covered="0"/><counter type="METHOD" missed="1" covered="0"/></method><counter type="INSTRUCTION" missed="115" covered="314"/><counter type="BRANCH" missed="15" covered="39"/><counter type="LINE" missed="23" covered="78"/><counter type="COMPLEXITY" missed="15" covered="26"/><counter type="METHOD" missed="3" covered="11"/><counter type="CLASS" missed="0" covered="1"/></class><class name="net/sourceforge/schemaspy/view/HtmlColumnsPage$ByTableComparator" sourcefilename="HtmlColumnsPage.java"><method name="&lt;init&gt;" desc="(Lnet/sourceforge/schemaspy/view/HtmlColumnsPage;)V" line="265"><counter type="INSTRUCTION" missed="0" covered="6"/><counter type="LINE" missed="0" covered="1"/><counter type="COMPLEXITY" missed="0" covered="1"/><counter type="METHOD" missed="0" covered="1"/></method><method name="compare" desc="(Lnet/sourceforge/schemaspy/model/TableColumn;Lnet/sourceforge/schemaspy/model/TableColumn;)I" line="267"><counter type="INSTRUCTION" missed="0" covered="16"/><counter type="BRANCH" missed="0" covered="2"/><counter type="LINE" missed="0" covered="4"/><counter type="COMPLEXITY" missed="0" covered="2"/><counter type="METHOD" missed="0" covered="1"/></method><counter type="INSTRUCTION" missed="0" covered="22"/><counter type="BRANCH" missed="0" covered="2"/><counter type="LINE" missed="0" covered="5"/><counter type="COMPLEXITY" missed="0" covered="3"/><counter type="METHOD" missed="0" covered="2"/><counter type="CLASS" missed="0" covered="1"/></class><class name="net/sourceforge/schemaspy/view/HtmlFormatter" sourcefilename="HtmlFormatter.java"><method name="&lt;init&gt;" desc="()V" line="36"><counter type="INSTRUCTION" missed="0" covered="22"/><counter type="LINE" missed="0" covered="6"/><counter type="COMPLEXITY" missed="0" covered="1"/><counter type="METHOD" missed="0" covered="1"/></method><method name="writeHeader" desc="(Lnet/sourceforge/schemaspy/model/Database;Lnet/sourceforge/schemaspy/model/Table;Ljava/lang/String;ZLjava/util/List;Lnet/sourceforge/schemaspy/util/LineWriter;)V" line="45"><counter type="INSTRUCTION" missed="27" covered="226"/><counter type="BRANCH" missed="5" covered="21"/><counter type="LINE" missed="6" covered="44"/><counter type="COMPLEXITY" missed="3" covered="11"/><counter type="METHOD" missed="0" covered="1"/></method><method name="writeHeader" desc="(Lnet/sourceforge/schemaspy/model/Database;Lnet/sourceforge/schemaspy/model/Table;Ljava/lang/String;ZLnet/sourceforge/schemaspy/util/LineWriter;)V" line="105"><counter type="INSTRUCTION" missed="0" covered="9"/><counter type="LINE" missed="0" covered="2"/><counter type="COMPLEXITY" missed="0" covered="1"/><counter type="METHOD" missed="0" covered="1"/></method><method name="writeGeneratedBy" desc="(Ljava/lang/String;Lnet/sourceforge/schemaspy/util/LineWriter;)V" line="109"><counter type="INSTRUCTION" missed="0" covered="13"/><counter type="LINE" missed="0" covered="5"/><counter type="COMPLEXITY" missed="0" covered="1"/><counter type="METHOD" missed="0" covered="1"/></method><method name="writeTableOfContents" desc="(ZLnet/sourceforge/schemaspy/util/LineWriter;)V" line="117"><counter type="INSTRUCTION" missed="13" covered="161"/><counter type="BRANCH" missed="2" covered="14"/><counter type="LINE" missed="1" covered="16"/><counter type="COMPLEXITY" missed="2" covered="7"/><counter type="METHOD" missed="0" covered="1"/></method><method name="getDescription" desc="(Lnet/sourceforge/schemaspy/model/Database;Lnet/sourceforge/schemaspy/model/Table;Ljava/lang/String;Z)Ljava/lang/String;" line="138"><counter type="INSTRUCTION" missed="26" covered="69"/><counter type="BRANCH" missed="6" covered="16"/><counter type="LINE" missed="7" covered="21"/><counter type="COMPLEXITY" missed="4" covered="8"/><counter type="METHOD" missed="0" covered="1"/></method><method name="sourceForgeLogoEnabled" desc="()Z" line="176"><counter type="INSTRUCTION" missed="0" covered="3"/><counter type="LINE" missed="0" covered="1"/><counter type="COMPLEXITY" missed="0" covered="1"/><counter type="METHOD" missed="0" covered="1"/></method><method name="writeLegend" desc="(ZLnet/sourceforge/schemaspy/util/LineWriter;)V" line="180"><counter type="INSTRUCTION" missed="0" covered="6"/><counter type="LINE" missed="0" covered="2"/><counter type="COMPLEXITY" missed="0" covered="1"/><counter type="METHOD" missed="0" covered="1"/></method><method name="writeLegend" desc="(ZZLnet/sourceforge/schemaspy/util/LineWriter;)V" line="184"><counter type="INSTRUCTION" missed="0" covered="67"/><counter type="BRANCH" missed="1" covered="7"/><counter type="LINE" missed="0" covered="24"/><counter type="COMPLEXITY" missed="1" covered="4"/><counter type="METHOD" missed="0" covered="1"/></method><method name="writeFeedMe" desc="(Lnet/sourceforge/schemaspy/util/LineWriter;)V" line="213"><counter type="INSTRUCTION" missed="0" covered="81"/><counter type="BRANCH" missed="1" covered="1"/><counter type="LINE" missed="0" covered="20"/><counter type="COMPLEXITY" missed="1" covered="1"/><counter type="METHOD" missed="0" covered="1"/></method><method name="writeExcludedColumns" desc="(Ljava/util/Set;Lnet/sourceforge/schemaspy/model/Table;Lnet/sourceforge/schemaspy/util/LineWriter;)V" line="241"><counter type="INSTRUCTION" missed="80" covered="19"/><counter type="BRANCH" missed="10" covered="4"/><counter type="LINE" missed="16" covered="6"/><counter type="COMPLEXITY" missed="6" covered="2"/><counter type="METHOD" missed="0" covered="1"/></method><method name="writeInvalidGraphvizInstallation" desc="(Lnet/sourceforge/schemaspy/util/LineWriter;)V" line="271"><counter type="INSTRUCTION" missed="19" covered="0"/><counter type="LINE" missed="3" covered="0"/><counter type="COMPLEXITY" missed="1" covered="0"/><counter type="METHOD" missed="1" covered="0"/></method><method name="writeFooter" desc="(Lnet/sourceforge/schemaspy/util/LineWriter;)V" line="276"><counter type="INSTRUCTION" missed="30" covered="13"/><counter type="BRANCH" missed="1" covered="1"/><counter type="LINE" missed="10" covered="5"/><counter type="COMPLEXITY" missed="1" covered="1"/><counter type="METHOD" missed="0" covered="1"/></method><method name="encodeHref" desc="(Ljava/lang/String;)Ljava/lang/String;" line="301"><counter type="INSTRUCTION" missed="0" covered="5"/><counter type="LINE" missed="0" covered="1"/><counter type="COMPLEXITY" missed="0" covered="1"/><counter type="METHOD" missed="0" covered="1"/></method><method name="getPathToRoot" desc="()Ljava/lang/String;" line="312"><counter type="INSTRUCTION" missed="0" covered="2"/><counter type="LINE" missed="0" covered="1"/><counter type="COMPLEXITY" missed="0" covered="1"/><counter type="METHOD" missed="0" covered="1"/></method><method name="isMainIndex" desc="()Z" line="321"><counter type="INSTRUCTION" missed="0" covered="2"/><counter type="LINE" missed="0" covered="1"/><counter type="COMPLEXITY" missed="0" covered="1"/><counter type="METHOD" missed="0" covered="1"/></method><method name="isRelationshipsPage" desc="()Z" line="330"><counter type="INSTRUCTION" missed="0" covered="2"/><counter type="LINE" missed="0" covered="1"/><counter type="COMPLEXITY" missed="0" covered="1"/><counter type="METHOD" missed="0" covered="1"/></method><method name="isOrphansPage" desc="()Z" line="339"><counter type="INSTRUCTION" missed="2" covered="0"/><counter type="LINE" missed="1" covered="0"/><counter type="COMPLEXITY" missed="1" covered="0"/><counter type="METHOD" missed="1" covered="0"/></method><method name="isConstraintsPage" desc="()Z" line="348"><counter type="INSTRUCTION" missed="0" covered="2"/><counter type="LINE" missed="0" covered="1"/><counter type="COMPLEXITY" missed="0" covered="1"/><counter type="METHOD" missed="0" covered="1"/></method><method name="isAnomaliesPage" desc="()Z" line="357"><counter type="INSTRUCTION" missed="0" covered="2"/><counter type="LINE" missed="0" covered="1"/><counter type="COMPLEXITY" missed="0" covered="1"/><counter type="METHOD" missed="0" covered="1"/></method><method name="isColumnsPage" desc="()Z" line="366"><counter type="INSTRUCTION" missed="0" covered="2"/><counter type="LINE" missed="0" covered="1"/><counter type="COMPLEXITY" missed="0" covered="1"/><counter type="METHOD" missed="0" covered="1"/></method><counter type="INSTRUCTION" missed="197" covered="706"/><counter type="BRANCH" missed="26" covered="64"/><counter type="LINE" missed="44" covered="159"/><counter type="COMPLEXITY" missed="20" covered="46"/><counter type="METHOD" missed="2" covered="19"/><counter type="CLASS" missed="0" covered="1"/></class><class name="net/sourceforge/schemaspy/view/HtmlColumnsPage$ByNullableComparator" sourcefilename="HtmlColumnsPage.java"><method name="&lt;init&gt;" desc="(Lnet/sourceforge/schemaspy/view/HtmlColumnsPage;)V" line="300"><counter type="INSTRUCTION" missed="0" covered="14"/><counter type="LINE" missed="0" covered="2"/><counter type="COMPLEXITY" missed="0" covered="1"/><counter type="METHOD" missed="0" covered="1"/></method><method name="compare" desc="(Lnet/sourceforge/schemaspy/model/TableColumn;Lnet/sourceforge/schemaspy/model/TableColumn;)I" line="304"><counter type="INSTRUCTION" missed="0" covered="24"/><counter type="BRANCH" missed="0" covered="6"/><counter type="LINE" missed="0" covered="4"/><counter type="COMPLEXITY" missed="0" covered="4"/><counter type="METHOD" missed="0" covered="1"/></method><counter type="INSTRUCTION" missed="0" covered="38"/><counter type="BRANCH" missed="0" covered="6"/><counter type="LINE" missed="0" covered="6"/><counter type="COMPLEXITY" missed="0" covered="5"/><counter type="METHOD" missed="0" covered="2"/><counter type="CLASS" missed="0" covered="1"/></class><class name="net/sourceforge/schemaspy/view/HtmlColumnsPage" sourcefilename="HtmlColumnsPage.java"><method name="getInstance" desc="()Lnet/sourceforge/schemaspy/view/HtmlColumnsPage;" line="56"><counter type="INSTRUCTION" missed="0" covered="2"/><counter type="LINE" missed="0" covered="1"/><counter type="COMPLEXITY" missed="0" covered="1"/><counter type="METHOD" missed="0" covered="1"/></method><method name="getColumnInfos" desc="()Ljava/util/List;" line="66"><counter type="INSTRUCTION" missed="0" covered="104"/><counter type="LINE" missed="0" covered="9"/><counter type="COMPLEXITY" missed="0" covered="1"/><counter type="METHOD" missed="0" covered="1"/></method><method name="write" desc="(Lnet/sourceforge/schemaspy/model/Database;Ljava/util/Collection;Lnet/sourceforge/schemaspy/view/HtmlColumnsPage$ColumnInfo;ZLnet/sourceforge/schemaspy/util/LineWriter;)V" line="113"><counter type="INSTRUCTION" missed="0" covered="88"/><counter type="BRANCH" missed="0" covered="6"/><counter type="LINE" missed="0" covered="17"/><counter type="COMPLEXITY" missed="0" covered="4"/><counter type="METHOD" missed="0" covered="1"/></method><method name="writeHeader" desc="(Lnet/sourceforge/schemaspy/model/Database;IZLnet/sourceforge/schemaspy/view/HtmlColumnsPage$ColumnInfo;Lnet/sourceforge/schemaspy/util/LineWriter;)V" line="138"><counter type="INSTRUCTION" missed="9" covered="96"/><counter type="BRANCH" missed="3" covered="3"/><counter type="LINE" missed="2" covered="26"/><counter type="COMPLEXITY" missed="3" covered="1"/><counter type="METHOD" missed="0" covered="1"/></method><method name="writeMainTableHeader" desc="(ZLnet/sourceforge/schemaspy/view/HtmlColumnsPage$ColumnInfo;Lnet/sourceforge/schemaspy/util/LineWriter;)V" line="171"><counter type="INSTRUCTION" missed="13" covered="124"/><counter type="BRANCH" missed="6" covered="12"/><counter type="LINE" missed="2" covered="31"/><counter type="COMPLEXITY" missed="4" covered="6"/><counter type="METHOD" missed="0" covered="1"/></method><method name="getTH" desc="(Lnet/sourceforge/schemaspy/view/HtmlColumnsPage$ColumnInfo;Ljava/lang/String;Ljava/lang/String;Ljava/lang/String;)Ljava/lang/String;" line="209"><counter type="INSTRUCTION" missed="12" covered="81"/><counter type="BRANCH" missed="1" covered="7"/><counter type="LINE" missed="3" covered="20"/><counter type="COMPLEXITY" missed="1" covered="4"/><counter type="METHOD" missed="0" covered="1"/></method><method name="writeFooter" desc="(Lnet/sourceforge/schemaspy/util/LineWriter;)V" line="246"><counter type="INSTRUCTION" missed="0" covered="10"/><counter type="LINE" missed="0" covered="4"/><counter type="COMPLEXITY" missed="0" covered="1"/><counter type="METHOD" missed="0" covered="1"/></method><method name="isColumnsPage" desc="()Z" line="253"><counter type="INSTRUCTION" missed="0" covered="2"/><counter type="LINE" missed="0" covered="1"/><counter type="COMPLEXITY" missed="0" covered="1"/><counter type="METHOD" missed="0" covered="1"/></method><method name="&lt;clinit&gt;" desc="()V" line="42"><counter type="INSTRUCTION" missed="0" covered="5"/><counter type="LINE" missed="0" covered="1"/><counter type="COMPLEXITY" missed="0" covered="1"/><counter type="METHOD" missed="0" covered="1"/></method><counter type="INSTRUCTION" missed="34" covered="512"/><counter type="BRANCH" missed="10" covered="28"/><counter type="LINE" missed="7" covered="110"/><counter type="COMPLEXITY" missed="8" covered="20"/><counter type="METHOD" missed="0" covered="9"/><counter type="CLASS" missed="0" covered="1"/></class><class name="net/sourceforge/schemaspy/view/WriteStats" sourcefilename="WriteStats.java"><method name="&lt;init&gt;" desc="(Ljava/util/Collection;)V" line="35"><counter type="INSTRUCTION" missed="5" covered="34"/><counter type="BRANCH" missed="1" covered="5"/><counter type="LINE" missed="1" covered="8"/><counter type="COMPLEXITY" missed="1" covered="3"/><counter type="METHOD" missed="0" covered="1"/></method><method name="&lt;init&gt;" desc="(Lnet/sourceforge/schemaspy/view/WriteStats;)V" line="47"><counter type="INSTRUCTION" missed="0" covered="7"/><counter type="LINE" missed="0" covered="3"/><counter type="COMPLEXITY" missed="0" covered="1"/><counter type="METHOD" missed="0" covered="1"/></method><method name="wroteTable" desc="(Lnet/sourceforge/schemaspy/model/Table;)V" line="52"><counter type="INSTRUCTION" missed="7" covered="10"/><counter type="BRANCH" missed="1" covered="1"/><counter type="LINE" missed="1" covered="3"/><counter type="COMPLEXITY" missed="1" covered="1"/><counter type="METHOD" missed="0" covered="1"/></method><method name="getNumTablesWritten" desc="()I" line="59"><counter type="INSTRUCTION" missed="0" covered="3"/><counter type="LINE" missed="0" covered="1"/><counter type="COMPLEXITY" missed="0" covered="1"/><counter type="METHOD" missed="0" covered="1"/></method><method name="getNumViewsWritten" desc="()I" line="63"><counter type="INSTRUCTION" missed="0" covered="3"/><counter type="LINE" missed="0" covered="1"/><counter type="COMPLEXITY" missed="0" covered="1"/><counter type="METHOD" missed="0" covered="1"/></method><method name="getExcludedColumns" desc="()Ljava/util/Set;" line="67"><counter type="INSTRUCTION" missed="0" covered="3"/><counter type="LINE" missed="0" covered="1"/><counter type="COMPLEXITY" missed="0" covered="1"/><counter type="METHOD" missed="0" covered="1"/></method><counter type="INSTRUCTION" missed="12" covered="60"/><counter type="BRANCH" missed="2" covered="6"/><counter type="LINE" missed="2" covered="17"/><counter type="COMPLEXITY" missed="2" covered="8"/><counter type="METHOD" missed="0" covered="6"/><counter type="CLASS" missed="0" covered="1"/></class><class name="net/sourceforge/schemaspy/view/HtmlMainIndexPage$1" sourcefilename="HtmlMainIndexPage.java"><method name="&lt;init&gt;" desc="(Lnet/sourceforge/schemaspy/view/HtmlMainIndexPage;)V" line="59"><counter type="INSTRUCTION" missed="0" covered="6"/><counter type="LINE" missed="0" covered="1"/><counter type="COMPLEXITY" missed="0" covered="1"/><counter type="METHOD" missed="0" covered="1"/></method><method name="compare" desc="(Lnet/sourceforge/schemaspy/model/Table;Lnet/sourceforge/schemaspy/model/Table;)I" line="61"><counter type="INSTRUCTION" missed="0" covered="4"/><counter type="LINE" missed="0" covered="1"/><counter type="COMPLEXITY" missed="0" covered="1"/><counter type="METHOD" missed="0" covered="1"/></method><counter type="INSTRUCTION" missed="0" covered="10"/><counter type="LINE" missed="0" covered="2"/><counter type="COMPLEXITY" missed="0" covered="2"/><counter type="METHOD" missed="0" covered="2"/><counter type="CLASS" missed="0" covered="1"/></class><class name="net/sourceforge/schemaspy/view/HtmlMultipleSchemasIndexPage" sourcefilename="HtmlMultipleSchemasIndexPage.java"><method name="getInstance" desc="()Lnet/sourceforge/schemaspy/view/HtmlMultipleSchemasIndexPage;" line="50"><counter type="INSTRUCTION" missed="2" covered="0"/><counter type="LINE" missed="1" covered="0"/><counter type="COMPLEXITY" missed="1" covered="0"/><counter type="METHOD" missed="1" covered="0"/></method><method name="write" desc="(Ljava/lang/String;Ljava/util/List;Ljava/sql/DatabaseMetaData;Lnet/sourceforge/schemaspy/util/LineWriter;)V" line="54"><counter type="INSTRUCTION" missed="32" covered="0"/><counter type="BRANCH" missed="2" covered="0"/><counter type="LINE" missed="6" covered="0"/><counter type="COMPLEXITY" missed="2" covered="0"/><counter type="METHOD" missed="1" covered="0"/></method><method name="writeHeader" desc="(Ljava/lang/String;Ljava/sql/DatabaseMetaData;IZLjava/lang/String;Lnet/sourceforge/schemaspy/util/LineWriter;)V" line="64"><counter type="INSTRUCTION" missed="222" covered="0"/><counter type="BRANCH" missed="14" covered="0"/><counter type="LINE" missed="67" covered="0"/><counter type="COMPLEXITY" missed="8" covered="0"/><counter type="METHOD" missed="1" covered="0"/></method><method name="writeLineItem" desc="(Ljava/lang/String;Lnet/sourceforge/schemaspy/util/LineWriter;)V" line="142"><counter type="INSTRUCTION" missed="24" covered="0"/><counter type="LINE" missed="8" covered="0"/><counter type="COMPLEXITY" missed="1" covered="0"/><counter type="METHOD" missed="1" covered="0"/></method><method name="writeTableOfContents" desc="(Lnet/sourceforge/schemaspy/util/LineWriter;)V" line="153"><counter type="INSTRUCTION" missed="22" covered="0"/><counter type="LINE" missed="8" covered="0"/><counter type="COMPLEXITY" missed="1" covered="0"/><counter type="METHOD" missed="1" covered="0"/></method><method name="getDatabaseProduct" desc="(Ljava/sql/DatabaseMetaData;)Ljava/lang/String;" line="171"><counter type="INSTRUCTION" missed="16" covered="0"/><counter type="LINE" missed="3" covered="0"/><counter type="COMPLEXITY" missed="1" covered="0"/><counter type="METHOD" missed="1" covered="0"/></method><method name="&lt;clinit&gt;" desc="()V" line="36"><counter type="INSTRUCTION" missed="5" covered="0"/><counter type="LINE" missed="1" covered="0"/><counter type="COMPLEXITY" missed="1" covered="0"/><counter type="METHOD" missed="1" covered="0"/></method><counter type="INSTRUCTION" missed="323" covered="0"/><counter type="BRANCH" missed="16" covered="0"/><counter type="LINE" missed="94" covered="0"/><counter type="COMPLEXITY" missed="15" covered="0"/><counter type="METHOD" missed="7" covered="0"/><counter type="CLASS" missed="1" covered="0"/></class><class name="net/sourceforge/schemaspy/view/XmlTableFormatter" sourcefilename="XmlTableFormatter.java"><method name="getInstance" desc="()Lnet/sourceforge/schemaspy/view/XmlTableFormatter;" line="61"><counter type="INSTRUCTION" missed="0" covered="2"/><counter type="LINE" missed="0" covered="1"/><counter type="COMPLEXITY" missed="0" covered="1"/><counter type="METHOD" missed="0" covered="1"/></method><method name="appendTables" desc="(Lorg/w3c/dom/Element;Ljava/util/Collection;)V" line="71"><counter type="INSTRUCTION" missed="0" covered="39"/><counter type="BRANCH" missed="0" covered="2"/><counter type="LINE" missed="0" covered="8"/><counter type="COMPLEXITY" missed="0" covered="2"/><counter type="METHOD" missed="0" covered="1"/></method><method name="appendTable" desc="(Lorg/w3c/dom/Element;Lnet/sourceforge/schemaspy/model/Table;)V" line="92"><counter type="INSTRUCTION" missed="10" covered="74"/><counter type="BRANCH" missed="5" covered="5"/><counter type="LINE" missed="1" covered="17"/><counter type="COMPLEXITY" missed="5" covered="1"/><counter type="METHOD" missed="0" covered="1"/></method><method name="appendColumns" desc="(Lorg/w3c/dom/Element;Lnet/sourceforge/schemaspy/model/Table;)V" line="118"><counter type="INSTRUCTION" missed="0" covered="18"/><counter type="BRANCH" missed="0" covered="2"/><counter type="LINE" missed="0" covered="4"/><counter type="COMPLEXITY" missed="0" covered="2"/><counter type="METHOD" missed="0" covered="1"/></method><method name="appendColumn" desc="(Lorg/w3c/dom/Node;Lnet/sourceforge/schemaspy/model/TableColumn;)Lorg/w3c/dom/Node;" line="131"><counter type="INSTRUCTION" missed="21" covered="168"/><counter type="BRANCH" missed="4" covered="6"/><counter type="LINE" missed="5" covered="33"/><counter type="COMPLEXITY" missed="3" covered="3"/><counter type="METHOD" missed="0" covered="1"/></method><method name="appendPrimaryKeys" desc="(Lorg/w3c/dom/Element;Lnet/sourceforge/schemaspy/model/Table;)V" line="186"><counter type="INSTRUCTION" missed="0" covered="37"/><counter type="BRANCH" missed="0" covered="2"/><counter type="LINE" missed="0" covered="9"/><counter type="COMPLEXITY" missed="0" covered="2"/><counter type="METHOD" missed="0" covered="1"/></method><method name="appendCheckConstraints" desc="(Lorg/w3c/dom/Element;Lnet/sourceforge/schemaspy/model/Table;)V" line="205"><counter type="INSTRUCTION" missed="32" covered="12"/><counter type="BRANCH" missed="4" covered="2"/><counter type="LINE" missed="6" covered="4"/><counter type="COMPLEXITY" missed="3" covered="1"/><counter type="METHOD" missed="0" covered="1"/></method><method name="appendIndexes" desc="(Lorg/w3c/dom/Node;Lnet/sourceforge/schemaspy/model/Table;)V" line="225"><counter type="INSTRUCTION" missed="8" covered="86"/><counter type="BRANCH" missed="4" covered="8"/><counter type="LINE" missed="1" covered="19"/><counter type="COMPLEXITY" missed="4" covered="3"/><counter type="METHOD" missed="0" covered="1"/></method><method name="appendView" desc="(Lorg/w3c/dom/Element;Lnet/sourceforge/schemaspy/model/Table;)V" line="259"><counter type="INSTRUCTION" missed="9" covered="4"/><counter type="BRANCH" missed="3" covered="1"/><counter type="LINE" missed="1" covered="2"/><counter type="COMPLEXITY" missed="2" covered="1"/><counter type="METHOD" missed="0" covered="1"/></method><method name="isBinary" desc="(Ljava/lang/String;)Z" line="272"><counter type="INSTRUCTION" missed="9" covered="0"/><counter type="BRANCH" missed="2" covered="0"/><counter type="LINE" missed="1" covered="0"/><counter type="COMPLEXITY" missed="2" covered="0"/><counter type="METHOD" missed="1" covered="0"/></method><method name="asBinary" desc="(Ljava/lang/String;)Ljava/lang/String;" line="283"><counter type="INSTRUCTION" missed="36" covered="0"/><counter type="BRANCH" missed="2" covered="0"/><counter type="LINE" missed="5" covered="0"/><counter type="COMPLEXITY" missed="2" covered="0"/><counter type="METHOD" missed="1" covered="0"/></method><method name="&lt;clinit&gt;" desc="()V" line="42"><counter type="INSTRUCTION" missed="0" covered="8"/><counter type="LINE" missed="0" covered="3"/><counter type="COMPLEXITY" missed="0" covered="1"/><counter type="METHOD" missed="0" covered="1"/></method><counter type="INSTRUCTION" missed="125" covered="448"/><counter type="BRANCH" missed="24" covered="28"/><counter type="LINE" missed="20" covered="100"/><counter type="COMPLEXITY" missed="21" covered="17"/><counter type="METHOD" missed="2" covered="10"/><counter type="CLASS" missed="0" covered="1"/></class><class name="net/sourceforge/schemaspy/view/DotFormatter" sourcefilename="DotFormatter.java"><method name="&lt;init&gt;" desc="()V" line="48"><counter type="INSTRUCTION" missed="0" covered="7"/><counter type="LINE" missed="0" covered="3"/><counter type="COMPLEXITY" missed="0" covered="1"/><counter type="METHOD" missed="0" covered="1"/></method><method name="getIns
[...]
5" mi="0" ci="5" mb="0" cb="0"/><line nr="996" mi="1" ci="0" mb="0" cb="0"/><line nr="997" mi="6" ci="0" mb="0" cb="0"/><line nr="998" mi="2" ci="0" mb="0" cb="0"/><line nr="999" mi="0" ci="1" mb="0" cb="0"/><line nr="1002" mi="0" ci="3" mb="0" cb="0"/><line nr="1006" mi="4" ci="0" mb="0" cb="0"/><line nr="1007" mi="1" ci="0" mb="0" cb="0"/><line nr="1010" mi="0" ci="3" mb="0" cb="2"/><line nr="1011" mi="0" ci="7" mb="0" cb="0"/><line nr="1012" mi="0" ci="4" mb="0" cb="0"/><line nr="1023" mi="0" ci="3" mb="0" cb="0"/><line nr="1033" mi="3" ci="0" mb="0" cb="0"/><line nr="1034" mi="1" ci="0" mb="0" cb="0"/><line nr="1037" mi="0" ci="3" mb="1" cb="1"/><line nr="1038" mi="0" ci="5" mb="0" cb="0"/><line nr="1040" mi="0" ci="3" mb="0" cb="0"/><line nr="1053" mi="3" ci="0" mb="0" cb="0"/><line nr="1054" mi="1" ci="0" mb="0" cb="0"/><line nr="1061" mi="0" ci="4" mb="0" cb="0"/><line nr="1062" mi="0" ci="2" mb="1" cb="1"/><line nr="1063" mi="3" ci="0" mb="0" cb="0"/><line nr="1065" mi="0" ci="3" mb="0" cb="0"/><line nr="1080" mi="4" ci="0" mb="0" cb="0"/><line nr="1081" mi="8" ci="0" mb="2" cb="0"/><line nr="1082" mi="3" ci="0" mb="0" cb="0"/><line nr="1083" mi="1" ci="0" mb="0" cb="0"/><line nr="1089" mi="0" ci="3" mb="0" cb="2"/><line nr="1090" mi="0" ci="7" mb="0" cb="0"/><line nr="1091" mi="0" ci="4" mb="1" cb="1"/><line nr="1093" mi="5" ci="0" mb="0" cb="0"/><line nr="1097" mi="0" ci="5" mb="0" cb="0"/><line nr="1098" mi="0" ci="4" mb="0" cb="0"/><line nr="1105" mi="0" ci="3" mb="0" cb="2"/><line nr="1106" mi="0" ci="7" mb="0" cb="0"/><line nr="1107" mi="0" ci="4" mb="1" cb="1"/><line nr="1109" mi="9" ci="0" mb="2" cb="0"/><line nr="1113" mi="1" ci="8" mb="1" cb="1"/><line nr="1114" mi="0" ci="4" mb="0" cb="0"/><line nr="1125" mi="4" ci="0" mb="0" cb="0"/><line nr="1126" mi="1" ci="0" mb="0" cb="0"/><line nr="1136" mi="0" ci="3" mb="0" cb="2"/><line nr="1137" mi="1" ci="10" mb="1" cb="1"/><line nr="1140" mi="0" ci="4" mb="0" cb="0"/><line nr="1159" mi="0" ci="2" mb="1" cb="1"/><line nr="1160" mi="0" ci="3" mb="0" cb="0"/><line nr="1161" mi="0" ci="1" mb="0" cb="0"/><line nr="1164" mi="4" ci="0" mb="0" cb="0"/><line nr="1165" mi="5" ci="0" mb="0" cb="0"/><line nr="1166" mi="5" ci="0" mb="0" cb="0"/><line nr="1167" mi="5" ci="0" mb="0" cb="0"/><line nr="1168" mi="5" ci="0" mb="0" cb="0"/><line nr="1169" mi="5" ci="0" mb="0" cb="0"/><line nr="1170" mi="5" ci="0" mb="0" cb="0"/><line nr="1171" mi="5" ci="0" mb="0" cb="0"/><line nr="1173" mi="7" ci="0" mb="0" cb="0"/><line nr="1174" mi="3" ci="0" mb="2" cb="0"/><line nr="1175" mi="12" ci="0" mb="0" cb="0"/><line nr="1176" mi="5" ci="0" mb="0" cb="0"/><line nr="1178" mi="1" ci="0" mb="0" cb="0"/><line nr="1187" mi="0" ci="3" mb="0" cb="2"/><line nr="1188" mi="0" ci="5" mb="0" cb="0"/><line nr="1191" mi="0" ci="3" mb="0" cb="0"/><line nr="1201" mi="0" ci="3" mb="0" cb="0"/><line nr="1205" mi="0" ci="3" mb="0" cb="0"/><line nr="1209" mi="0" ci="3" mb="0" cb="0"/><line nr="1211" mi="0" ci="7" mb="0" cb="0"/><line nr="1212" mi="0" ci="2" mb="0" cb="0"/><line nr="1222" mi="0" ci="5" mb="0" cb="0"/><line nr="1223" mi="0" ci="2" mb="0" cb="0"/><line nr="1228" mi="0" ci="6" mb="0" cb="0"/><line nr="1230" mi="1" ci="0" mb="0" cb="0"/><line nr="1232" mi="6" ci="0" mb="0" cb="0"/><line nr="1233" mi="0" ci="1" mb="0" cb="0"/><line nr="1234" mi="0" ci="3" mb="0" cb="0"/><line nr="1236" mi="1" ci="0" mb="0" cb="0"/><line nr="1239" mi="2" ci="0" mb="0" cb="0"/><line nr="1240" mi="0" ci="1" mb="0" cb="0"/><line nr="1241" mi="0" ci="2" mb="0" cb="0"/><line nr="1251" mi="0" ci="2" mb="0" cb="0"/><line nr="1254" mi="0" ci="5" mb="0" cb="0"/><line nr="1255" mi="8" ci="0" mb="0" cb="0"/><line nr="1256" mi="4" ci="0" mb="0" cb="0"/><line nr="1257" mi="0" ci="1" mb="0" cb="0"/><line nr="1259" mi="0" ci="12" mb="0" cb="0"/><line nr="1260" mi="8" ci="0" mb="0" cb="0"/><line nr="1261" mi="4" ci="0" mb="0" cb="0"/><line nr="1262" mi="0" ci="1" mb="0" cb="0"/><line nr="1264" mi="3" ci="0" mb="0" cb="0"/><line nr="1265" mi="18" ci="0" mb="0" cb="0"/><line nr="1266" mi="0" ci="1" mb="0" cb="0"/><line nr="1268" mi="0" ci="13" mb="0" cb="0"/><line nr="1269" mi="0" ci="5" mb="0" cb="0"/><line nr="1270" mi="0" ci="3" mb="0" cb="0"/><line nr="1271" mi="0" ci="16" mb="0" cb="0"/><line nr="1272" mi="1" ci="0" mb="0" cb="0"/><line nr="1273" mi="2" ci="0" mb="0" cb="0"/><line nr="1274" mi="2" ci="0" mb="0" cb="0"/><line nr="1275" mi="2" ci="0" mb="0" cb="0"/><line nr="1276" mi="0" ci="1" mb="0" cb="0"/><line nr="1277" mi="1" ci="0" mb="0" cb="0"/><line nr="1278" mi="1" ci="0" mb="0" cb="0"/><line nr="1279" mi="1" ci="0" mb="0" cb="0"/><line nr="1281" mi="0" ci="3" mb="0" cb="0"/><line nr="1282" mi="0" ci="2" mb="0" cb="0"/><line nr="1283" mi="0" ci="3" mb="0" cb="0"/><line nr="1287" mi="2" ci="2" mb="0" cb="0"/><line nr="1288" mi="0" ci="12" mb="0" cb="0"/><line nr="1289" mi="0" ci="2" mb="1" cb="1"/><line nr="1290" mi="0" ci="1" mb="0" cb="0"/><line nr="1292" mi="4" ci="0" mb="0" cb="0"/><line nr="1293" mi="3" ci="0" mb="2" cb="0"/><line nr="1294" mi="15" ci="0" mb="0" cb="0"/><line nr="1296" mi="6" ci="0" mb="0" cb="0"/><line nr="1297" mi="7" ci="0" mb="0" cb="0"/><line nr="1300" mi="4" ci="0" mb="0" cb="0"/><line nr="1301" mi="7" ci="0" mb="0" cb="0"/><line nr="1305" mi="0" ci="5" mb="0" cb="0"/><line nr="1306" mi="0" ci="2" mb="1" cb="1"/><line nr="1307" mi="3" ci="0" mb="0" cb="0"/><line nr="1308" mi="4" ci="0" mb="0" cb="0"/><line nr="1311" mi="3" ci="0" mb="0" cb="0"/><line nr="1312" mi="2" ci="0" mb="0" cb="0"/><line nr="1316" mi="0" ci="3" mb="0" cb="0"/><line nr="1318" mi="0" ci="2" mb="0" cb="0"/><line nr="1322" mi="0" ci="3" mb="1" cb="1"/><line nr="1323" mi="5" ci="0" mb="0" cb="0"/><line nr="1324" mi="0" ci="3" mb="0" cb="0"/><line nr="1330" mi="0" ci="2" mb="0" cb="0"/><line nr="1331" mi="1" ci="0" mb="0" cb="0"/><line nr="1332" mi="5" ci="0" mb="0" cb="0"/><line nr="1333" mi="1" ci="0" mb="0" cb="0"/><line nr="1334" mi="5" ci="0" mb="0" cb="0"/><line nr="1335" mi="1" ci="0" mb="0" cb="0"/><line nr="1336" mi="4" ci="0" mb="2" cb="0"/><line nr="1337" mi="4" ci="0" mb="0" cb="0"/><line nr="1338" mi="6" ci="0" mb="0" cb="0"/><line nr="1339" mi="1" ci="0" mb="0" cb="0"/><line nr="1340" mi="5" ci="0" mb="0" cb="0"/><line nr="1341" mi="0" ci="1" mb="0" cb="0"/><line nr="1343" mi="0" ci="3" mb="0" cb="0"/><line nr="1353" mi="3" ci="0" mb="0" cb="0"/><line nr="1354" mi="6" ci="0" mb="0" cb="0"/><line nr="1355" mi="1" ci="0" mb="0" cb="0"/><line nr="1358" mi="0" ci="3" mb="0" cb="2"/><line nr="1359" mi="0" ci="5" mb="0" cb="0"/><line nr="1360" mi="0" ci="3" mb="0" cb="0"/><line nr="1370" mi="0" ci="4" mb="0" cb="0"/><line nr="1371" mi="0" ci="3" mb="0" cb="0"/><line nr="1372" mi="0" ci="3" mb="0" cb="2"/><line nr="1373" mi="0" ci="4" mb="0" cb="0"/><line nr="1374" mi="0" ci="7" mb="0" cb="0"/><line nr="1375" mi="0" ci="1" mb="0" cb="0"/><line nr="1377" mi="0" ci="2" mb="0" cb="0"/><line nr="1388" mi="0" ci="6" mb="0" cb="0"/><line nr="1392" mi="0" ci="6" mb="0" cb="0"/><line nr="1404" mi="0" ci="5" mb="0" cb="0"/><line nr="1405" mi="0" ci="2" mb="0" cb="2"/><line nr="1406" mi="0" ci="2" mb="1" cb="1"/><line nr="1407" mi="6" ci="0" mb="0" cb="0"/><line nr="1408" mi="0" ci="2" mb="0" cb="0"/><line nr="1410" mi="0" ci="5" mb="0" cb="0"/><line nr="1411" mi="0" ci="7" mb="0" cb="0"/><line nr="1412" mi="0" ci="5" mb="0" cb="0"/><line nr="1413" mi="0" ci="2" mb="0" cb="0"/><line nr="1424" mi="5" ci="0" mb="0" cb="0"/><line nr="1425" mi="1" ci="0" mb="0" cb="0"/><line nr="1428" mi="35" ci="0" mb="4" cb="0"/><line nr="1432" mi="3" ci="0" mb="0" cb="0"/><line nr="1433" mi="1" ci="0" mb="0" cb="0"/><line nr="1436" mi="3" ci="0" mb="0" cb="0"/><line nr="1449" mi="0" ci="4" mb="0" cb="0"/><line nr="1451" mi="0" ci="10" mb="0" cb="2"/><line nr="1452" mi="0" ci="4" mb="0" cb="0"/><line nr="1453" mi="0" ci="10" mb="1" cb="3"/><line nr="1454" mi="0" ci="7" mb="0" cb="0"/><line nr="1455" mi="0" ci="9" mb="0" cb="0"/><line nr="1457" mi="0" ci="4" mb="0" cb="0"/><line nr="1459" mi="0" ci="1" mb="0" cb="0"/><line nr="1464" mi="0" ci="4" mb="0" cb="0"/><line nr="1466" mi="0" ci="10" mb="0" cb="2"/><line nr="1467" mi="4" ci="4" mb="3" cb="1"/><line nr="1468" mi="8" ci="0" mb="0" cb="0"/><line nr="1469" mi="0" ci="4" mb="0" cb="0"/><line nr="1470" mi="0" ci="1" mb="0" cb="0"/><line nr="1472" mi="0" ci="2" mb="0" cb="0"/><line nr="1484" mi="0" ci="3" mb="0" cb="2"/><line nr="1485" mi="0" ci="3" mb="0" cb="0"/><line nr="1487" mi="0" ci="3" mb="0" cb="0"/><line nr="1488" mi="0" ci="3" mb="0" cb="0"/><line nr="1489" mi="0" ci="8" mb="0" cb="2"/><line nr="1490" mi="0" ci="5" mb="0" cb="0"/><line nr="1491" mi="0" ci="2" mb="0" cb="2"/><line nr="1492" mi="0" ci="6" mb="0" cb="0"/><line nr="1495" mi="0" ci="3" mb="0" cb="0"/><line nr="1497" mi="0" ci="1" mb="0" cb="0"/><line nr="1500" mi="4" ci="0" mb="0" cb="0"/><line nr="1501" mi="2" ci="0" mb="0" cb="0"/><line nr="1504" mi="8" ci="0" mb="0" cb="0"/><line nr="1507" mi="5" ci="0" mb="2" cb="0"/><line nr="1508" mi="3" ci="0" mb="0" cb="0"/><line nr="1509" mi="4" ci="0" mb="0" cb="0"/><line nr="1510" mi="3" ci="0" mb="2" cb="0"/><line nr="1511" mi="7" ci="0" mb="0" cb="0"/><line nr="1512" mi="1" ci="0" mb="0" cb="0"/><line nr="1513" mi="1" ci="0" mb="0" cb="0"/><line nr="1515" mi="2" ci="0" mb="2" cb="0"/><line nr="1517" mi="2" ci="0" mb="0" cb="0"/><line nr="1518" mi="2" ci="0" mb="0" cb="0"/><line nr="1522" mi="2" ci="0" mb="0" cb="0"/><line nr="1526" mi="2" ci="0" mb="2" cb="0"/><line nr="1527" mi="2" ci="0" mb="0" cb="0"/><line nr="1528" mi="13" ci="0" mb="0" cb="0"/><line nr="1530" mi="3" ci="0" mb="0" cb="0"/><line nr="1533" mi="2" ci="0" mb="0" cb="0"/><line nr="1534" mi="2" ci="0" mb="0" cb="0"/><line nr="1536" mi="2" ci="0" mb="2" cb="0"/><line nr="1537" mi="3" ci="0" mb="0" cb="0"/><line nr="1538" mi="12" ci="0" mb="0" cb="0"/><line nr="1539" mi="3" ci="0" mb="0" cb="0"/><line nr="1540" mi="3" ci="0" mb="0" cb="0"/><line nr="1541" mi="3" ci="0" mb="0" cb="0"/><line nr="1542" mi="3" ci="0" mb="0" cb="0"/><line nr="1543" mi="3" ci="0" mb="0" cb="0"/><line nr="1544" mi="3" ci="0" mb="0" cb="0"/><line nr="1545" mi="3" ci="0" mb="0" cb="0"/><line nr="1546" mi="3" ci="0" mb="0" cb="0"/><line nr="1547" mi="3" ci="0" mb="0" cb="0"/><line nr="1548" mi="3" ci="0" mb="0" cb="0"/><line nr="1549" mi="2" ci="0" mb="0" cb="0"/><line nr="1552" mi="2" ci="0" mb="2" cb="0"/><line nr="1553" mi="3" ci="0" mb="0" cb="0"/><line nr="1554" mi="11" ci="0" mb="2" cb="0"/><line nr="1555" mi="5" ci="0" mb="0" cb="0"/><line nr="1556" mi="1" ci="0" mb="0" cb="0"/><line nr="1557" mi="2" ci="0" mb="0" cb="0"/><line nr="1560" mi="2" ci="0" mb="2" cb="0"/><line nr="1561" mi="3" ci="0" mb="0" cb="0"/><line nr="1562" mi="12" ci="0" mb="0" cb="0"/><line nr="1563" mi="2" ci="0" mb="0" cb="0"/><line nr="1566" mi="3" ci="0" mb="0" cb="0"/><line nr="1567" mi="3" ci="0" mb="0" cb="0"/><line nr="1568" mi="2" ci="0" mb="0" cb="0"/><line nr="1569" mi="2" ci="0" mb="0" cb="0"/><line nr="1570" mi="1" ci="0" mb="0" cb="0"/><line nr="1581" mi="0" ci="3" mb="0" cb="0"/><line nr="1582" mi="0" ci="3" mb="0" cb="0"/><line nr="1583" mi="0" ci="8" mb="1" cb="1"/><line nr="1584" mi="0" ci="4" mb="0" cb="0"/><line nr="1585" mi="0" ci="5" mb="0" cb="2"/><line nr="1586" mi="0" ci="7" mb="0" cb="0"/><line nr="1587" mi="2" ci="5" mb="1" cb="1"/><line nr="1590" mi="1" ci="0" mb="0" cb="0"/><line nr="1591" mi="2" ci="0" mb="0" cb="0"/><line nr="1592" mi="1" ci="0" mb="0" cb="0"/><line nr="1594" mi="2" ci="0" mb="0" cb="0"/><line nr="1605" mi="4" ci="0" mb="0" cb="0"/><line nr="1607" mi="3" ci="0" mb="2" cb="0"/><line nr="1608" mi="12" ci="0" mb="2" cb="0"/><line nr="1609" mi="6" ci="0" mb="0" cb="0"/><line nr="1610" mi="4" ci="0" mb="2" cb="0"/><line nr="1611" mi="9" ci="0" mb="0" cb="0"/><line nr="1612" mi="4" ci="0" mb="0" cb="0"/><line nr="1613" mi="4" ci="0" mb="0" cb="0"/><line nr="1614" mi="1" ci="0" mb="0" cb="0"/><line nr="1616" mi="3" ci="0" mb="2" cb="0"/><line nr="1617" mi="4" ci="0" mb="0" cb="0"/><line nr="1618" mi="3" ci="0" mb="2" cb="0"/><line nr="1619" mi="4" ci="0" mb="0" cb="0"/><line nr="1620" mi="3" ci="0" mb="2" cb="0"/><line nr="1621" mi="4" ci="0" mb="0" cb="0"/><line nr="1622" mi="3" ci="0" mb="2" cb="0"/><line nr="1623" mi="4" ci="0" mb="0" cb="0"/><line nr="1624" mi="3" ci="0" mb="2" cb="0"/><line nr="1625" mi="4" ci="0" mb="0" cb="0"/><line nr="1626" mi="3" ci="0" mb="2" cb="0"/><line nr="1627" mi="4" ci="0" mb="0" cb="0"/><line nr="1628" mi="3" ci="0" mb="2" cb="0"/><line nr="1629" mi="4" ci="0" mb="0" cb="0"/><line nr="1630" mi="3" ci="0" mb="2" cb="0"/><line nr="1631" mi="4" ci="0" mb="0" cb="0"/><line nr="1632" mi="3" ci="0" mb="2" cb="0"/><line nr="1633" mi="4" ci="0" mb="0" cb="0"/><line nr="1634" mi="3" ci="0" mb="2" cb="0"/><line nr="1635" mi="4" ci="0" mb="0" cb="0"/><line nr="1636" mi="3" ci="0" mb="2" cb="0"/><line nr="1637" mi="4" ci="0" mb="0" cb="0"/><line nr="1638" mi="3" ci="0" mb="2" cb="0"/><line nr="1639" mi="4" ci="0" mb="0" cb="0"/><line nr="1640" mi="3" ci="0" mb="2" cb="0"/><line nr="1641" mi="4" ci="0" mb="0" cb="0"/><line nr="1643" mi="3" ci="0" mb="0" cb="0"/><line nr="1644" mi="2" ci="0" mb="2" cb="0"/><line nr="1645" mi="4" ci="0" mb="0" cb="0"/><line nr="1646" mi="4" ci="0" mb="0" cb="0"/><line nr="1648" mi="4" ci="0" mb="0" cb="0"/><line nr="1649" mi="5" ci="0" mb="0" cb="0"/><line nr="1650" mi="4" ci="0" mb="0" cb="0"/><line nr="1651" mi="5" ci="0" mb="0" cb="0"/><line nr="1652" mi="4" ci="0" mb="0" cb="0"/><line nr="1653" mi="5" ci="0" mb="0" cb="0"/><line nr="1654" mi="4" ci="0" mb="0" cb="0"/><line nr="1655" mi="6" ci="0" mb="0" cb="0"/><line nr="1656" mi="4" ci="0" mb="0" cb="0"/><line nr="1657" mi="5" ci="0" mb="0" cb="0"/><line nr="1658" mi="4" ci="0" mb="0" cb="0"/><line nr="1659" mi="5" ci="0" mb="0" cb="0"/><line nr="1660" mi="3" ci="0" mb="0" cb="0"/><line nr="1661" mi="2" ci="0" mb="2" cb="0"/><line nr="1662" mi="4" ci="0" mb="0" cb="0"/><line nr="1663" mi="4" ci="0" mb="0" cb="0"/><line nr="1665" mi="3" ci="0" mb="0" cb="0"/><line nr="1666" mi="2" ci="0" mb="2" cb="0"/><line nr="1667" mi="4" ci="0" mb="0" cb="0"/><line nr="1668" mi="4" ci="0" mb="0" cb="0"/><line nr="1670" mi="3" ci="0" mb="2" cb="0"/><line nr="1671" mi="4" ci="0" mb="0" cb="0"/><line nr="1672" mi="3" ci="0" mb="0" cb="0"/><line nr="1673" mi="2" ci="0" mb="2" cb="0"/><line nr="1674" mi="4" ci="0" mb="0" cb="0"/><line nr="1675" mi="4" ci="0" mb="0" cb="0"/><line nr="1677" mi="3" ci="0" mb="0" cb="0"/><line nr="1678" mi="2" ci="0" mb="2" cb="0"/><line nr="1679" mi="4" ci="0" mb="0" cb="0"/><line nr="1680" mi="4" ci="0" mb="0" cb="0"/><line nr="1682" mi="3" ci="0" mb="0" cb="0"/><line nr="1683" mi="2" ci="0" mb="2" cb="0"/><line nr="1684" mi="4" ci="0" mb="0" cb="0"/><line nr="1685" mi="5" ci="0" mb="0" cb="0"/><line nr="1687" mi="3" ci="0" mb="0" cb="0"/><line nr="1688" mi="3" ci="0" mb="2" cb="0"/><line nr="1689" mi="4" ci="0" mb="0" cb="0"/><line nr="1690" mi="4" ci="0" mb="0" cb="0"/><line nr="1691" mi="11" ci="0" mb="2" cb="0"/><line nr="1692" mi="5" ci="0" mb="0" cb="0"/><line nr="1693" mi="4" ci="0" mb="0" cb="0"/><line nr="1694" mi="5" ci="0" mb="0" cb="0"/><line nr="1695" mi="4" ci="0" mb="0" cb="0"/><line nr="1696" mi="1" ci="0" mb="0" cb="0"/><line nr="1697" mi="5" ci="0" mb="0" cb="0"/><line nr="1700" mi="3" ci="0" mb="0" cb="0"/><line nr="1701" mi="2" ci="0" mb="2" cb="0"/><line nr="1702" mi="4" ci="0" mb="0" cb="0"/><line nr="1703" mi="4" ci="0" mb="0" cb="0"/><line nr="1705" mi="3" ci="0" mb="0" cb="0"/><line nr="1706" mi="2" ci="0" mb="2" cb="0"/><line nr="1707" mi="4" ci="0" mb="0" cb="0"/><line nr="1708" mi="4" ci="0" mb="0" cb="0"/><line nr="1710" mi="3" ci="0" mb="2" cb="0"/><line nr="1711" mi="4" ci="0" mb="0" cb="0"/><line nr="1712" mi="6" ci="0" mb="0" cb="0"/><line nr="1714" mi="3" ci="0" mb="0" cb="0"/><line nr="1715" mi="2" ci="0" mb="2" cb="0"/><line nr="1716" mi="4" ci="0" mb="0" cb="0"/><line nr="1717" mi="4" ci="0" mb="0" cb="0"/><line nr="1719" mi="3" ci="0" mb="0" cb="0"/><line nr="1720" mi="2" ci="0" mb="2" cb="0"/><line nr="1721" mi="4" ci="0" mb="0" cb="0"/><line nr="1722" mi="4" ci="0" mb="0" cb="0"/><line nr="1724" mi="3" ci="0" mb="2" cb="0"/><line nr="1725" mi="4" ci="0" mb="0" cb="0"/><line nr="1726" mi="6" ci="0" mb="0" cb="0"/><line nr="1728" mi="4" ci="0" mb="0" cb="0"/><line nr="1729" mi="7" ci="0" mb="0" cb="0"/><line nr="1730" mi="4" ci="0" mb="0" cb="0"/><line nr="1731" mi="7" ci="0" mb="0" cb="0"/><line nr="1732" mi="4" ci="0" mb="0" cb="0"/><line nr="1733" mi="6" ci="0" mb="0" cb="0"/><line nr="1734" mi="4" ci="0" mb="0" cb="0"/><line nr="1735" mi="6" ci="0" mb="0" cb="0"/><line nr="1736" mi="4" ci="0" mb="0" cb="0"/><line nr="1737" mi="6" ci="0" mb="0" cb="0"/><line nr="1738" mi="4" ci="0" mb="0" cb="0"/><line nr="1739" mi="6" ci="0" mb="0" cb="0"/><line nr="1740" mi="4" ci="0" mb="0" cb="0"/><line nr="1741" mi="6" ci="0" mb="0" cb="0"/><line nr="1742" mi="4" ci="0" mb="0" cb="0"/><line nr="1743" mi="6" ci="0" mb="0" cb="0"/><line nr="1744" mi="4" ci="0" mb="0" cb="0"/><line nr="1745" mi="6" ci="0" mb="0" cb="0"/><line nr="1747" mi="2" ci="0" mb="0" cb="0"/><counter type="INSTRUCTION" missed="1443" covered="1202"/><counter type="BRANCH" missed="169" covered="155"/><counter type="LINE" missed="376" covered="312"/><counter type="COMPLEXITY" missed="162" covered="116"/><counter type="METHOD" missed="48" covered="68"/><counter type="CLASS" missed="1" covered="1"/></sourcefile><sourcefile name="Revision.java"><line nr="32" mi="0" ci="3" mb="0" cb="0"/><line nr="33" mi="0" ci="2" mb="0" cb="0"/><line nr="37" mi="0" ci="1" mb="0" cb="0"/><line nr="38" mi="0" ci="1" mb="0" cb="0"/><line nr="41" mi="0" ci="2" mb="0" cb="0"/><line nr="42" mi="0" ci="2" mb="0" cb="0"/><line nr="45" mi="0" ci="4" mb="0" cb="0"/><line nr="47" mi="0" ci="2" mb="1" cb="1"/><line nr="48" mi="8" ci="0" mb="0" cb="0"/><line nr="50" mi="3" ci="0" mb="0" cb="0"/><line nr="51" mi="1" ci="0" mb="0" cb="0"/><line nr="52" mi="1" ci="0" mb="0" cb="0"/><line nr="56" mi="0" ci="2" mb="1" cb="1"/><line nr="57" mi="3" ci="0" mb="0" cb="0"/><line nr="58" mi="0" ci="2" mb="1" cb="1"/><line nr="59" mi="2" ci="0" mb="0" cb="0"/><line nr="60" mi="1" ci="1" mb="0" cb="0"/><line nr="62" mi="0" ci="1" mb="0" cb="0"/><line nr="66" mi="0" ci="2" mb="0" cb="0"/><line nr="70" mi="6" ci="0" mb="0" cb="0"/><line nr="71" mi="8" ci="0" mb="0" cb="0"/><line nr="72" mi="3" ci="0" mb="0" cb="0"/><line nr="73" mi="3" ci="0" mb="0" cb="0"/><line nr="74" mi="3" ci="0" mb="0" cb="0"/><line nr="75" mi="3" ci="0" mb="0" cb="0"/><line nr="76" mi="2" ci="0" mb="0" cb="0"/><line nr="78" mi="2" ci="0" mb="0" cb="0"/><line nr="79" mi="4" ci="0" mb="2" cb="0"/><line nr="80" mi="4" ci="0" mb="0" cb="0"/><line nr="81" mi="6" ci="0" mb="0" cb="0"/><line nr="82" mi="5" ci="0" mb="0" cb="0"/><line nr="83" mi="3" ci="0" mb="0" cb="0"/><line nr="84" mi="2" ci="0" mb="0" cb="0"/><line nr="86" mi="1" ci="0" mb="0" cb="0"/><line nr="87" mi="12" ci="0" mb="0" cb="0"/><line nr="88" mi="1" ci="0" mb="0" cb="0"/><counter type="INSTRUCTION" missed="87" covered="25"/><counter type="BRANCH" missed="5" covered="3"/><counter type="LINE" missed="23" covered="13"/><counter type="COMPLEXITY" missed="5" covered="4"/><counter type="METHOD" missed="1" covered="4"/><counter type="CLASS" missed="0" covered="1"/></sourcefile><counter type="INSTRUCTION" missed="3338" covered="2997"/><counter type="BRANCH" missed="388" covered="298"/><counter type="LINE" missed="758" covered="696"/><counter type="COMPLEXITY" missed="329" covered="182"/><counter type="METHOD" missed="70" covered="98"/><counter type="CLASS" missed="5" covered="9"/></package><counter type="INSTRUCTION" missed="14184" covered="14458"/><counter type="BRANCH" missed="1534" covered="1139"/><counter type="LINE" missed="2966" covered="3246"/><counter type="COMPLEXITY" missed="1329" covered="822"/><counter type="METHOD" missed="312" covered="498"/><counter type="CLASS" missed="43" covered="68"/></report>